This file contains any messages produced by compilers while
running configure, to aid debugging if configure makes a mistake.

It was created by RWTalercore configure 1.2.0, which was
generated by GNU Autoconf 2.69.  Invocation command line was

  $ ./configure --disable-shared --with-bignum=no --enable-module-recovery --enable-module-ecdh --enable-experimental --disable-jni --no-create --no-recursion

## --------- ##
## Platform. ##
## --------- ##

hostname = vmd39776.contaboserver.net
uname -m = x86_64
uname -r = 4.15.0-72-generic
uname -s = Linux
uname -v = #81~16.04.1-Ubuntu SMP Tue Nov 26 16:34:21 UTC 2019

/usr/bin/uname -p = unknown
/bin/uname -X     = unknown

/bin/arch              = unknown
/usr/bin/arch -k       = unknown
/usr/convex/getsysinfo = unknown
/usr/bin/hostinfo      = unknown
/bin/machine           = unknown
/usr/bin/oslevel       = unknown
/bin/universe          = unknown

PATH: /home/miner/bin
PATH: /home/miner/.local/bin
PATH: /usr/local/sbin
PATH: /usr/local/bin
PATH: /usr/sbin
PATH: /usr/bin
PATH: /sbin
PATH: /bin
PATH: /usr/games
PATH: /usr/local/games
PATH: /snap/bin


## ----------- ##
## Core tests. ##
## ----------- ##

configure:3086: checking build system type
configure:3100: result: x86_64-pc-linux-gnu
configure:3120: checking host system type
configure:3133: result: x86_64-pc-linux-gnu
configure:3189: checking for a BSD-compatible install
configure:3257: result: /usr/bin/install -c
configure:3268: checking whether build environment is sane
configure:3323: result: yes
configure:3474: checking for a thread-safe mkdir -p
configure:3513: result: /bin/mkdir -p
configure:3520: checking for gawk
configure:3536: found /usr/bin/gawk
configure:3547: result: gawk
configure:3558: checking whether make sets $(MAKE)
configure:3580: result: yes
configure:3609: checking whether make supports nested variables
configure:3626: result: yes
configure:3745: checking whether to enable maintainer-specific portions of Makefiles
configure:3754: result: yes
configure:3779: checking whether make supports nested variables
configure:3796: result: yes
configure:3871: checking for g++
configure:3887: found /usr/bin/g++
configure:3898: result: g++
configure:3925: checking for C++ compiler version
configure:3934: g++ --version >&5
g++ (Ubuntu 5.4.0-6ubuntu1~16.04.12) 5.4.0 20160609
Copyright (C) 2015 Free Software Foundation, Inc.
This is free software; see the source for copying conditions.  There is NO
warranty; not even for MERCHANTABILITY or FITNESS FOR A PARTICULAR PURPOSE.

configure:3945: $? = 0
configure:3934: g++ -v >&5
Using built-in specs.
COLLECT_GCC=g++
COLLECT_LTO_WRAPPER=/usr/lib/gcc/x86_64-linux-gnu/5/lto-wrapper
Target: x86_64-linux-gnu
Configured with: ../src/configure -v --with-pkgversion='Ubuntu 5.4.0-6ubuntu1~16.04.12' --with-bugurl=file:///usr/share/doc/gcc-5/README.Bugs --enable-languages=c,ada,c++,java,go,d,fortran,objc,obj-c++ --prefix=/usr --program-suffix=-5 --enable-shared --enable-linker-build-id --libexecdir=/usr/lib --without-included-gettext --enable-threads=posix --libdir=/usr/lib --enable-nls --with-sysroot=/ --enable-clocale=gnu --enable-libstdcxx-debug --enable-libstdcxx-time=yes --with-default-libstdcxx-abi=new --enable-gnu-unique-object --disable-vtable-verify --enable-libmpx --enable-plugin --with-system-zlib --disable-browser-plugin --enable-java-awt=gtk --enable-gtk-cairo --with-java-home=/usr/lib/jvm/java-1.5.0-gcj-5-amd64/jre --enable-java-home --with-jvm-root-dir=/usr/lib/jvm/java-1.5.0-gcj-5-amd64 --with-jvm-jar-dir=/usr/lib/jvm-exports/java-1.5.0-gcj-5-amd64 --with-arch-directory=amd64 --with-ecj-jar=/usr/share/java/eclipse-ecj.jar --enable-objc-gc --enable-multiarch --disable-werror --with-arch-32=i686 --with-abi=m64 --with-multilib-list=m32,m64,mx32 --enable-multilib --with-tune=generic --enable-checking=release --build=x86_64-linux-gnu --host=x86_64-linux-gnu --target=x86_64-linux-gnu
Thread model: posix
gcc version 5.4.0 20160609 (Ubuntu 5.4.0-6ubuntu1~16.04.12) 
configure:3945: $? = 0
configure:3934: g++ -V >&5
g++: error: unrecognized command line option '-V'
g++: fatal error: no input files
compilation terminated.
configure:3945: $? = 1
configure:3934: g++ -qversion >&5
g++: error: unrecognized command line option '-qversion'
g++: fatal error: no input files
compilation terminated.
configure:3945: $? = 1
configure:3965: checking whether the C++ compiler works
configure:3987: g++    conftest.cpp  >&5
configure:3991: $? = 0
configure:4039: result: yes
configure:4042: checking for C++ compiler default output file name
configure:4044: result: a.out
configure:4050: checking for suffix of executables
configure:4057: g++ -o conftest    conftest.cpp  >&5
configure:4061: $? = 0
configure:4083: result: 
configure:4105: checking whether we are cross compiling
configure:4113: g++ -o conftest    conftest.cpp  >&5
configure:4117: $? = 0
configure:4124: ./conftest
configure:4128: $? = 0
configure:4143: result: no
configure:4148: checking for suffix of object files
configure:4170: g++ -c   conftest.cpp >&5
configure:4174: $? = 0
configure:4195: result: o
configure:4199: checking whether we are using the GNU C++ compiler
configure:4218: g++ -c   conftest.cpp >&5
configure:4218: $? = 0
configure:4227: result: yes
configure:4236: checking whether g++ accepts -g
configure:4256: g++ -c -g  conftest.cpp >&5
configure:4256: $? = 0
configure:4297: result: yes
configure:4331: checking for style of include used by make
configure:4359: result: GNU
configure:4385: checking dependency style of g++
configure:4496: result: gcc3
configure:4534: checking whether g++ supports C++11 features with -std=c++11
configure:4830: g++ -std=c++11 -c -g -O2  conftest.cpp >&5
configure:4830: $? = 0
configure:4839: result: yes
configure:4883: checking whether std::atomic can be used without link library
configure:4901: g++ -std=c++11 -o conftest -g -O2   conftest.cpp  >&5
configure:4901: $? = 0
configure:4903: result: yes
configure:5068: checking for Objective C++ compiler version
configure:5077: g++ -std=c++11 --version >&5
g++ (Ubuntu 5.4.0-6ubuntu1~16.04.12) 5.4.0 20160609
Copyright (C) 2015 Free Software Foundation, Inc.
This is free software; see the source for copying conditions.  There is NO
warranty; not even for MERCHANTABILITY or FITNESS FOR A PARTICULAR PURPOSE.

configure:5088: $? = 0
configure:5077: g++ -std=c++11 -v >&5
Using built-in specs.
COLLECT_GCC=g++
COLLECT_LTO_WRAPPER=/usr/lib/gcc/x86_64-linux-gnu/5/lto-wrapper
Target: x86_64-linux-gnu
Configured with: ../src/configure -v --with-pkgversion='Ubuntu 5.4.0-6ubuntu1~16.04.12' --with-bugurl=file:///usr/share/doc/gcc-5/README.Bugs --enable-languages=c,ada,c++,java,go,d,fortran,objc,obj-c++ --prefix=/usr --program-suffix=-5 --enable-shared --enable-linker-build-id --libexecdir=/usr/lib --without-included-gettext --enable-threads=posix --libdir=/usr/lib --enable-nls --with-sysroot=/ --enable-clocale=gnu --enable-libstdcxx-debug --enable-libstdcxx-time=yes --with-default-libstdcxx-abi=new --enable-gnu-unique-object --disable-vtable-verify --enable-libmpx --enable-plugin --with-system-zlib --disable-browser-plugin --enable-java-awt=gtk --enable-gtk-cairo --with-java-home=/usr/lib/jvm/java-1.5.0-gcj-5-amd64/jre --enable-java-home --with-jvm-root-dir=/usr/lib/jvm/java-1.5.0-gcj-5-amd64 --with-jvm-jar-dir=/usr/lib/jvm-exports/java-1.5.0-gcj-5-amd64 --with-arch-directory=amd64 --with-ecj-jar=/usr/share/java/eclipse-ecj.jar --enable-objc-gc --enable-multiarch --disable-werror --with-arch-32=i686 --with-abi=m64 --with-multilib-list=m32,m64,mx32 --enable-multilib --with-tune=generic --enable-checking=release --build=x86_64-linux-gnu --host=x86_64-linux-gnu --target=x86_64-linux-gnu
Thread model: posix
gcc version 5.4.0 20160609 (Ubuntu 5.4.0-6ubuntu1~16.04.12) 
configure:5088: $? = 0
configure:5077: g++ -std=c++11 -V >&5
g++: error: unrecognized command line option '-V'
g++: fatal error: no input files
compilation terminated.
configure:5088: $? = 1
configure:5077: g++ -std=c++11 -qversion >&5
g++: error: unrecognized command line option '-qversion'
g++: fatal error: no input files
compilation terminated.
configure:5088: $? = 1
configure:5092: checking whether we are using the GNU Objective C++ compiler
configure:5111: g++ -std=c++11 -c   conftest.mm >&5
g++: error trying to exec 'cc1objplus': execvp: No such file or directory
configure:5111: $? = 1
configure: failed program was:
| /* confdefs.h */
| #define PACKAGE_NAME "RWTalercore"
| #define PACKAGE_TARNAME "rwtaler"
| #define PACKAGE_VERSION "1.2.0"
| #define PACKAGE_STRING "RWTalercore 1.2.0"
| #define PACKAGE_BUGREPORT "https://github.com/rwtaler-core/rwtaler/issues"
| #define PACKAGE_URL "https://spidervps.net/"
| #define HAVE_CXX11 1
| /* end confdefs.h.  */
| 
| int
| main ()
| {
| #ifndef __GNUC__
|        choke me
| #endif
| 
|   ;
|   return 0;
| }
configure:5120: result: no
configure:5129: checking whether g++ -std=c++11 accepts -g
configure:5149: g++ -std=c++11 -c -g  conftest.mm >&5
g++: error trying to exec 'cc1objplus': execvp: No such file or directory
configure:5149: $? = 1
configure: failed program was:
| /* confdefs.h */
| #define PACKAGE_NAME "RWTalercore"
| #define PACKAGE_TARNAME "rwtaler"
| #define PACKAGE_VERSION "1.2.0"
| #define PACKAGE_STRING "RWTalercore 1.2.0"
| #define PACKAGE_BUGREPORT "https://github.com/rwtaler-core/rwtaler/issues"
| #define PACKAGE_URL "https://spidervps.net/"
| #define HAVE_CXX11 1
| /* end confdefs.h.  */
| 
| int
| main ()
| {
| 
|   ;
|   return 0;
| }
configure:5164: g++ -std=c++11 -c   conftest.mm >&5
g++: error trying to exec 'cc1objplus': execvp: No such file or directory
configure:5164: $? = 1
configure: failed program was:
| /* confdefs.h */
| #define PACKAGE_NAME "RWTalercore"
| #define PACKAGE_TARNAME "rwtaler"
| #define PACKAGE_VERSION "1.2.0"
| #define PACKAGE_STRING "RWTalercore 1.2.0"
| #define PACKAGE_BUGREPORT "https://github.com/rwtaler-core/rwtaler/issues"
| #define PACKAGE_URL "https://spidervps.net/"
| #define HAVE_CXX11 1
| /* end confdefs.h.  */
| 
| int
| main ()
| {
| 
|   ;
|   return 0;
| }
configure:5180: g++ -std=c++11 -c -g  conftest.mm >&5
g++: error trying to exec 'cc1objplus': execvp: No such file or directory
configure:5180: $? = 1
configure: failed program was:
| /* confdefs.h */
| #define PACKAGE_NAME "RWTalercore"
| #define PACKAGE_TARNAME "rwtaler"
| #define PACKAGE_VERSION "1.2.0"
| #define PACKAGE_STRING "RWTalercore 1.2.0"
| #define PACKAGE_BUGREPORT "https://github.com/rwtaler-core/rwtaler/issues"
| #define PACKAGE_URL "https://spidervps.net/"
| #define HAVE_CXX11 1
| /* end confdefs.h.  */
| 
| int
| main ()
| {
| 
|   ;
|   return 0;
| }
configure:5190: result: no
configure:5215: checking dependency style of g++ -std=c++11
configure:5324: result: gcc3
configure:5387: checking how to print strings
configure:5414: result: printf
configure:5483: checking for gcc
configure:5499: found /usr/bin/gcc
configure:5510: result: gcc
configure:5739: checking for C compiler version
configure:5748: gcc --version >&5
gcc (Ubuntu 5.4.0-6ubuntu1~16.04.12) 5.4.0 20160609
Copyright (C) 2015 Free Software Foundation, Inc.
This is free software; see the source for copying conditions.  There is NO
warranty; not even for MERCHANTABILITY or FITNESS FOR A PARTICULAR PURPOSE.

configure:5759: $? = 0
configure:5748: gcc -v >&5
Using built-in specs.
COLLECT_GCC=gcc
COLLECT_LTO_WRAPPER=/usr/lib/gcc/x86_64-linux-gnu/5/lto-wrapper
Target: x86_64-linux-gnu
Configured with: ../src/configure -v --with-pkgversion='Ubuntu 5.4.0-6ubuntu1~16.04.12' --with-bugurl=file:///usr/share/doc/gcc-5/README.Bugs --enable-languages=c,ada,c++,java,go,d,fortran,objc,obj-c++ --prefix=/usr --program-suffix=-5 --enable-shared --enable-linker-build-id --libexecdir=/usr/lib --without-included-gettext --enable-threads=posix --libdir=/usr/lib --enable-nls --with-sysroot=/ --enable-clocale=gnu --enable-libstdcxx-debug --enable-libstdcxx-time=yes --with-default-libstdcxx-abi=new --enable-gnu-unique-object --disable-vtable-verify --enable-libmpx --enable-plugin --with-system-zlib --disable-browser-plugin --enable-java-awt=gtk --enable-gtk-cairo --with-java-home=/usr/lib/jvm/java-1.5.0-gcj-5-amd64/jre --enable-java-home --with-jvm-root-dir=/usr/lib/jvm/java-1.5.0-gcj-5-amd64 --with-jvm-jar-dir=/usr/lib/jvm-exports/java-1.5.0-gcj-5-amd64 --with-arch-directory=amd64 --with-ecj-jar=/usr/share/java/eclipse-ecj.jar --enable-objc-gc --enable-multiarch --disable-werror --with-arch-32=i686 --with-abi=m64 --with-multilib-list=m32,m64,mx32 --enable-multilib --with-tune=generic --enable-checking=release --build=x86_64-linux-gnu --host=x86_64-linux-gnu --target=x86_64-linux-gnu
Thread model: posix
gcc version 5.4.0 20160609 (Ubuntu 5.4.0-6ubuntu1~16.04.12) 
configure:5759: $? = 0
configure:5748: gcc -V >&5
gcc: error: unrecognized command line option '-V'
gcc: fatal error: no input files
compilation terminated.
configure:5759: $? = 1
configure:5748: gcc -qversion >&5
gcc: error: unrecognized command line option '-qversion'
gcc: fatal error: no input files
compilation terminated.
configure:5759: $? = 1
configure:5763: checking whether we are using the GNU C compiler
configure:5782: gcc -c   conftest.c >&5
configure:5782: $? = 0
configure:5791: result: yes
configure:5800: checking whether gcc accepts -g
configure:5820: gcc -c -g  conftest.c >&5
configure:5820: $? = 0
configure:5861: result: yes
configure:5878: checking for gcc option to accept ISO C89
configure:5941: gcc  -c -g -O2  conftest.c >&5
configure:5941: $? = 0
configure:5954: result: none needed
configure:5979: checking whether gcc understands -c and -o together
configure:6001: gcc -c conftest.c -o conftest2.o
configure:6004: $? = 0
configure:6001: gcc -c conftest.c -o conftest2.o
configure:6004: $? = 0
configure:6016: result: yes
configure:6035: checking dependency style of gcc
configure:6146: result: gcc3
configure:6161: checking for a sed that does not truncate output
configure:6225: result: /bin/sed
configure:6243: checking for grep that handles long lines and -e
configure:6301: result: /bin/grep
configure:6306: checking for egrep
configure:6368: result: /bin/grep -E
configure:6373: checking for fgrep
configure:6435: result: /bin/grep -F
configure:6470: checking for ld used by gcc
configure:6537: result: /usr/bin/ld
configure:6544: checking if the linker (/usr/bin/ld) is GNU ld
configure:6559: result: yes
configure:6571: checking for BSD- or MS-compatible name lister (nm)
configure:6625: result: /usr/bin/nm -B
configure:6755: checking the name lister (/usr/bin/nm -B) interface
configure:6762: gcc -c -g -O2  conftest.c >&5
configure:6765: /usr/bin/nm -B "conftest.o"
configure:6768: output
0000000000000000 B some_variable
configure:6775: result: BSD nm
configure:6778: checking whether ln -s works
configure:6782: result: yes
configure:6790: checking the maximum length of command line arguments
configure:6921: result: 1572864
configure:6969: checking how to convert x86_64-pc-linux-gnu file names to x86_64-pc-linux-gnu format
configure:7009: result: func_convert_file_noop
configure:7016: checking how to convert x86_64-pc-linux-gnu file names to toolchain format
configure:7036: result: func_convert_file_noop
configure:7043: checking for /usr/bin/ld option to reload object files
configure:7050: result: -r
configure:7124: checking for objdump
configure:7140: found /usr/bin/objdump
configure:7151: result: objdump
configure:7183: checking how to recognize dependent libraries
configure:7383: result: pass_all
configure:7468: checking for dlltool
configure:7498: result: no
configure:7528: checking how to associate runtime and link libraries
configure:7555: result: printf %s\n
configure:7616: checking for ar
configure:7632: found /usr/bin/ar
configure:7643: result: ar
configure:7680: checking for archiver @FILE support
configure:7697: gcc -c -g -O2  conftest.c >&5
configure:7697: $? = 0
configure:7700: ar cru libconftest.a @conftest.lst >&5
ar: `u' modifier ignored since `D' is the default (see `U')
configure:7703: $? = 0
configure:7708: ar cru libconftest.a @conftest.lst >&5
ar: `u' modifier ignored since `D' is the default (see `U')
ar: conftest.o: No such file or directory
configure:7711: $? = 1
configure:7723: result: @
configure:7781: checking for strip
configure:7797: found /usr/bin/strip
configure:7808: result: strip
configure:7880: checking for ranlib
configure:7896: found /usr/bin/ranlib
configure:7907: result: ranlib
configure:8009: checking command to parse /usr/bin/nm -B output from gcc object
configure:8162: gcc -c -g -O2  conftest.c >&5
configure:8165: $? = 0
configure:8169: /usr/bin/nm -B conftest.o \| sed -n -e 's/^.*[ ]\([ABCDGIRSTW][ABCDGIRSTW]*\)[ ][ ]*\([_A-Za-z][_A-Za-z0-9]*\)$/\1 \2 \2/p' | sed '/ __gnu_lto/d' \> conftest.nm
configure:8172: $? = 0
configure:8238: gcc -o conftest -g -O2   conftest.c conftstm.o >&5
configure:8241: $? = 0
configure:8279: result: ok
configure:8326: checking for sysroot
configure:8356: result: no
configure:8363: checking for a working dd
configure:8401: result: /bin/dd
configure:8405: checking how to truncate binary pipes
configure:8420: result: /bin/dd bs=4096 count=1
configure:8556: gcc -c -g -O2  conftest.c >&5
configure:8559: $? = 0
configure:8749: checking for mt
configure:8765: found /bin/mt
configure:8776: result: mt
configure:8799: checking if mt is a manifest tool
configure:8805: mt '-?'
configure:8813: result: no
configure:9490: checking how to run the C preprocessor
configure:9521: gcc -E  conftest.c
configure:9521: $? = 0
configure:9535: gcc -E  conftest.c
conftest.c:10:28: fatal error: ac_nonexistent.h: No such file or directory
compilation terminated.
configure:9535: $? = 1
configure: failed program was:
| /* confdefs.h */
| #define PACKAGE_NAME "RWTalercore"
| #define PACKAGE_TARNAME "rwtaler"
| #define PACKAGE_VERSION "1.2.0"
| #define PACKAGE_STRING "RWTalercore 1.2.0"
| #define PACKAGE_BUGREPORT "https://github.com/rwtaler-core/rwtaler/issues"
| #define PACKAGE_URL "https://spidervps.net/"
| #define HAVE_CXX11 1
| /* end confdefs.h.  */
| #include <ac_nonexistent.h>
configure:9560: result: gcc -E
configure:9580: gcc -E  conftest.c
configure:9580: $? = 0
configure:9594: gcc -E  conftest.c
conftest.c:10:28: fatal error: ac_nonexistent.h: No such file or directory
compilation terminated.
configure:9594: $? = 1
configure: failed program was:
| /* confdefs.h */
| #define PACKAGE_NAME "RWTalercore"
| #define PACKAGE_TARNAME "rwtaler"
| #define PACKAGE_VERSION "1.2.0"
| #define PACKAGE_STRING "RWTalercore 1.2.0"
| #define PACKAGE_BUGREPORT "https://github.com/rwtaler-core/rwtaler/issues"
| #define PACKAGE_URL "https://spidervps.net/"
| #define HAVE_CXX11 1
| /* end confdefs.h.  */
| #include <ac_nonexistent.h>
configure:9623: checking for ANSI C header files
configure:9643: gcc -c -g -O2  conftest.c >&5
configure:9643: $? = 0
configure:9716: gcc -o conftest -g -O2   conftest.c  >&5
configure:9716: $? = 0
configure:9716: ./conftest
configure:9716: $? = 0
configure:9727: result: yes
configure:9740: checking for sys/types.h
configure:9740: gcc -c -g -O2  conftest.c >&5
configure:9740: $? = 0
configure:9740: result: yes
configure:9740: checking for sys/stat.h
configure:9740: gcc -c -g -O2  conftest.c >&5
configure:9740: $? = 0
configure:9740: result: yes
configure:9740: checking for stdlib.h
configure:9740: gcc -c -g -O2  conftest.c >&5
configure:9740: $? = 0
configure:9740: result: yes
configure:9740: checking for string.h
configure:9740: gcc -c -g -O2  conftest.c >&5
configure:9740: $? = 0
configure:9740: result: yes
configure:9740: checking for memory.h
configure:9740: gcc -c -g -O2  conftest.c >&5
configure:9740: $? = 0
configure:9740: result: yes
configure:9740: checking for strings.h
configure:9740: gcc -c -g -O2  conftest.c >&5
configure:9740: $? = 0
configure:9740: result: yes
configure:9740: checking for inttypes.h
configure:9740: gcc -c -g -O2  conftest.c >&5
configure:9740: $? = 0
configure:9740: result: yes
configure:9740: checking for stdint.h
configure:9740: gcc -c -g -O2  conftest.c >&5
configure:9740: $? = 0
configure:9740: result: yes
configure:9740: checking for unistd.h
configure:9740: gcc -c -g -O2  conftest.c >&5
configure:9740: $? = 0
configure:9740: result: yes
configure:9754: checking for dlfcn.h
configure:9754: gcc -c -g -O2  conftest.c >&5
configure:9754: $? = 0
configure:9754: result: yes
configure:10019: checking for objdir
configure:10034: result: .libs
configure:10298: checking if gcc supports -fno-rtti -fno-exceptions
configure:10316: gcc -c -g -O2  -fno-rtti -fno-exceptions conftest.c >&5
cc1: warning: command line option '-fno-rtti' is valid for C++/ObjC++ but not for C
configure:10320: $? = 0
configure:10333: result: no
configure:10691: checking for gcc option to produce PIC
configure:10698: result: -fPIC -DPIC
configure:10706: checking if gcc PIC flag -fPIC -DPIC works
configure:10724: gcc -c -g -O2  -fPIC -DPIC -DPIC conftest.c >&5
configure:10728: $? = 0
configure:10741: result: yes
configure:10770: checking if gcc static flag -static works
configure:10798: result: yes
configure:10813: checking if gcc supports -c -o file.o
configure:10834: gcc -c -g -O2  -o out/conftest2.o conftest.c >&5
configure:10838: $? = 0
configure:10860: result: yes
configure:10868: checking if gcc supports -c -o file.o
configure:10915: result: yes
configure:10948: checking whether the gcc linker (/usr/bin/ld -m elf_x86_64) supports shared libraries
configure:12211: result: yes
configure:12451: checking dynamic linker characteristics
configure:13032: gcc -o conftest -g -O2   -Wl,-rpath -Wl,/foo conftest.c  >&5
configure:13032: $? = 0
configure:13281: result: GNU/Linux ld.so
configure:13403: checking how to hardcode library paths into programs
configure:13428: result: immediate
configure:13976: checking whether stripping libraries is possible
configure:13981: result: yes
configure:14016: checking if libtool supports shared libraries
configure:14018: result: yes
configure:14021: checking whether to build shared libraries
configure:14046: result: no
configure:14049: checking whether to build static libraries
configure:14053: result: yes
configure:14076: checking how to run the C++ preprocessor
configure:14103: g++ -std=c++11 -E  conftest.cpp
configure:14103: $? = 0
configure:14117: g++ -std=c++11 -E  conftest.cpp
conftest.cpp:22:28: fatal error: ac_nonexistent.h: No such file or directory
compilation terminated.
configure:14117: $? = 1
configure: failed program was:
| /* confdefs.h */
| #define PACKAGE_NAME "RWTalercore"
| #define PACKAGE_TARNAME "rwtaler"
| #define PACKAGE_VERSION "1.2.0"
| #define PACKAGE_STRING "RWTalercore 1.2.0"
| #define PACKAGE_BUGREPORT "https://github.com/rwtaler-core/rwtaler/issues"
| #define PACKAGE_URL "https://spidervps.net/"
| #define HAVE_CXX11 1
| #define STDC_HEADERS 1
| #define HAVE_SYS_TYPES_H 1
| #define HAVE_SYS_STAT_H 1
| #define HAVE_STDLIB_H 1
| #define HAVE_STRING_H 1
| #define HAVE_MEMORY_H 1
| #define HAVE_STRINGS_H 1
| #define HAVE_INTTYPES_H 1
| #define HAVE_STDINT_H 1
| #define HAVE_UNISTD_H 1
| #define HAVE_DLFCN_H 1
| #define LT_OBJDIR ".libs/"
| /* end confdefs.h.  */
| #include <ac_nonexistent.h>
configure:14142: result: g++ -std=c++11 -E
configure:14162: g++ -std=c++11 -E  conftest.cpp
configure:14162: $? = 0
configure:14176: g++ -std=c++11 -E  conftest.cpp
conftest.cpp:22:28: fatal error: ac_nonexistent.h: No such file or directory
compilation terminated.
configure:14176: $? = 1
configure: failed program was:
| /* confdefs.h */
| #define PACKAGE_NAME "RWTalercore"
| #define PACKAGE_TARNAME "rwtaler"
| #define PACKAGE_VERSION "1.2.0"
| #define PACKAGE_STRING "RWTalercore 1.2.0"
| #define PACKAGE_BUGREPORT "https://github.com/rwtaler-core/rwtaler/issues"
| #define PACKAGE_URL "https://spidervps.net/"
| #define HAVE_CXX11 1
| #define STDC_HEADERS 1
| #define HAVE_SYS_TYPES_H 1
| #define HAVE_SYS_STAT_H 1
| #define HAVE_STDLIB_H 1
| #define HAVE_STRING_H 1
| #define HAVE_MEMORY_H 1
| #define HAVE_STRINGS_H 1
| #define HAVE_INTTYPES_H 1
| #define HAVE_STDINT_H 1
| #define HAVE_UNISTD_H 1
| #define HAVE_DLFCN_H 1
| #define LT_OBJDIR ".libs/"
| /* end confdefs.h.  */
| #include <ac_nonexistent.h>
configure:14338: checking for ld used by g++ -std=c++11
configure:14405: result: /usr/bin/ld -m elf_x86_64
configure:14412: checking if the linker (/usr/bin/ld -m elf_x86_64) is GNU ld
configure:14427: result: yes
configure:14482: checking whether the g++ -std=c++11 linker (/usr/bin/ld -m elf_x86_64) supports shared libraries
configure:15555: result: yes
configure:15591: g++ -std=c++11 -c -g -O2  conftest.cpp >&5
configure:15594: $? = 0
configure:16075: checking for g++ -std=c++11 option to produce PIC
configure:16082: result: -fPIC -DPIC
configure:16090: checking if g++ -std=c++11 PIC flag -fPIC -DPIC works
configure:16108: g++ -std=c++11 -c -g -O2  -fPIC -DPIC -DPIC conftest.cpp >&5
configure:16112: $? = 0
configure:16125: result: yes
configure:16148: checking if g++ -std=c++11 static flag -static works
configure:16176: result: yes
configure:16188: checking if g++ -std=c++11 supports -c -o file.o
configure:16209: g++ -std=c++11 -c -g -O2  -o out/conftest2.o conftest.cpp >&5
configure:16213: $? = 0
configure:16235: result: yes
configure:16240: checking if g++ -std=c++11 supports -c -o file.o
configure:16287: result: yes
configure:16317: checking whether the g++ -std=c++11 linker (/usr/bin/ld -m elf_x86_64) supports shared libraries
configure:16360: result: yes
configure:16501: checking dynamic linker characteristics
configure:17258: result: GNU/Linux ld.so
configure:17323: checking how to hardcode library paths into programs
configure:17348: result: immediate
configure:17456: checking for ar
configure:17474: found /usr/bin/ar
configure:17486: result: /usr/bin/ar
configure:17554: checking for ranlib
configure:17572: found /usr/bin/ranlib
configure:17584: result: /usr/bin/ranlib
configure:17652: checking for strip
configure:17670: found /usr/bin/strip
configure:17682: result: /usr/bin/strip
configure:17750: checking for gcov
configure:17768: found /usr/bin/gcov
configure:17780: result: /usr/bin/gcov
configure:17804: checking for lcov
configure:17837: result: no
configure:17844: checking for java
configure:17877: result: no
configure:17886: checking for python3.6
configure:17919: result: no
configure:17886: checking for python3.5
configure:17904: found /usr/bin/python3.5
configure:17916: result: /usr/bin/python3.5
configure:17929: checking for genhtml
configure:17962: result: no
configure:17969: checking for git
configure:17987: found /usr/bin/git
configure:17999: result: /usr/bin/git
configure:18009: checking for ccache
configure:18042: result: no
configure:18049: checking for xgettext
configure:18082: result: no
configure:18089: checking for hexdump
configure:18107: found /usr/bin/hexdump
configure:18119: result: /usr/bin/hexdump
configure:18173: checking for readelf
configure:18191: found /usr/bin/readelf
configure:18203: result: /usr/bin/readelf
configure:18271: checking for c++filt
configure:18289: found /usr/bin/c++filt
configure:18301: result: /usr/bin/c++filt
configure:18369: checking for objcopy
configure:18387: found /usr/bin/objcopy
configure:18399: result: /usr/bin/objcopy
configure:18570: checking for pkg-config
configure:18588: found /usr/bin/pkg-config
configure:18600: result: /usr/bin/pkg-config
configure:18625: checking pkg-config is at least version 0.9.0
configure:18628: result: yes
configure:18816: checking whether C compiler accepts -msse4.2
configure:18835: gcc -c -g -O2  -msse4.2  conftest.c >&5
configure:18835: $? = 0
configure:18844: result: yes
configure:18855: checking for assembler crc32 support
configure:18881: gcc -c -g -O2  conftest.c >&5
conftest.c: In function 'main':
conftest.c:36:9: warning: implicit declaration of function '_mm_crc32_u8' [-Wimplicit-function-declaration]
     l = _mm_crc32_u8(l, 0);
         ^
conftest.c:37:9: warning: implicit declaration of function '_mm_crc32_u32' [-Wimplicit-function-declaration]
     l = _mm_crc32_u32(l, 0);
         ^
conftest.c:38:9: warning: implicit declaration of function '_mm_crc32_u64' [-Wimplicit-function-declaration]
     l = _mm_crc32_u64(l, 0);
         ^
configure:18881: $? = 0
configure:18882: result: yes
configure:20587: checking for pkg-config
configure:20617: result: /usr/bin/pkg-config
configure:20642: checking pkg-config is at least version 0.9.0
configure:20645: result: yes
configure:20769: checking whether byte ordering is bigendian
configure:20784: g++ -std=c++11 -c -Wno-unknown-pragmas -Wno-deprecated-declarations -Wno-cpp -g -O2 -Wall -Wextra -Wformat -Wformat-security -Wno-unused-parameter -Wno-unknown-pragmas -Wno-deprecated -Wno-deprecated-declarations -Wno-cpp -Wno-implicit-fallthrough  -DBOOST_SPIRIT_THREADSAFE -DHAVE_BUILD_INFO -D__STDC_FORMAT_MACROS -DRWTA_BUILD conftest.cpp >&5
conftest.cpp:24:9: error: expected unqualified-id before 'not' token
         not a universal capable compiler
         ^
cc1plus: warning: unrecognized command line option '-Wno-implicit-fallthrough'
configure:20784: $? = 1
configure: failed program was:
| /* confdefs.h */
| #define PACKAGE_NAME "RWTalercore"
| #define PACKAGE_TARNAME "rwtaler"
| #define PACKAGE_VERSION "1.2.0"
| #define PACKAGE_STRING "RWTalercore 1.2.0"
| #define PACKAGE_BUGREPORT "https://github.com/rwtaler-core/rwtaler/issues"
| #define PACKAGE_URL "https://spidervps.net/"
| #define HAVE_CXX11 1
| #define STDC_HEADERS 1
| #define HAVE_SYS_TYPES_H 1
| #define HAVE_SYS_STAT_H 1
| #define HAVE_STDLIB_H 1
| #define HAVE_STRING_H 1
| #define HAVE_MEMORY_H 1
| #define HAVE_STRINGS_H 1
| #define HAVE_INTTYPES_H 1
| #define HAVE_STDINT_H 1
| #define HAVE_UNISTD_H 1
| #define HAVE_DLFCN_H 1
| #define LT_OBJDIR ".libs/"
| #define USE_ASM 1
| /* end confdefs.h.  */
| #ifndef __APPLE_CC__
| 	       not a universal capable compiler
| 	     #endif
| 	     typedef int dummy;
| 
configure:20829: g++ -std=c++11 -c -Wno-unknown-pragmas -Wno-deprecated-declarations -Wno-cpp -g -O2 -Wall -Wextra -Wformat -Wformat-security -Wno-unused-parameter -Wno-unknown-pragmas -Wno-deprecated -Wno-deprecated-declarations -Wno-cpp -Wno-implicit-fallthrough  -DBOOST_SPIRIT_THREADSAFE -DHAVE_BUILD_INFO -D__STDC_FORMAT_MACROS -DRWTA_BUILD conftest.cpp >&5
configure:20829: $? = 0
configure:20847: g++ -std=c++11 -c -Wno-unknown-pragmas -Wno-deprecated-declarations -Wno-cpp -g -O2 -Wall -Wextra -Wformat -Wformat-security -Wno-unused-parameter -Wno-unknown-pragmas -Wno-deprecated -Wno-deprecated-declarations -Wno-cpp -Wno-implicit-fallthrough  -DBOOST_SPIRIT_THREADSAFE -DHAVE_BUILD_INFO -D__STDC_FORMAT_MACROS -DRWTA_BUILD conftest.cpp >&5
conftest.cpp: In function 'int main()':
conftest.cpp:30:8: error: 'big' was not declared in this scope
    not big endian
        ^
At global scope:
cc1plus: warning: unrecognized command line option '-Wno-implicit-fallthrough'
configure:20847: $? = 1
configure: failed program was:
| /* confdefs.h */
| #define PACKAGE_NAME "RWTalercore"
| #define PACKAGE_TARNAME "rwtaler"
| #define PACKAGE_VERSION "1.2.0"
| #define PACKAGE_STRING "RWTalercore 1.2.0"
| #define PACKAGE_BUGREPORT "https://github.com/rwtaler-core/rwtaler/issues"
| #define PACKAGE_URL "https://spidervps.net/"
| #define HAVE_CXX11 1
| #define STDC_HEADERS 1
| #define HAVE_SYS_TYPES_H 1
| #define HAVE_SYS_STAT_H 1
| #define HAVE_STDLIB_H 1
| #define HAVE_STRING_H 1
| #define HAVE_MEMORY_H 1
| #define HAVE_STRINGS_H 1
| #define HAVE_INTTYPES_H 1
| #define HAVE_STDINT_H 1
| #define HAVE_UNISTD_H 1
| #define HAVE_DLFCN_H 1
| #define LT_OBJDIR ".libs/"
| #define USE_ASM 1
| /* end confdefs.h.  */
| #include <sys/types.h>
| 		#include <sys/param.h>
| 
| int
| main ()
| {
| #if BYTE_ORDER != BIG_ENDIAN
| 		 not big endian
| 		#endif
| 
|   ;
|   return 0;
| }
configure:20975: result: no
configure:21176: checking whether gcc is Clang
configure:21201: result: no
configure:21324: checking whether pthreads work with -pthread
configure:21418: gcc -o conftest -g -O2 -pthread -Wno-unknown-pragmas -Wno-deprecated -Wno-deprecated-declarations -Wno-cpp -Wno-implicit-fallthrough  -DBOOST_SPIRIT_THREADSAFE -DHAVE_BUILD_INFO -D__STDC_FORMAT_MACROS -DRWTA_BUILD  conftest.c   >&5
configure:21418: $? = 0
configure:21427: result: yes
configure:21446: checking for joinable pthread attribute
configure:21464: gcc -o conftest -g -O2 -pthread -Wno-unknown-pragmas -Wno-deprecated -Wno-deprecated-declarations -Wno-cpp -Wno-implicit-fallthrough  -DBOOST_SPIRIT_THREADSAFE -DHAVE_BUILD_INFO -D__STDC_FORMAT_MACROS -DRWTA_BUILD  conftest.c   >&5
configure:21464: $? = 0
configure:21472: result: PTHREAD_CREATE_JOINABLE
configure:21486: checking whether more special flags are required for pthreads
configure:21499: result: no
configure:21507: checking for PTHREAD_PRIO_INHERIT
configure:21523: gcc -o conftest -g -O2 -pthread -Wno-unknown-pragmas -Wno-deprecated -Wno-deprecated-declarations -Wno-cpp -Wno-implicit-fallthrough  -DBOOST_SPIRIT_THREADSAFE -DHAVE_BUILD_INFO -D__STDC_FORMAT_MACROS -DRWTA_BUILD  conftest.c   >&5
configure:21523: $? = 0
configure:21532: result: yes
configure:21646: checking for special C compiler options needed for large files
configure:21691: result: no
configure:21697: checking for _FILE_OFFSET_BITS value needed for large files
configure:21722: g++ -std=c++11 -c -Wno-unknown-pragmas -Wno-deprecated-declarations -Wno-cpp -g -O2 -Wall -Wextra -Wformat -Wformat-security -Wno-unused-parameter -Wno-unknown-pragmas -Wno-deprecated -Wno-deprecated-declarations -Wno-cpp -Wno-implicit-fallthrough  -DBOOST_SPIRIT_THREADSAFE -DHAVE_BUILD_INFO -D__STDC_FORMAT_MACROS -DRWTA_BUILD conftest.cpp >&5
configure:21722: $? = 0
configure:21754: result: no
configure:21840: checking whether strerror_r is declared
configure:21840: g++ -std=c++11 -c -Wno-unknown-pragmas -Wno-deprecated-declarations -Wno-cpp -g -O2 -Wall -Wextra -Wformat -Wformat-security -Wno-unused-parameter -Wno-unknown-pragmas -Wno-deprecated -Wno-deprecated-declarations -Wno-cpp -Wno-implicit-fallthrough  -DBOOST_SPIRIT_THREADSAFE -DHAVE_BUILD_INFO -D__STDC_FORMAT_MACROS -DRWTA_BUILD conftest.cpp >&5
configure:21840: $? = 0
configure:21840: result: yes
configure:21853: checking for strerror_r
configure:21853: g++ -std=c++11 -o conftest -Wno-unknown-pragmas -Wno-deprecated-declarations -Wno-cpp -g -O2 -Wall -Wextra -Wformat -Wformat-security -Wno-unused-parameter -Wno-unknown-pragmas -Wno-deprecated -Wno-deprecated-declarations -Wno-cpp -Wno-implicit-fallthrough  -DBOOST_SPIRIT_THREADSAFE -DHAVE_BUILD_INFO -D__STDC_FORMAT_MACROS -DRWTA_BUILD  conftest.cpp  >&5
configure:21853: $? = 0
configure:21853: result: yes
configure:21862: checking whether strerror_r returns char *
configure:21886: g++ -std=c++11 -c -Wno-unknown-pragmas -Wno-deprecated-declarations -Wno-cpp -g -O2 -Wall -Wextra -Wformat -Wformat-security -Wno-unused-parameter -Wno-unknown-pragmas -Wno-deprecated -Wno-deprecated-declarations -Wno-cpp -Wno-implicit-fallthrough  -DBOOST_SPIRIT_THREADSAFE -DHAVE_BUILD_INFO -D__STDC_FORMAT_MACROS -DRWTA_BUILD conftest.cpp >&5
configure:21886: $? = 0
configure:21924: result: yes
configure:21945: checking whether the linker accepts -Wl,--large-address-aware
configure:21964: g++ -std=c++11 -o conftest -Wno-unknown-pragmas -Wno-deprecated-declarations -Wno-cpp -g -O2 -Wall -Wextra -Wformat -Wformat-security -Wno-unused-parameter -Wno-unknown-pragmas -Wno-deprecated -Wno-deprecated-declarations -Wno-cpp -Wno-implicit-fallthrough  -DBOOST_SPIRIT_THREADSAFE -DHAVE_BUILD_INFO -D__STDC_FORMAT_MACROS -DRWTA_BUILD   -Wl,--large-address-aware conftest.cpp  >&5
/usr/bin/ld: unrecognized option '--large-address-aware'
/usr/bin/ld: use the --help option for usage information
collect2: error: ld returned 1 exit status
configure:21964: $? = 1
configure: failed program was:
| /* confdefs.h */
| #define PACKAGE_NAME "RWTalercore"
| #define PACKAGE_TARNAME "rwtaler"
| #define PACKAGE_VERSION "1.2.0"
| #define PACKAGE_STRING "RWTalercore 1.2.0"
| #define PACKAGE_BUGREPORT "https://github.com/rwtaler-core/rwtaler/issues"
| #define PACKAGE_URL "https://spidervps.net/"
| #define HAVE_CXX11 1
| #define STDC_HEADERS 1
| #define HAVE_SYS_TYPES_H 1
| #define HAVE_SYS_STAT_H 1
| #define HAVE_STDLIB_H 1
| #define HAVE_STRING_H 1
| #define HAVE_MEMORY_H 1
| #define HAVE_STRINGS_H 1
| #define HAVE_INTTYPES_H 1
| #define HAVE_STDINT_H 1
| #define HAVE_UNISTD_H 1
| #define HAVE_DLFCN_H 1
| #define LT_OBJDIR ".libs/"
| #define USE_ASM 1
| #define HAVE_PTHREAD_PRIO_INHERIT 1
| #define HAVE_PTHREAD 1
| #define HAVE_DECL_STRERROR_R 1
| #define HAVE_STRERROR_R 1
| #define STRERROR_R_CHAR_P 1
| /* end confdefs.h.  */
| 
| int
| main ()
| {
| 
|   ;
|   return 0;
| }
configure:21973: result: no
configure:21985: checking for __attribute__((visibility))
configure:22009: g++ -std=c++11 -o conftest -Wno-unknown-pragmas -Wno-deprecated-declarations -Wno-cpp -g -O2 -Wall -Wextra -Wformat -Wformat-security -Wno-unused-parameter -Wno-unknown-pragmas -Wno-deprecated -Wno-deprecated-declarations -Wno-cpp -Wno-implicit-fallthrough  -DBOOST_SPIRIT_THREADSAFE -DHAVE_BUILD_INFO -D__STDC_FORMAT_MACROS -DRWTA_BUILD  conftest.cpp  >&5
configure:22009: $? = 0
configure:22022: result: yes
configure:22038: checking for __attribute__((dllexport))
configure:22059: g++ -std=c++11 -o conftest -Wno-unknown-pragmas -Wno-deprecated-declarations -Wno-cpp -g -O2 -Wall -Wextra -Wformat -Wformat-security -Wno-unused-parameter -Wno-unknown-pragmas -Wno-deprecated -Wno-deprecated-declarations -Wno-cpp -Wno-implicit-fallthrough  -DBOOST_SPIRIT_THREADSAFE -DHAVE_BUILD_INFO -D__STDC_FORMAT_MACROS -DRWTA_BUILD  conftest.cpp  >&5
conftest.cpp:31:62: warning: 'dllexport' attribute directive ignored [-Wattributes]
                     __attribute__((dllexport)) int foo( void ) { return 0; }
                                                              ^
cc1plus: warning: unrecognized command line option '-Wno-implicit-fallthrough'
configure:22059: $? = 0
configure:22072: result: no
configure:22088: checking for __attribute__((dllimport))
configure:22109: g++ -std=c++11 -o conftest -Wno-unknown-pragmas -Wno-deprecated-declarations -Wno-cpp -g -O2 -Wall -Wextra -Wformat -Wformat-security -Wno-unused-parameter -Wno-unknown-pragmas -Wno-deprecated -Wno-deprecated-declarations -Wno-cpp -Wno-implicit-fallthrough  -DBOOST_SPIRIT_THREADSAFE -DHAVE_BUILD_INFO -D__STDC_FORMAT_MACROS -DRWTA_BUILD  conftest.cpp  >&5
conftest.cpp:31:62: warning: 'dllimport' attribute directive ignored [-Wattributes]
                     int foo( void ) __attribute__((dllimport));
                                                              ^
cc1plus: warning: unrecognized command line option '-Wno-implicit-fallthrough'
configure:22109: $? = 0
configure:22122: result: no
configure:22222: checking for library containing clock_gettime
configure:22253: g++ -std=c++11 -o conftest -Wno-unknown-pragmas -Wno-deprecated-declarations -Wno-cpp -g -O2 -Wall -Wextra -Wformat -Wformat-security -Wno-unused-parameter -Wno-unknown-pragmas -Wno-deprecated -Wno-deprecated-declarations -Wno-cpp -Wno-implicit-fallthrough  -DBOOST_SPIRIT_THREADSAFE -DHAVE_BUILD_INFO -D__STDC_FORMAT_MACROS -DRWTA_BUILD  conftest.cpp  >&5
configure:22253: $? = 0
configure:22270: result: none required
configure:22282: checking whether C++ compiler accepts -fPIC
configure:22301: g++ -std=c++11 -c -Wno-unknown-pragmas -Wno-deprecated-declarations -Wno-cpp -g -O2 -Wall -Wextra -Wformat -Wformat-security -Wno-unused-parameter  -fPIC -Wno-unknown-pragmas -Wno-deprecated -Wno-deprecated-declarations -Wno-cpp -Wno-implicit-fallthrough  -DBOOST_SPIRIT_THREADSAFE -DHAVE_BUILD_INFO -D__STDC_FORMAT_MACROS -DRWTA_BUILD conftest.cpp >&5
configure:22301: $? = 0
configure:22309: result: yes
configure:22320: checking whether C++ compiler accepts -Wstack-protector
configure:22339: g++ -std=c++11 -c -Wno-unknown-pragmas -Wno-deprecated-declarations -Wno-cpp -g -O2 -Wall -Wextra -Wformat -Wformat-security -Wno-unused-parameter  -Wstack-protector -Wno-unknown-pragmas -Wno-deprecated -Wno-deprecated-declarations -Wno-cpp -Wno-implicit-fallthrough  -DBOOST_SPIRIT_THREADSAFE -DHAVE_BUILD_INFO -D__STDC_FORMAT_MACROS -DRWTA_BUILD conftest.cpp >&5
configure:22339: $? = 0
configure:22347: result: yes
configure:22355: checking whether C++ compiler accepts -fstack-protector-all
configure:22374: g++ -std=c++11 -c -Wno-unknown-pragmas -Wno-deprecated-declarations -Wno-cpp -g -O2 -Wall -Wextra -Wformat -Wformat-security -Wno-unused-parameter  -fstack-protector-all -Wno-unknown-pragmas -Wno-deprecated -Wno-deprecated-declarations -Wno-cpp -Wno-implicit-fallthrough  -DBOOST_SPIRIT_THREADSAFE -DHAVE_BUILD_INFO -D__STDC_FORMAT_MACROS -DRWTA_BUILD conftest.cpp >&5
configure:22374: $? = 0
configure:22382: result: yes
configure:22392: checking whether C++ preprocessor accepts -D_FORTIFY_SOURCE=2
configure:22411: g++ -std=c++11 -E -Wno-unknown-pragmas -Wno-deprecated -Wno-deprecated-declarations -Wno-cpp -Wno-implicit-fallthrough  -DBOOST_SPIRIT_THREADSAFE -DHAVE_BUILD_INFO -D__STDC_FORMAT_MACROS -DRWTA_BUILD  -D_FORTIFY_SOURCE=2 conftest.cpp
configure:22411: $? = 0
configure:22419: result: yes
configure:22423: checking whether C++ preprocessor accepts -U_FORTIFY_SOURCE
configure:22442: g++ -std=c++11 -E -Wno-unknown-pragmas -Wno-deprecated -Wno-deprecated-declarations -Wno-cpp -Wno-implicit-fallthrough  -DBOOST_SPIRIT_THREADSAFE -DHAVE_BUILD_INFO -D__STDC_FORMAT_MACROS -DRWTA_BUILD  -U_FORTIFY_SOURCE conftest.cpp
configure:22442: $? = 0
configure:22450: result: yes
configure:22467: checking whether the linker accepts -Wl,--dynamicbase
configure:22486: g++ -std=c++11 -o conftest -Wno-unknown-pragmas -Wno-deprecated-declarations -Wno-cpp -g -O2 -Wall -Wextra -Wformat -Wformat-security -Wno-unused-parameter -Wno-unknown-pragmas -Wno-deprecated -Wno-deprecated-declarations -Wno-cpp -Wno-implicit-fallthrough  -DBOOST_SPIRIT_THREADSAFE -DHAVE_BUILD_INFO -D__STDC_FORMAT_MACROS -DRWTA_BUILD   -Wl,--dynamicbase conftest.cpp  >&5
/usr/bin/ld: unrecognized option '--dynamicbase'
/usr/bin/ld: use the --help option for usage information
collect2: error: ld returned 1 exit status
configure:22486: $? = 1
configure: failed program was:
| /* confdefs.h */
| #define PACKAGE_NAME "RWTalercore"
| #define PACKAGE_TARNAME "rwtaler"
| #define PACKAGE_VERSION "1.2.0"
| #define PACKAGE_STRING "RWTalercore 1.2.0"
| #define PACKAGE_BUGREPORT "https://github.com/rwtaler-core/rwtaler/issues"
| #define PACKAGE_URL "https://spidervps.net/"
| #define HAVE_CXX11 1
| #define STDC_HEADERS 1
| #define HAVE_SYS_TYPES_H 1
| #define HAVE_SYS_STAT_H 1
| #define HAVE_STDLIB_H 1
| #define HAVE_STRING_H 1
| #define HAVE_MEMORY_H 1
| #define HAVE_STRINGS_H 1
| #define HAVE_INTTYPES_H 1
| #define HAVE_STDINT_H 1
| #define HAVE_UNISTD_H 1
| #define HAVE_DLFCN_H 1
| #define LT_OBJDIR ".libs/"
| #define USE_ASM 1
| #define HAVE_PTHREAD_PRIO_INHERIT 1
| #define HAVE_PTHREAD 1
| #define HAVE_DECL_STRERROR_R 1
| #define HAVE_STRERROR_R 1
| #define STRERROR_R_CHAR_P 1
| #define HAVE_FUNC_ATTRIBUTE_VISIBILITY 1
| /* end confdefs.h.  */
| 
| int
| main ()
| {
| 
|   ;
|   return 0;
| }
configure:22495: result: no
configure:22503: checking whether the linker accepts -Wl,--nxcompat
configure:22522: g++ -std=c++11 -o conftest -Wno-unknown-pragmas -Wno-deprecated-declarations -Wno-cpp -g -O2 -Wall -Wextra -Wformat -Wformat-security -Wno-unused-parameter -Wno-unknown-pragmas -Wno-deprecated -Wno-deprecated-declarations -Wno-cpp -Wno-implicit-fallthrough  -DBOOST_SPIRIT_THREADSAFE -DHAVE_BUILD_INFO -D__STDC_FORMAT_MACROS -DRWTA_BUILD   -Wl,--nxcompat conftest.cpp  >&5
/usr/bin/ld: unrecognized option '--nxcompat'
/usr/bin/ld: use the --help option for usage information
collect2: error: ld returned 1 exit status
configure:22522: $? = 1
configure: failed program was:
| /* confdefs.h */
| #define PACKAGE_NAME "RWTalercore"
| #define PACKAGE_TARNAME "rwtaler"
| #define PACKAGE_VERSION "1.2.0"
| #define PACKAGE_STRING "RWTalercore 1.2.0"
| #define PACKAGE_BUGREPORT "https://github.com/rwtaler-core/rwtaler/issues"
| #define PACKAGE_URL "https://spidervps.net/"
| #define HAVE_CXX11 1
| #define STDC_HEADERS 1
| #define HAVE_SYS_TYPES_H 1
| #define HAVE_SYS_STAT_H 1
| #define HAVE_STDLIB_H 1
| #define HAVE_STRING_H 1
| #define HAVE_MEMORY_H 1
| #define HAVE_STRINGS_H 1
| #define HAVE_INTTYPES_H 1
| #define HAVE_STDINT_H 1
| #define HAVE_UNISTD_H 1
| #define HAVE_DLFCN_H 1
| #define LT_OBJDIR ".libs/"
| #define USE_ASM 1
| #define HAVE_PTHREAD_PRIO_INHERIT 1
| #define HAVE_PTHREAD 1
| #define HAVE_DECL_STRERROR_R 1
| #define HAVE_STRERROR_R 1
| #define STRERROR_R_CHAR_P 1
| #define HAVE_FUNC_ATTRIBUTE_VISIBILITY 1
| /* end confdefs.h.  */
| 
| int
| main ()
| {
| 
|   ;
|   return 0;
| }
configure:22531: result: no
configure:22539: checking whether the linker accepts -Wl,--high-entropy-va
configure:22558: g++ -std=c++11 -o conftest -Wno-unknown-pragmas -Wno-deprecated-declarations -Wno-cpp -g -O2 -Wall -Wextra -Wformat -Wformat-security -Wno-unused-parameter -Wno-unknown-pragmas -Wno-deprecated -Wno-deprecated-declarations -Wno-cpp -Wno-implicit-fallthrough  -DBOOST_SPIRIT_THREADSAFE -DHAVE_BUILD_INFO -D__STDC_FORMAT_MACROS -DRWTA_BUILD   -Wl,--high-entropy-va conftest.cpp  >&5
/usr/bin/ld: unrecognized option '--high-entropy-va'
/usr/bin/ld: use the --help option for usage information
collect2: error: ld returned 1 exit status
configure:22558: $? = 1
configure: failed program was:
| /* confdefs.h */
| #define PACKAGE_NAME "RWTalercore"
| #define PACKAGE_TARNAME "rwtaler"
| #define PACKAGE_VERSION "1.2.0"
| #define PACKAGE_STRING "RWTalercore 1.2.0"
| #define PACKAGE_BUGREPORT "https://github.com/rwtaler-core/rwtaler/issues"
| #define PACKAGE_URL "https://spidervps.net/"
| #define HAVE_CXX11 1
| #define STDC_HEADERS 1
| #define HAVE_SYS_TYPES_H 1
| #define HAVE_SYS_STAT_H 1
| #define HAVE_STDLIB_H 1
| #define HAVE_STRING_H 1
| #define HAVE_MEMORY_H 1
| #define HAVE_STRINGS_H 1
| #define HAVE_INTTYPES_H 1
| #define HAVE_STDINT_H 1
| #define HAVE_UNISTD_H 1
| #define HAVE_DLFCN_H 1
| #define LT_OBJDIR ".libs/"
| #define USE_ASM 1
| #define HAVE_PTHREAD_PRIO_INHERIT 1
| #define HAVE_PTHREAD 1
| #define HAVE_DECL_STRERROR_R 1
| #define HAVE_STRERROR_R 1
| #define STRERROR_R_CHAR_P 1
| #define HAVE_FUNC_ATTRIBUTE_VISIBILITY 1
| /* end confdefs.h.  */
| 
| int
| main ()
| {
| 
|   ;
|   return 0;
| }
configure:22567: result: no
configure:22575: checking whether the linker accepts -Wl,-z,relro
configure:22594: g++ -std=c++11 -o conftest -Wno-unknown-pragmas -Wno-deprecated-declarations -Wno-cpp -g -O2 -Wall -Wextra -Wformat -Wformat-security -Wno-unused-parameter -Wno-unknown-pragmas -Wno-deprecated -Wno-deprecated-declarations -Wno-cpp -Wno-implicit-fallthrough  -DBOOST_SPIRIT_THREADSAFE -DHAVE_BUILD_INFO -D__STDC_FORMAT_MACROS -DRWTA_BUILD   -Wl,-z,relro conftest.cpp  >&5
configure:22594: $? = 0
configure:22603: result: yes
configure:22611: checking whether the linker accepts -Wl,-z,now
configure:22630: g++ -std=c++11 -o conftest -Wno-unknown-pragmas -Wno-deprecated-declarations -Wno-cpp -g -O2 -Wall -Wextra -Wformat -Wformat-security -Wno-unused-parameter -Wno-unknown-pragmas -Wno-deprecated -Wno-deprecated-declarations -Wno-cpp -Wno-implicit-fallthrough  -DBOOST_SPIRIT_THREADSAFE -DHAVE_BUILD_INFO -D__STDC_FORMAT_MACROS -DRWTA_BUILD   -Wl,-z,now conftest.cpp  >&5
configure:22630: $? = 0
configure:22639: result: yes
configure:22650: checking whether C++ compiler accepts -fPIC
configure:22677: result: yes
configure:22685: checking whether the linker accepts -pic
configure:22704: g++ -std=c++11 -o conftest -Wno-unknown-pragmas -Wno-deprecated-declarations -Wno-cpp -g -O2 -Wall -Wextra -Wformat -Wformat-security -Wno-unused-parameter -Wno-unknown-pragmas -Wno-deprecated -Wno-deprecated-declarations -Wno-cpp -Wno-implicit-fallthrough  -DBOOST_SPIRIT_THREADSAFE -DHAVE_BUILD_INFO -D__STDC_FORMAT_MACROS -DRWTA_BUILD   -pic conftest.cpp  >&5
g++: error: unrecognized command line option '-pic'
configure:22704: $? = 1
configure: failed program was:
| /* confdefs.h */
| #define PACKAGE_NAME "RWTalercore"
| #define PACKAGE_TARNAME "rwtaler"
| #define PACKAGE_VERSION "1.2.0"
| #define PACKAGE_STRING "RWTalercore 1.2.0"
| #define PACKAGE_BUGREPORT "https://github.com/rwtaler-core/rwtaler/issues"
| #define PACKAGE_URL "https://spidervps.net/"
| #define HAVE_CXX11 1
| #define STDC_HEADERS 1
| #define HAVE_SYS_TYPES_H 1
| #define HAVE_SYS_STAT_H 1
| #define HAVE_STDLIB_H 1
| #define HAVE_STRING_H 1
| #define HAVE_MEMORY_H 1
| #define HAVE_STRINGS_H 1
| #define HAVE_INTTYPES_H 1
| #define HAVE_STDINT_H 1
| #define HAVE_UNISTD_H 1
| #define HAVE_DLFCN_H 1
| #define LT_OBJDIR ".libs/"
| #define USE_ASM 1
| #define HAVE_PTHREAD_PRIO_INHERIT 1
| #define HAVE_PTHREAD 1
| #define HAVE_DECL_STRERROR_R 1
| #define HAVE_STRERROR_R 1
| #define STRERROR_R_CHAR_P 1
| #define HAVE_FUNC_ATTRIBUTE_VISIBILITY 1
| /* end confdefs.h.  */
| 
| int
| main ()
| {
| 
|   ;
|   return 0;
| }
configure:22713: result: no
configure:22817: checking endian.h usability
configure:22817: g++ -std=c++11 -c -Wno-unknown-pragmas -Wno-deprecated-declarations -Wno-cpp -g -O2 -Wall -Wextra -Wformat -Wformat-security -Wno-unused-parameter  -Wstack-protector -fstack-protector-all -fPIC -Wno-unknown-pragmas -Wno-deprecated -Wno-deprecated-declarations -Wno-cpp -Wno-implicit-fallthrough  -DBOOST_SPIRIT_THREADSAFE -DHAVE_BUILD_INFO -D__STDC_FORMAT_MACROS -DRWTA_BUILD  -U_FORTIFY_SOURCE -D_FORTIFY_SOURCE=2 conftest.cpp >&5
configure:22817: $? = 0
configure:22817: result: yes
configure:22817: checking endian.h presence
configure:22817: g++ -std=c++11 -E -Wno-unknown-pragmas -Wno-deprecated -Wno-deprecated-declarations -Wno-cpp -Wno-implicit-fallthrough  -DBOOST_SPIRIT_THREADSAFE -DHAVE_BUILD_INFO -D__STDC_FORMAT_MACROS -DRWTA_BUILD  -U_FORTIFY_SOURCE -D_FORTIFY_SOURCE=2 conftest.cpp
configure:22817: $? = 0
configure:22817: result: yes
configure:22817: checking for endian.h
configure:22817: result: yes
configure:22817: checking sys/endian.h usability
configure:22817: g++ -std=c++11 -c -Wno-unknown-pragmas -Wno-deprecated-declarations -Wno-cpp -g -O2 -Wall -Wextra -Wformat -Wformat-security -Wno-unused-parameter  -Wstack-protector -fstack-protector-all -fPIC -Wno-unknown-pragmas -Wno-deprecated -Wno-deprecated-declarations -Wno-cpp -Wno-implicit-fallthrough  -DBOOST_SPIRIT_THREADSAFE -DHAVE_BUILD_INFO -D__STDC_FORMAT_MACROS -DRWTA_BUILD  -U_FORTIFY_SOURCE -D_FORTIFY_SOURCE=2 conftest.cpp >&5
conftest.cpp:63:24: fatal error: sys/endian.h: No such file or directory
compilation terminated.
configure:22817: $? = 1
configure: failed program was:
| /* confdefs.h */
| #define PACKAGE_NAME "RWTalercore"
| #define PACKAGE_TARNAME "rwtaler"
| #define PACKAGE_VERSION "1.2.0"
| #define PACKAGE_STRING "RWTalercore 1.2.0"
| #define PACKAGE_BUGREPORT "https://github.com/rwtaler-core/rwtaler/issues"
| #define PACKAGE_URL "https://spidervps.net/"
| #define HAVE_CXX11 1
| #define STDC_HEADERS 1
| #define HAVE_SYS_TYPES_H 1
| #define HAVE_SYS_STAT_H 1
| #define HAVE_STDLIB_H 1
| #define HAVE_STRING_H 1
| #define HAVE_MEMORY_H 1
| #define HAVE_STRINGS_H 1
| #define HAVE_INTTYPES_H 1
| #define HAVE_STDINT_H 1
| #define HAVE_UNISTD_H 1
| #define HAVE_DLFCN_H 1
| #define LT_OBJDIR ".libs/"
| #define USE_ASM 1
| #define HAVE_PTHREAD_PRIO_INHERIT 1
| #define HAVE_PTHREAD 1
| #define HAVE_DECL_STRERROR_R 1
| #define HAVE_STRERROR_R 1
| #define STRERROR_R_CHAR_P 1
| #define HAVE_FUNC_ATTRIBUTE_VISIBILITY 1
| #define HAVE_ENDIAN_H 1
| /* end confdefs.h.  */
| #include <stdio.h>
| #ifdef HAVE_SYS_TYPES_H
| # include <sys/types.h>
| #endif
| #ifdef HAVE_SYS_STAT_H
| # include <sys/stat.h>
| #endif
| #ifdef STDC_HEADERS
| # include <stdlib.h>
| # include <stddef.h>
| #else
| # ifdef HAVE_STDLIB_H
| #  include <stdlib.h>
| # endif
| #endif
| #ifdef HAVE_STRING_H
| # if !defined STDC_HEADERS && defined HAVE_MEMORY_H
| #  include <memory.h>
| # endif
| # include <string.h>
| #endif
| #ifdef HAVE_STRINGS_H
| # include <strings.h>
| #endif
| #ifdef HAVE_INTTYPES_H
| # include <inttypes.h>
| #endif
| #ifdef HAVE_STDINT_H
| # include <stdint.h>
| #endif
| #ifdef HAVE_UNISTD_H
| # include <unistd.h>
| #endif
| #include <sys/endian.h>
configure:22817: result: no
configure:22817: checking sys/endian.h presence
configure:22817: g++ -std=c++11 -E -Wno-unknown-pragmas -Wno-deprecated -Wno-deprecated-declarations -Wno-cpp -Wno-implicit-fallthrough  -DBOOST_SPIRIT_THREADSAFE -DHAVE_BUILD_INFO -D__STDC_FORMAT_MACROS -DRWTA_BUILD  -U_FORTIFY_SOURCE -D_FORTIFY_SOURCE=2 conftest.cpp
conftest.cpp:30:24: fatal error: sys/endian.h: No such file or directory
compilation terminated.
configure:22817: $? = 1
configure: failed program was:
| /* confdefs.h */
| #define PACKAGE_NAME "RWTalercore"
| #define PACKAGE_TARNAME "rwtaler"
| #define PACKAGE_VERSION "1.2.0"
| #define PACKAGE_STRING "RWTalercore 1.2.0"
| #define PACKAGE_BUGREPORT "https://github.com/rwtaler-core/rwtaler/issues"
| #define PACKAGE_URL "https://spidervps.net/"
| #define HAVE_CXX11 1
| #define STDC_HEADERS 1
| #define HAVE_SYS_TYPES_H 1
| #define HAVE_SYS_STAT_H 1
| #define HAVE_STDLIB_H 1
| #define HAVE_STRING_H 1
| #define HAVE_MEMORY_H 1
| #define HAVE_STRINGS_H 1
| #define HAVE_INTTYPES_H 1
| #define HAVE_STDINT_H 1
| #define HAVE_UNISTD_H 1
| #define HAVE_DLFCN_H 1
| #define LT_OBJDIR ".libs/"
| #define USE_ASM 1
| #define HAVE_PTHREAD_PRIO_INHERIT 1
| #define HAVE_PTHREAD 1
| #define HAVE_DECL_STRERROR_R 1
| #define HAVE_STRERROR_R 1
| #define STRERROR_R_CHAR_P 1
| #define HAVE_FUNC_ATTRIBUTE_VISIBILITY 1
| #define HAVE_ENDIAN_H 1
| /* end confdefs.h.  */
| #include <sys/endian.h>
configure:22817: result: no
configure:22817: checking for sys/endian.h
configure:22817: result: no
configure:22817: checking byteswap.h usability
configure:22817: g++ -std=c++11 -c -Wno-unknown-pragmas -Wno-deprecated-declarations -Wno-cpp -g -O2 -Wall -Wextra -Wformat -Wformat-security -Wno-unused-parameter  -Wstack-protector -fstack-protector-all -fPIC -Wno-unknown-pragmas -Wno-deprecated -Wno-deprecated-declarations -Wno-cpp -Wno-implicit-fallthrough  -DBOOST_SPIRIT_THREADSAFE -DHAVE_BUILD_INFO -D__STDC_FORMAT_MACROS -DRWTA_BUILD  -U_FORTIFY_SOURCE -D_FORTIFY_SOURCE=2 conftest.cpp >&5
configure:22817: $? = 0
configure:22817: result: yes
configure:22817: checking byteswap.h presence
configure:22817: g++ -std=c++11 -E -Wno-unknown-pragmas -Wno-deprecated -Wno-deprecated-declarations -Wno-cpp -Wno-implicit-fallthrough  -DBOOST_SPIRIT_THREADSAFE -DHAVE_BUILD_INFO -D__STDC_FORMAT_MACROS -DRWTA_BUILD  -U_FORTIFY_SOURCE -D_FORTIFY_SOURCE=2 conftest.cpp
configure:22817: $? = 0
configure:22817: result: yes
configure:22817: checking for byteswap.h
configure:22817: result: yes
configure:22817: checking stdio.h usability
configure:22817: g++ -std=c++11 -c -Wno-unknown-pragmas -Wno-deprecated-declarations -Wno-cpp -g -O2 -Wall -Wextra -Wformat -Wformat-security -Wno-unused-parameter  -Wstack-protector -fstack-protector-all -fPIC -Wno-unknown-pragmas -Wno-deprecated -Wno-deprecated-declarations -Wno-cpp -Wno-implicit-fallthrough  -DBOOST_SPIRIT_THREADSAFE -DHAVE_BUILD_INFO -D__STDC_FORMAT_MACROS -DRWTA_BUILD  -U_FORTIFY_SOURCE -D_FORTIFY_SOURCE=2 conftest.cpp >&5
configure:22817: $? = 0
configure:22817: result: yes
configure:22817: checking stdio.h presence
configure:22817: g++ -std=c++11 -E -Wno-unknown-pragmas -Wno-deprecated -Wno-deprecated-declarations -Wno-cpp -Wno-implicit-fallthrough  -DBOOST_SPIRIT_THREADSAFE -DHAVE_BUILD_INFO -D__STDC_FORMAT_MACROS -DRWTA_BUILD  -U_FORTIFY_SOURCE -D_FORTIFY_SOURCE=2 conftest.cpp
configure:22817: $? = 0
configure:22817: result: yes
configure:22817: checking for stdio.h
configure:22817: result: yes
configure:22817: checking for stdlib.h
configure:22817: result: yes
configure:22817: checking for unistd.h
configure:22817: result: yes
configure:22817: checking for strings.h
configure:22817: result: yes
configure:22817: checking for sys/types.h
configure:22817: result: yes
configure:22817: checking for sys/stat.h
configure:22817: result: yes
configure:22817: checking sys/select.h usability
configure:22817: g++ -std=c++11 -c -Wno-unknown-pragmas -Wno-deprecated-declarations -Wno-cpp -g -O2 -Wall -Wextra -Wformat -Wformat-security -Wno-unused-parameter  -Wstack-protector -fstack-protector-all -fPIC -Wno-unknown-pragmas -Wno-deprecated -Wno-deprecated-declarations -Wno-cpp -Wno-implicit-fallthrough  -DBOOST_SPIRIT_THREADSAFE -DHAVE_BUILD_INFO -D__STDC_FORMAT_MACROS -DRWTA_BUILD  -U_FORTIFY_SOURCE -D_FORTIFY_SOURCE=2 conftest.cpp >&5
configure:22817: $? = 0
configure:22817: result: yes
configure:22817: checking sys/select.h presence
configure:22817: g++ -std=c++11 -E -Wno-unknown-pragmas -Wno-deprecated -Wno-deprecated-declarations -Wno-cpp -Wno-implicit-fallthrough  -DBOOST_SPIRIT_THREADSAFE -DHAVE_BUILD_INFO -D__STDC_FORMAT_MACROS -DRWTA_BUILD  -U_FORTIFY_SOURCE -D_FORTIFY_SOURCE=2 conftest.cpp
configure:22817: $? = 0
configure:22817: result: yes
configure:22817: checking for sys/select.h
configure:22817: result: yes
configure:22817: checking sys/prctl.h usability
configure:22817: g++ -std=c++11 -c -Wno-unknown-pragmas -Wno-deprecated-declarations -Wno-cpp -g -O2 -Wall -Wextra -Wformat -Wformat-security -Wno-unused-parameter  -Wstack-protector -fstack-protector-all -fPIC -Wno-unknown-pragmas -Wno-deprecated -Wno-deprecated-declarations -Wno-cpp -Wno-implicit-fallthrough  -DBOOST_SPIRIT_THREADSAFE -DHAVE_BUILD_INFO -D__STDC_FORMAT_MACROS -DRWTA_BUILD  -U_FORTIFY_SOURCE -D_FORTIFY_SOURCE=2 conftest.cpp >&5
configure:22817: $? = 0
configure:22817: result: yes
configure:22817: checking sys/prctl.h presence
configure:22817: g++ -std=c++11 -E -Wno-unknown-pragmas -Wno-deprecated -Wno-deprecated-declarations -Wno-cpp -Wno-implicit-fallthrough  -DBOOST_SPIRIT_THREADSAFE -DHAVE_BUILD_INFO -D__STDC_FORMAT_MACROS -DRWTA_BUILD  -U_FORTIFY_SOURCE -D_FORTIFY_SOURCE=2 conftest.cpp
configure:22817: $? = 0
configure:22817: result: yes
configure:22817: checking for sys/prctl.h
configure:22817: result: yes
configure:22828: checking whether strnlen is declared
configure:22828: g++ -std=c++11 -c -Wno-unknown-pragmas -Wno-deprecated-declarations -Wno-cpp -g -O2 -Wall -Wextra -Wformat -Wformat-security -Wno-unused-parameter  -Wstack-protector -fstack-protector-all -fPIC -Wno-unknown-pragmas -Wno-deprecated -Wno-deprecated-declarations -Wno-cpp -Wno-implicit-fallthrough  -DBOOST_SPIRIT_THREADSAFE -DHAVE_BUILD_INFO -D__STDC_FORMAT_MACROS -DRWTA_BUILD  -U_FORTIFY_SOURCE -D_FORTIFY_SOURCE=2 conftest.cpp >&5
configure:22828: $? = 0
configure:22828: result: yes
configure:22841: checking whether daemon is declared
configure:22841: g++ -std=c++11 -c -Wno-unknown-pragmas -Wno-deprecated-declarations -Wno-cpp -g -O2 -Wall -Wextra -Wformat -Wformat-security -Wno-unused-parameter  -Wstack-protector -fstack-protector-all -fPIC -Wno-unknown-pragmas -Wno-deprecated -Wno-deprecated-declarations -Wno-cpp -Wno-implicit-fallthrough  -DBOOST_SPIRIT_THREADSAFE -DHAVE_BUILD_INFO -D__STDC_FORMAT_MACROS -DRWTA_BUILD  -U_FORTIFY_SOURCE -D_FORTIFY_SOURCE=2 conftest.cpp >&5
configure:22841: $? = 0
configure:22841: result: yes
configure:22853: checking whether le16toh is declared
configure:22853: g++ -std=c++11 -c -Wno-unknown-pragmas -Wno-deprecated-declarations -Wno-cpp -g -O2 -Wall -Wextra -Wformat -Wformat-security -Wno-unused-parameter  -Wstack-protector -fstack-protector-all -fPIC -Wno-unknown-pragmas -Wno-deprecated -Wno-deprecated-declarations -Wno-cpp -Wno-implicit-fallthrough  -DBOOST_SPIRIT_THREADSAFE -DHAVE_BUILD_INFO -D__STDC_FORMAT_MACROS -DRWTA_BUILD  -U_FORTIFY_SOURCE -D_FORTIFY_SOURCE=2 conftest.cpp >&5
configure:22853: $? = 0
configure:22853: result: yes
configure:22868: checking whether le32toh is declared
configure:22868: g++ -std=c++11 -c -Wno-unknown-pragmas -Wno-deprecated-declarations -Wno-cpp -g -O2 -Wall -Wextra -Wformat -Wformat-security -Wno-unused-parameter  -Wstack-protector -fstack-protector-all -fPIC -Wno-unknown-pragmas -Wno-deprecated -Wno-deprecated-declarations -Wno-cpp -Wno-implicit-fallthrough  -DBOOST_SPIRIT_THREADSAFE -DHAVE_BUILD_INFO -D__STDC_FORMAT_MACROS -DRWTA_BUILD  -U_FORTIFY_SOURCE -D_FORTIFY_SOURCE=2 conftest.cpp >&5
configure:22868: $? = 0
configure:22868: result: yes
configure:22883: checking whether le64toh is declared
configure:22883: g++ -std=c++11 -c -Wno-unknown-pragmas -Wno-deprecated-declarations -Wno-cpp -g -O2 -Wall -Wextra -Wformat -Wformat-security -Wno-unused-parameter  -Wstack-protector -fstack-protector-all -fPIC -Wno-unknown-pragmas -Wno-deprecated -Wno-deprecated-declarations -Wno-cpp -Wno-implicit-fallthrough  -DBOOST_SPIRIT_THREADSAFE -DHAVE_BUILD_INFO -D__STDC_FORMAT_MACROS -DRWTA_BUILD  -U_FORTIFY_SOURCE -D_FORTIFY_SOURCE=2 conftest.cpp >&5
configure:22883: $? = 0
configure:22883: result: yes
configure:22898: checking whether htole16 is declared
configure:22898: g++ -std=c++11 -c -Wno-unknown-pragmas -Wno-deprecated-declarations -Wno-cpp -g -O2 -Wall -Wextra -Wformat -Wformat-security -Wno-unused-parameter  -Wstack-protector -fstack-protector-all -fPIC -Wno-unknown-pragmas -Wno-deprecated -Wno-deprecated-declarations -Wno-cpp -Wno-implicit-fallthrough  -DBOOST_SPIRIT_THREADSAFE -DHAVE_BUILD_INFO -D__STDC_FORMAT_MACROS -DRWTA_BUILD  -U_FORTIFY_SOURCE -D_FORTIFY_SOURCE=2 conftest.cpp >&5
configure:22898: $? = 0
configure:22898: result: yes
configure:22913: checking whether htole32 is declared
configure:22913: g++ -std=c++11 -c -Wno-unknown-pragmas -Wno-deprecated-declarations -Wno-cpp -g -O2 -Wall -Wextra -Wformat -Wformat-security -Wno-unused-parameter  -Wstack-protector -fstack-protector-all -fPIC -Wno-unknown-pragmas -Wno-deprecated -Wno-deprecated-declarations -Wno-cpp -Wno-implicit-fallthrough  -DBOOST_SPIRIT_THREADSAFE -DHAVE_BUILD_INFO -D__STDC_FORMAT_MACROS -DRWTA_BUILD  -U_FORTIFY_SOURCE -D_FORTIFY_SOURCE=2 conftest.cpp >&5
configure:22913: $? = 0
configure:22913: result: yes
configure:22928: checking whether htole64 is declared
configure:22928: g++ -std=c++11 -c -Wno-unknown-pragmas -Wno-deprecated-declarations -Wno-cpp -g -O2 -Wall -Wextra -Wformat -Wformat-security -Wno-unused-parameter  -Wstack-protector -fstack-protector-all -fPIC -Wno-unknown-pragmas -Wno-deprecated -Wno-deprecated-declarations -Wno-cpp -Wno-implicit-fallthrough  -DBOOST_SPIRIT_THREADSAFE -DHAVE_BUILD_INFO -D__STDC_FORMAT_MACROS -DRWTA_BUILD  -U_FORTIFY_SOURCE -D_FORTIFY_SOURCE=2 conftest.cpp >&5
configure:22928: $? = 0
configure:22928: result: yes
configure:22943: checking whether be16toh is declared
configure:22943: g++ -std=c++11 -c -Wno-unknown-pragmas -Wno-deprecated-declarations -Wno-cpp -g -O2 -Wall -Wextra -Wformat -Wformat-security -Wno-unused-parameter  -Wstack-protector -fstack-protector-all -fPIC -Wno-unknown-pragmas -Wno-deprecated -Wno-deprecated-declarations -Wno-cpp -Wno-implicit-fallthrough  -DBOOST_SPIRIT_THREADSAFE -DHAVE_BUILD_INFO -D__STDC_FORMAT_MACROS -DRWTA_BUILD  -U_FORTIFY_SOURCE -D_FORTIFY_SOURCE=2 conftest.cpp >&5
configure:22943: $? = 0
configure:22943: result: yes
configure:22958: checking whether be32toh is declared
configure:22958: g++ -std=c++11 -c -Wno-unknown-pragmas -Wno-deprecated-declarations -Wno-cpp -g -O2 -Wall -Wextra -Wformat -Wformat-security -Wno-unused-parameter  -Wstack-protector -fstack-protector-all -fPIC -Wno-unknown-pragmas -Wno-deprecated -Wno-deprecated-declarations -Wno-cpp -Wno-implicit-fallthrough  -DBOOST_SPIRIT_THREADSAFE -DHAVE_BUILD_INFO -D__STDC_FORMAT_MACROS -DRWTA_BUILD  -U_FORTIFY_SOURCE -D_FORTIFY_SOURCE=2 conftest.cpp >&5
configure:22958: $? = 0
configure:22958: result: yes
configure:22973: checking whether be64toh is declared
configure:22973: g++ -std=c++11 -c -Wno-unknown-pragmas -Wno-deprecated-declarations -Wno-cpp -g -O2 -Wall -Wextra -Wformat -Wformat-security -Wno-unused-parameter  -Wstack-protector -fstack-protector-all -fPIC -Wno-unknown-pragmas -Wno-deprecated -Wno-deprecated-declarations -Wno-cpp -Wno-implicit-fallthrough  -DBOOST_SPIRIT_THREADSAFE -DHAVE_BUILD_INFO -D__STDC_FORMAT_MACROS -DRWTA_BUILD  -U_FORTIFY_SOURCE -D_FORTIFY_SOURCE=2 conftest.cpp >&5
configure:22973: $? = 0
configure:22973: result: yes
configure:22988: checking whether htobe16 is declared
configure:22988: g++ -std=c++11 -c -Wno-unknown-pragmas -Wno-deprecated-declarations -Wno-cpp -g -O2 -Wall -Wextra -Wformat -Wformat-security -Wno-unused-parameter  -Wstack-protector -fstack-protector-all -fPIC -Wno-unknown-pragmas -Wno-deprecated -Wno-deprecated-declarations -Wno-cpp -Wno-implicit-fallthrough  -DBOOST_SPIRIT_THREADSAFE -DHAVE_BUILD_INFO -D__STDC_FORMAT_MACROS -DRWTA_BUILD  -U_FORTIFY_SOURCE -D_FORTIFY_SOURCE=2 conftest.cpp >&5
configure:22988: $? = 0
configure:22988: result: yes
configure:23003: checking whether htobe32 is declared
configure:23003: g++ -std=c++11 -c -Wno-unknown-pragmas -Wno-deprecated-declarations -Wno-cpp -g -O2 -Wall -Wextra -Wformat -Wformat-security -Wno-unused-parameter  -Wstack-protector -fstack-protector-all -fPIC -Wno-unknown-pragmas -Wno-deprecated -Wno-deprecated-declarations -Wno-cpp -Wno-implicit-fallthrough  -DBOOST_SPIRIT_THREADSAFE -DHAVE_BUILD_INFO -D__STDC_FORMAT_MACROS -DRWTA_BUILD  -U_FORTIFY_SOURCE -D_FORTIFY_SOURCE=2 conftest.cpp >&5
configure:23003: $? = 0
configure:23003: result: yes
configure:23018: checking whether htobe64 is declared
configure:23018: g++ -std=c++11 -c -Wno-unknown-pragmas -Wno-deprecated-declarations -Wno-cpp -g -O2 -Wall -Wextra -Wformat -Wformat-security -Wno-unused-parameter  -Wstack-protector -fstack-protector-all -fPIC -Wno-unknown-pragmas -Wno-deprecated -Wno-deprecated-declarations -Wno-cpp -Wno-implicit-fallthrough  -DBOOST_SPIRIT_THREADSAFE -DHAVE_BUILD_INFO -D__STDC_FORMAT_MACROS -DRWTA_BUILD  -U_FORTIFY_SOURCE -D_FORTIFY_SOURCE=2 conftest.cpp >&5
configure:23018: $? = 0
configure:23018: result: yes
configure:23035: checking whether bswap_16 is declared
configure:23035: g++ -std=c++11 -c -Wno-unknown-pragmas -Wno-deprecated-declarations -Wno-cpp -g -O2 -Wall -Wextra -Wformat -Wformat-security -Wno-unused-parameter  -Wstack-protector -fstack-protector-all -fPIC -Wno-unknown-pragmas -Wno-deprecated -Wno-deprecated-declarations -Wno-cpp -Wno-implicit-fallthrough  -DBOOST_SPIRIT_THREADSAFE -DHAVE_BUILD_INFO -D__STDC_FORMAT_MACROS -DRWTA_BUILD  -U_FORTIFY_SOURCE -D_FORTIFY_SOURCE=2 conftest.cpp >&5
configure:23035: $? = 0
configure:23035: result: yes
configure:23048: checking whether bswap_32 is declared
configure:23048: g++ -std=c++11 -c -Wno-unknown-pragmas -Wno-deprecated-declarations -Wno-cpp -g -O2 -Wall -Wextra -Wformat -Wformat-security -Wno-unused-parameter  -Wstack-protector -fstack-protector-all -fPIC -Wno-unknown-pragmas -Wno-deprecated -Wno-deprecated-declarations -Wno-cpp -Wno-implicit-fallthrough  -DBOOST_SPIRIT_THREADSAFE -DHAVE_BUILD_INFO -D__STDC_FORMAT_MACROS -DRWTA_BUILD  -U_FORTIFY_SOURCE -D_FORTIFY_SOURCE=2 conftest.cpp >&5
configure:23048: $? = 0
configure:23048: result: yes
configure:23061: checking whether bswap_64 is declared
configure:23061: g++ -std=c++11 -c -Wno-unknown-pragmas -Wno-deprecated-declarations -Wno-cpp -g -O2 -Wall -Wextra -Wformat -Wformat-security -Wno-unused-parameter  -Wstack-protector -fstack-protector-all -fPIC -Wno-unknown-pragmas -Wno-deprecated -Wno-deprecated-declarations -Wno-cpp -Wno-implicit-fallthrough  -DBOOST_SPIRIT_THREADSAFE -DHAVE_BUILD_INFO -D__STDC_FORMAT_MACROS -DRWTA_BUILD  -U_FORTIFY_SOURCE -D_FORTIFY_SOURCE=2 conftest.cpp >&5
configure:23061: $? = 0
configure:23061: result: yes
configure:23076: checking for MSG_NOSIGNAL
configure:23089: g++ -std=c++11 -c -Wno-unknown-pragmas -Wno-deprecated-declarations -Wno-cpp -g -O2 -Wall -Wextra -Wformat -Wformat-security -Wno-unused-parameter  -Wstack-protector -fstack-protector-all -fPIC -Wno-unknown-pragmas -Wno-deprecated -Wno-deprecated-declarations -Wno-cpp -Wno-implicit-fallthrough  -DBOOST_SPIRIT_THREADSAFE -DHAVE_BUILD_INFO -D__STDC_FORMAT_MACROS -DRWTA_BUILD  -U_FORTIFY_SOURCE -D_FORTIFY_SOURCE=2 conftest.cpp >&5
conftest.cpp: In function 'int main()':
conftest.cpp:60:6: warning: unused variable 'f' [-Wunused-variable]
  int f = MSG_NOSIGNAL;
      ^
At global scope:
cc1plus: warning: unrecognized command line option '-Wno-implicit-fallthrough'
configure:23089: $? = 0
configure:23090: result: yes
configure:23101: checking for library containing clock_gettime
configure:23149: result: none required
configure:23158: checking for visibility attribute
configure:23167: g++ -std=c++11 -o conftest -Wno-unknown-pragmas -Wno-deprecated-declarations -Wno-cpp -g -O2 -Wall -Wextra -Wformat -Wformat-security -Wno-unused-parameter  -Wstack-protector -fstack-protector-all -fPIC -Wno-unknown-pragmas -Wno-deprecated -Wno-deprecated-declarations -Wno-cpp -Wno-implicit-fallthrough  -DBOOST_SPIRIT_THREADSAFE -DHAVE_BUILD_INFO -D__STDC_FORMAT_MACROS -DRWTA_BUILD  -U_FORTIFY_SOURCE -D_FORTIFY_SOURCE=2   -Wl,-z,relro -Wl,-z,now conftest.cpp  >&5
configure:23167: $? = 0
configure:23172: result: yes
configure:23193: checking for thread_local support
configure:23207: g++ -std=c++11 -o conftest -Wno-unknown-pragmas -Wno-deprecated-declarations -Wno-cpp -g -O2 -Wall -Wextra -Wformat -Wformat-security -Wno-unused-parameter  -Wstack-protector -fstack-protector-all -fPIC -Wno-unknown-pragmas -Wno-deprecated -Wno-deprecated-declarations -Wno-cpp -Wno-implicit-fallthrough  -DBOOST_SPIRIT_THREADSAFE -DHAVE_BUILD_INFO -D__STDC_FORMAT_MACROS -DRWTA_BUILD  -U_FORTIFY_SOURCE -D_FORTIFY_SOURCE=2   -Wl,-z,relro -Wl,-z,now -pthread conftest.cpp  >&5
configure:23207: $? = 0
configure:23212: result: yes
configure:23267: checking for c++11 atomics
configure:23282: g++ -std=c++11 -c -Wno-unknown-pragmas -Wno-deprecated-declarations -Wno-cpp -g -O2 -Wall -Wextra -Wformat -Wformat-security -Wno-unused-parameter  -Wstack-protector -fstack-protector-all -fPIC -std=c++0x -Wno-unknown-pragmas -Wno-deprecated -Wno-deprecated-declarations -Wno-cpp -Wno-implicit-fallthrough  -DBOOST_SPIRIT_THREADSAFE -DHAVE_BUILD_INFO -D__STDC_FORMAT_MACROS -DRWTA_BUILD  -U_FORTIFY_SOURCE -D_FORTIFY_SOURCE=2 conftest.cpp >&5
configure:23282: $? = 0
configure:23283: result: yes
configure:23329: checking for Berkeley DB C++ headers
configure:23359: g++ -std=c++11 -c -Wno-unknown-pragmas -Wno-deprecated-declarations -Wno-cpp -g -O2 -Wall -Wextra -Wformat -Wformat-security -Wno-unused-parameter  -Wstack-protector -fstack-protector-all -fPIC -Wno-unknown-pragmas -Wno-deprecated -Wno-deprecated-declarations -Wno-cpp -Wno-implicit-fallthrough  -DBOOST_SPIRIT_THREADSAFE -DHAVE_BUILD_INFO -D__STDC_FORMAT_MACROS -DRWTA_BUILD  -U_FORTIFY_SOURCE -D_FORTIFY_SOURCE=2 conftest.cpp >&5
conftest.cpp:60:35: fatal error: bdb4.8/db_cxx.h: No such file or directory
compilation terminated.
configure:23359: $? = 1
configure: failed program was:
| /* confdefs.h */
| #define PACKAGE_NAME "RWTalercore"
| #define PACKAGE_TARNAME "rwtaler"
| #define PACKAGE_VERSION "1.2.0"
| #define PACKAGE_STRING "RWTalercore 1.2.0"
| #define PACKAGE_BUGREPORT "https://github.com/rwtaler-core/rwtaler/issues"
| #define PACKAGE_URL "https://spidervps.net/"
| #define HAVE_CXX11 1
| #define STDC_HEADERS 1
| #define HAVE_SYS_TYPES_H 1
| #define HAVE_SYS_STAT_H 1
| #define HAVE_STDLIB_H 1
| #define HAVE_STRING_H 1
| #define HAVE_MEMORY_H 1
| #define HAVE_STRINGS_H 1
| #define HAVE_INTTYPES_H 1
| #define HAVE_STDINT_H 1
| #define HAVE_UNISTD_H 1
| #define HAVE_DLFCN_H 1
| #define LT_OBJDIR ".libs/"
| #define USE_ASM 1
| #define HAVE_PTHREAD_PRIO_INHERIT 1
| #define HAVE_PTHREAD 1
| #define HAVE_DECL_STRERROR_R 1
| #define HAVE_STRERROR_R 1
| #define STRERROR_R_CHAR_P 1
| #define HAVE_FUNC_ATTRIBUTE_VISIBILITY 1
| #define HAVE_ENDIAN_H 1
| #define HAVE_BYTESWAP_H 1
| #define HAVE_STDIO_H 1
| #define HAVE_STDLIB_H 1
| #define HAVE_UNISTD_H 1
| #define HAVE_STRINGS_H 1
| #define HAVE_SYS_TYPES_H 1
| #define HAVE_SYS_STAT_H 1
| #define HAVE_SYS_SELECT_H 1
| #define HAVE_SYS_PRCTL_H 1
| #define HAVE_DECL_STRNLEN 1
| #define HAVE_DECL_DAEMON 1
| #define HAVE_DECL_LE16TOH 1
| #define HAVE_DECL_LE32TOH 1
| #define HAVE_DECL_LE64TOH 1
| #define HAVE_DECL_HTOLE16 1
| #define HAVE_DECL_HTOLE32 1
| #define HAVE_DECL_HTOLE64 1
| #define HAVE_DECL_BE16TOH 1
| #define HAVE_DECL_BE32TOH 1
| #define HAVE_DECL_BE64TOH 1
| #define HAVE_DECL_HTOBE16 1
| #define HAVE_DECL_HTOBE32 1
| #define HAVE_DECL_HTOBE64 1
| #define HAVE_DECL_BSWAP_16 1
| #define HAVE_DECL_BSWAP_32 1
| #define HAVE_DECL_BSWAP_64 1
| #define HAVE_MSG_NOSIGNAL 1
| #define HAVE_VISIBILITY_ATTRIBUTE 1
| #define HAVE_THREAD_LOCAL 1
| /* end confdefs.h.  */
| 
|         #include <bdb4.8/db_cxx.h>
| 
| int
| main ()
| {
| 
|         #if !((DB_VERSION_MAJOR == 4 && DB_VERSION_MINOR >= 8) || DB_VERSION_MAJOR > 4)
|           #error "failed to find bdb 4.8+"
|         #endif
| 
|   ;
|   return 0;
| }
configure:23359: g++ -std=c++11 -c -Wno-unknown-pragmas -Wno-deprecated-declarations -Wno-cpp -g -O2 -Wall -Wextra -Wformat -Wformat-security -Wno-unused-parameter  -Wstack-protector -fstack-protector-all -fPIC -Wno-unknown-pragmas -Wno-deprecated -Wno-deprecated-declarations -Wno-cpp -Wno-implicit-fallthrough  -DBOOST_SPIRIT_THREADSAFE -DHAVE_BUILD_INFO -D__STDC_FORMAT_MACROS -DRWTA_BUILD  -U_FORTIFY_SOURCE -D_FORTIFY_SOURCE=2 conftest.cpp >&5
conftest.cpp:60:37: fatal error: libdb4.8/db_cxx.h: No such file or directory
compilation terminated.
configure:23359: $? = 1
configure: failed program was:
| /* confdefs.h */
| #define PACKAGE_NAME "RWTalercore"
| #define PACKAGE_TARNAME "rwtaler"
| #define PACKAGE_VERSION "1.2.0"
| #define PACKAGE_STRING "RWTalercore 1.2.0"
| #define PACKAGE_BUGREPORT "https://github.com/rwtaler-core/rwtaler/issues"
| #define PACKAGE_URL "https://spidervps.net/"
| #define HAVE_CXX11 1
| #define STDC_HEADERS 1
| #define HAVE_SYS_TYPES_H 1
| #define HAVE_SYS_STAT_H 1
| #define HAVE_STDLIB_H 1
| #define HAVE_STRING_H 1
| #define HAVE_MEMORY_H 1
| #define HAVE_STRINGS_H 1
| #define HAVE_INTTYPES_H 1
| #define HAVE_STDINT_H 1
| #define HAVE_UNISTD_H 1
| #define HAVE_DLFCN_H 1
| #define LT_OBJDIR ".libs/"
| #define USE_ASM 1
| #define HAVE_PTHREAD_PRIO_INHERIT 1
| #define HAVE_PTHREAD 1
| #define HAVE_DECL_STRERROR_R 1
| #define HAVE_STRERROR_R 1
| #define STRERROR_R_CHAR_P 1
| #define HAVE_FUNC_ATTRIBUTE_VISIBILITY 1
| #define HAVE_ENDIAN_H 1
| #define HAVE_BYTESWAP_H 1
| #define HAVE_STDIO_H 1
| #define HAVE_STDLIB_H 1
| #define HAVE_UNISTD_H 1
| #define HAVE_STRINGS_H 1
| #define HAVE_SYS_TYPES_H 1
| #define HAVE_SYS_STAT_H 1
| #define HAVE_SYS_SELECT_H 1
| #define HAVE_SYS_PRCTL_H 1
| #define HAVE_DECL_STRNLEN 1
| #define HAVE_DECL_DAEMON 1
| #define HAVE_DECL_LE16TOH 1
| #define HAVE_DECL_LE32TOH 1
| #define HAVE_DECL_LE64TOH 1
| #define HAVE_DECL_HTOLE16 1
| #define HAVE_DECL_HTOLE32 1
| #define HAVE_DECL_HTOLE64 1
| #define HAVE_DECL_BE16TOH 1
| #define HAVE_DECL_BE32TOH 1
| #define HAVE_DECL_BE64TOH 1
| #define HAVE_DECL_HTOBE16 1
| #define HAVE_DECL_HTOBE32 1
| #define HAVE_DECL_HTOBE64 1
| #define HAVE_DECL_BSWAP_16 1
| #define HAVE_DECL_BSWAP_32 1
| #define HAVE_DECL_BSWAP_64 1
| #define HAVE_MSG_NOSIGNAL 1
| #define HAVE_VISIBILITY_ATTRIBUTE 1
| #define HAVE_THREAD_LOCAL 1
| /* end confdefs.h.  */
| 
|         #include <libdb4.8/db_cxx.h>
| 
| int
| main ()
| {
| 
|         #if !((DB_VERSION_MAJOR == 4 && DB_VERSION_MINOR >= 8) || DB_VERSION_MAJOR > 4)
|           #error "failed to find bdb 4.8+"
|         #endif
| 
|   ;
|   return 0;
| }
configure:23359: g++ -std=c++11 -c -Wno-unknown-pragmas -Wno-deprecated-declarations -Wno-cpp -g -O2 -Wall -Wextra -Wformat -Wformat-security -Wno-unused-parameter  -Wstack-protector -fstack-protector-all -fPIC -Wno-unknown-pragmas -Wno-deprecated -Wno-deprecated-declarations -Wno-cpp -Wno-implicit-fallthrough  -DBOOST_SPIRIT_THREADSAFE -DHAVE_BUILD_INFO -D__STDC_FORMAT_MACROS -DRWTA_BUILD  -U_FORTIFY_SOURCE -D_FORTIFY_SOURCE=2 conftest.cpp >&5
conftest.cpp:60:34: fatal error: db4.8/db_cxx.h: No such file or directory
compilation terminated.
configure:23359: $? = 1
configure: failed program was:
| /* confdefs.h */
| #define PACKAGE_NAME "RWTalercore"
| #define PACKAGE_TARNAME "rwtaler"
| #define PACKAGE_VERSION "1.2.0"
| #define PACKAGE_STRING "RWTalercore 1.2.0"
| #define PACKAGE_BUGREPORT "https://github.com/rwtaler-core/rwtaler/issues"
| #define PACKAGE_URL "https://spidervps.net/"
| #define HAVE_CXX11 1
| #define STDC_HEADERS 1
| #define HAVE_SYS_TYPES_H 1
| #define HAVE_SYS_STAT_H 1
| #define HAVE_STDLIB_H 1
| #define HAVE_STRING_H 1
| #define HAVE_MEMORY_H 1
| #define HAVE_STRINGS_H 1
| #define HAVE_INTTYPES_H 1
| #define HAVE_STDINT_H 1
| #define HAVE_UNISTD_H 1
| #define HAVE_DLFCN_H 1
| #define LT_OBJDIR ".libs/"
| #define USE_ASM 1
| #define HAVE_PTHREAD_PRIO_INHERIT 1
| #define HAVE_PTHREAD 1
| #define HAVE_DECL_STRERROR_R 1
| #define HAVE_STRERROR_R 1
| #define STRERROR_R_CHAR_P 1
| #define HAVE_FUNC_ATTRIBUTE_VISIBILITY 1
| #define HAVE_ENDIAN_H 1
| #define HAVE_BYTESWAP_H 1
| #define HAVE_STDIO_H 1
| #define HAVE_STDLIB_H 1
| #define HAVE_UNISTD_H 1
| #define HAVE_STRINGS_H 1
| #define HAVE_SYS_TYPES_H 1
| #define HAVE_SYS_STAT_H 1
| #define HAVE_SYS_SELECT_H 1
| #define HAVE_SYS_PRCTL_H 1
| #define HAVE_DECL_STRNLEN 1
| #define HAVE_DECL_DAEMON 1
| #define HAVE_DECL_LE16TOH 1
| #define HAVE_DECL_LE32TOH 1
| #define HAVE_DECL_LE64TOH 1
| #define HAVE_DECL_HTOLE16 1
| #define HAVE_DECL_HTOLE32 1
| #define HAVE_DECL_HTOLE64 1
| #define HAVE_DECL_BE16TOH 1
| #define HAVE_DECL_BE32TOH 1
| #define HAVE_DECL_BE64TOH 1
| #define HAVE_DECL_HTOBE16 1
| #define HAVE_DECL_HTOBE32 1
| #define HAVE_DECL_HTOBE64 1
| #define HAVE_DECL_BSWAP_16 1
| #define HAVE_DECL_BSWAP_32 1
| #define HAVE_DECL_BSWAP_64 1
| #define HAVE_MSG_NOSIGNAL 1
| #define HAVE_VISIBILITY_ATTRIBUTE 1
| #define HAVE_THREAD_LOCAL 1
| /* end confdefs.h.  */
| 
|         #include <db4.8/db_cxx.h>
| 
| int
| main ()
| {
| 
|         #if !((DB_VERSION_MAJOR == 4 && DB_VERSION_MINOR >= 8) || DB_VERSION_MAJOR > 4)
|           #error "failed to find bdb 4.8+"
|         #endif
| 
|   ;
|   return 0;
| }
configure:23359: g++ -std=c++11 -c -Wno-unknown-pragmas -Wno-deprecated-declarations -Wno-cpp -g -O2 -Wall -Wextra -Wformat -Wformat-security -Wno-unused-parameter  -Wstack-protector -fstack-protector-all -fPIC -Wno-unknown-pragmas -Wno-deprecated -Wno-deprecated-declarations -Wno-cpp -Wno-implicit-fallthrough  -DBOOST_SPIRIT_THREADSAFE -DHAVE_BUILD_INFO -D__STDC_FORMAT_MACROS -DRWTA_BUILD  -U_FORTIFY_SOURCE -D_FORTIFY_SOURCE=2 conftest.cpp >&5
conftest.cpp:60:34: fatal error: bdb48/db_cxx.h: No such file or directory
compilation terminated.
configure:23359: $? = 1
configure: failed program was:
| /* confdefs.h */
| #define PACKAGE_NAME "RWTalercore"
| #define PACKAGE_TARNAME "rwtaler"
| #define PACKAGE_VERSION "1.2.0"
| #define PACKAGE_STRING "RWTalercore 1.2.0"
| #define PACKAGE_BUGREPORT "https://github.com/rwtaler-core/rwtaler/issues"
| #define PACKAGE_URL "https://spidervps.net/"
| #define HAVE_CXX11 1
| #define STDC_HEADERS 1
| #define HAVE_SYS_TYPES_H 1
| #define HAVE_SYS_STAT_H 1
| #define HAVE_STDLIB_H 1
| #define HAVE_STRING_H 1
| #define HAVE_MEMORY_H 1
| #define HAVE_STRINGS_H 1
| #define HAVE_INTTYPES_H 1
| #define HAVE_STDINT_H 1
| #define HAVE_UNISTD_H 1
| #define HAVE_DLFCN_H 1
| #define LT_OBJDIR ".libs/"
| #define USE_ASM 1
| #define HAVE_PTHREAD_PRIO_INHERIT 1
| #define HAVE_PTHREAD 1
| #define HAVE_DECL_STRERROR_R 1
| #define HAVE_STRERROR_R 1
| #define STRERROR_R_CHAR_P 1
| #define HAVE_FUNC_ATTRIBUTE_VISIBILITY 1
| #define HAVE_ENDIAN_H 1
| #define HAVE_BYTESWAP_H 1
| #define HAVE_STDIO_H 1
| #define HAVE_STDLIB_H 1
| #define HAVE_UNISTD_H 1
| #define HAVE_STRINGS_H 1
| #define HAVE_SYS_TYPES_H 1
| #define HAVE_SYS_STAT_H 1
| #define HAVE_SYS_SELECT_H 1
| #define HAVE_SYS_PRCTL_H 1
| #define HAVE_DECL_STRNLEN 1
| #define HAVE_DECL_DAEMON 1
| #define HAVE_DECL_LE16TOH 1
| #define HAVE_DECL_LE32TOH 1
| #define HAVE_DECL_LE64TOH 1
| #define HAVE_DECL_HTOLE16 1
| #define HAVE_DECL_HTOLE32 1
| #define HAVE_DECL_HTOLE64 1
| #define HAVE_DECL_BE16TOH 1
| #define HAVE_DECL_BE32TOH 1
| #define HAVE_DECL_BE64TOH 1
| #define HAVE_DECL_HTOBE16 1
| #define HAVE_DECL_HTOBE32 1
| #define HAVE_DECL_HTOBE64 1
| #define HAVE_DECL_BSWAP_16 1
| #define HAVE_DECL_BSWAP_32 1
| #define HAVE_DECL_BSWAP_64 1
| #define HAVE_MSG_NOSIGNAL 1
| #define HAVE_VISIBILITY_ATTRIBUTE 1
| #define HAVE_THREAD_LOCAL 1
| /* end confdefs.h.  */
| 
|         #include <bdb48/db_cxx.h>
| 
| int
| main ()
| {
| 
|         #if !((DB_VERSION_MAJOR == 4 && DB_VERSION_MINOR >= 8) || DB_VERSION_MAJOR > 4)
|           #error "failed to find bdb 4.8+"
|         #endif
| 
|   ;
|   return 0;
| }
configure:23359: g++ -std=c++11 -c -Wno-unknown-pragmas -Wno-deprecated-declarations -Wno-cpp -g -O2 -Wall -Wextra -Wformat -Wformat-security -Wno-unused-parameter  -Wstack-protector -fstack-protector-all -fPIC -Wno-unknown-pragmas -Wno-deprecated -Wno-deprecated-declarations -Wno-cpp -Wno-implicit-fallthrough  -DBOOST_SPIRIT_THREADSAFE -DHAVE_BUILD_INFO -D__STDC_FORMAT_MACROS -DRWTA_BUILD  -U_FORTIFY_SOURCE -D_FORTIFY_SOURCE=2 conftest.cpp >&5
conftest.cpp:60:36: fatal error: libdb48/db_cxx.h: No such file or directory
compilation terminated.
configure:23359: $? = 1
configure: failed program was:
| /* confdefs.h */
| #define PACKAGE_NAME "RWTalercore"
| #define PACKAGE_TARNAME "rwtaler"
| #define PACKAGE_VERSION "1.2.0"
| #define PACKAGE_STRING "RWTalercore 1.2.0"
| #define PACKAGE_BUGREPORT "https://github.com/rwtaler-core/rwtaler/issues"
| #define PACKAGE_URL "https://spidervps.net/"
| #define HAVE_CXX11 1
| #define STDC_HEADERS 1
| #define HAVE_SYS_TYPES_H 1
| #define HAVE_SYS_STAT_H 1
| #define HAVE_STDLIB_H 1
| #define HAVE_STRING_H 1
| #define HAVE_MEMORY_H 1
| #define HAVE_STRINGS_H 1
| #define HAVE_INTTYPES_H 1
| #define HAVE_STDINT_H 1
| #define HAVE_UNISTD_H 1
| #define HAVE_DLFCN_H 1
| #define LT_OBJDIR ".libs/"
| #define USE_ASM 1
| #define HAVE_PTHREAD_PRIO_INHERIT 1
| #define HAVE_PTHREAD 1
| #define HAVE_DECL_STRERROR_R 1
| #define HAVE_STRERROR_R 1
| #define STRERROR_R_CHAR_P 1
| #define HAVE_FUNC_ATTRIBUTE_VISIBILITY 1
| #define HAVE_ENDIAN_H 1
| #define HAVE_BYTESWAP_H 1
| #define HAVE_STDIO_H 1
| #define HAVE_STDLIB_H 1
| #define HAVE_UNISTD_H 1
| #define HAVE_STRINGS_H 1
| #define HAVE_SYS_TYPES_H 1
| #define HAVE_SYS_STAT_H 1
| #define HAVE_SYS_SELECT_H 1
| #define HAVE_SYS_PRCTL_H 1
| #define HAVE_DECL_STRNLEN 1
| #define HAVE_DECL_DAEMON 1
| #define HAVE_DECL_LE16TOH 1
| #define HAVE_DECL_LE32TOH 1
| #define HAVE_DECL_LE64TOH 1
| #define HAVE_DECL_HTOLE16 1
| #define HAVE_DECL_HTOLE32 1
| #define HAVE_DECL_HTOLE64 1
| #define HAVE_DECL_BE16TOH 1
| #define HAVE_DECL_BE32TOH 1
| #define HAVE_DECL_BE64TOH 1
| #define HAVE_DECL_HTOBE16 1
| #define HAVE_DECL_HTOBE32 1
| #define HAVE_DECL_HTOBE64 1
| #define HAVE_DECL_BSWAP_16 1
| #define HAVE_DECL_BSWAP_32 1
| #define HAVE_DECL_BSWAP_64 1
| #define HAVE_MSG_NOSIGNAL 1
| #define HAVE_VISIBILITY_ATTRIBUTE 1
| #define HAVE_THREAD_LOCAL 1
| /* end confdefs.h.  */
| 
|         #include <libdb48/db_cxx.h>
| 
| int
| main ()
| {
| 
|         #if !((DB_VERSION_MAJOR == 4 && DB_VERSION_MINOR >= 8) || DB_VERSION_MAJOR > 4)
|           #error "failed to find bdb 4.8+"
|         #endif
| 
|   ;
|   return 0;
| }
configure:23359: g++ -std=c++11 -c -Wno-unknown-pragmas -Wno-deprecated-declarations -Wno-cpp -g -O2 -Wall -Wextra -Wformat -Wformat-security -Wno-unused-parameter  -Wstack-protector -fstack-protector-all -fPIC -Wno-unknown-pragmas -Wno-deprecated -Wno-deprecated-declarations -Wno-cpp -Wno-implicit-fallthrough  -DBOOST_SPIRIT_THREADSAFE -DHAVE_BUILD_INFO -D__STDC_FORMAT_MACROS -DRWTA_BUILD  -U_FORTIFY_SOURCE -D_FORTIFY_SOURCE=2 conftest.cpp >&5
conftest.cpp:60:33: fatal error: db48/db_cxx.h: No such file or directory
compilation terminated.
configure:23359: $? = 1
configure: failed program was:
| /* confdefs.h */
| #define PACKAGE_NAME "RWTalercore"
| #define PACKAGE_TARNAME "rwtaler"
| #define PACKAGE_VERSION "1.2.0"
| #define PACKAGE_STRING "RWTalercore 1.2.0"
| #define PACKAGE_BUGREPORT "https://github.com/rwtaler-core/rwtaler/issues"
| #define PACKAGE_URL "https://spidervps.net/"
| #define HAVE_CXX11 1
| #define STDC_HEADERS 1
| #define HAVE_SYS_TYPES_H 1
| #define HAVE_SYS_STAT_H 1
| #define HAVE_STDLIB_H 1
| #define HAVE_STRING_H 1
| #define HAVE_MEMORY_H 1
| #define HAVE_STRINGS_H 1
| #define HAVE_INTTYPES_H 1
| #define HAVE_STDINT_H 1
| #define HAVE_UNISTD_H 1
| #define HAVE_DLFCN_H 1
| #define LT_OBJDIR ".libs/"
| #define USE_ASM 1
| #define HAVE_PTHREAD_PRIO_INHERIT 1
| #define HAVE_PTHREAD 1
| #define HAVE_DECL_STRERROR_R 1
| #define HAVE_STRERROR_R 1
| #define STRERROR_R_CHAR_P 1
| #define HAVE_FUNC_ATTRIBUTE_VISIBILITY 1
| #define HAVE_ENDIAN_H 1
| #define HAVE_BYTESWAP_H 1
| #define HAVE_STDIO_H 1
| #define HAVE_STDLIB_H 1
| #define HAVE_UNISTD_H 1
| #define HAVE_STRINGS_H 1
| #define HAVE_SYS_TYPES_H 1
| #define HAVE_SYS_STAT_H 1
| #define HAVE_SYS_SELECT_H 1
| #define HAVE_SYS_PRCTL_H 1
| #define HAVE_DECL_STRNLEN 1
| #define HAVE_DECL_DAEMON 1
| #define HAVE_DECL_LE16TOH 1
| #define HAVE_DECL_LE32TOH 1
| #define HAVE_DECL_LE64TOH 1
| #define HAVE_DECL_HTOLE16 1
| #define HAVE_DECL_HTOLE32 1
| #define HAVE_DECL_HTOLE64 1
| #define HAVE_DECL_BE16TOH 1
| #define HAVE_DECL_BE32TOH 1
| #define HAVE_DECL_BE64TOH 1
| #define HAVE_DECL_HTOBE16 1
| #define HAVE_DECL_HTOBE32 1
| #define HAVE_DECL_HTOBE64 1
| #define HAVE_DECL_BSWAP_16 1
| #define HAVE_DECL_BSWAP_32 1
| #define HAVE_DECL_BSWAP_64 1
| #define HAVE_MSG_NOSIGNAL 1
| #define HAVE_VISIBILITY_ATTRIBUTE 1
| #define HAVE_THREAD_LOCAL 1
| /* end confdefs.h.  */
| 
|         #include <db48/db_cxx.h>
| 
| int
| main ()
| {
| 
|         #if !((DB_VERSION_MAJOR == 4 && DB_VERSION_MINOR >= 8) || DB_VERSION_MAJOR > 4)
|           #error "failed to find bdb 4.8+"
|         #endif
| 
|   ;
|   return 0;
| }
configure:23359: g++ -std=c++11 -c -Wno-unknown-pragmas -Wno-deprecated-declarations -Wno-cpp -g -O2 -Wall -Wextra -Wformat -Wformat-security -Wno-unused-parameter  -Wstack-protector -fstack-protector-all -fPIC -Wno-unknown-pragmas -Wno-deprecated -Wno-deprecated-declarations -Wno-cpp -Wno-implicit-fallthrough  -DBOOST_SPIRIT_THREADSAFE -DHAVE_BUILD_INFO -D__STDC_FORMAT_MACROS -DRWTA_BUILD  -U_FORTIFY_SOURCE -D_FORTIFY_SOURCE=2 conftest.cpp >&5
conftest.cpp:60:33: fatal error: bdb4/db_cxx.h: No such file or directory
compilation terminated.
configure:23359: $? = 1
configure: failed program was:
| /* confdefs.h */
| #define PACKAGE_NAME "RWTalercore"
| #define PACKAGE_TARNAME "rwtaler"
| #define PACKAGE_VERSION "1.2.0"
| #define PACKAGE_STRING "RWTalercore 1.2.0"
| #define PACKAGE_BUGREPORT "https://github.com/rwtaler-core/rwtaler/issues"
| #define PACKAGE_URL "https://spidervps.net/"
| #define HAVE_CXX11 1
| #define STDC_HEADERS 1
| #define HAVE_SYS_TYPES_H 1
| #define HAVE_SYS_STAT_H 1
| #define HAVE_STDLIB_H 1
| #define HAVE_STRING_H 1
| #define HAVE_MEMORY_H 1
| #define HAVE_STRINGS_H 1
| #define HAVE_INTTYPES_H 1
| #define HAVE_STDINT_H 1
| #define HAVE_UNISTD_H 1
| #define HAVE_DLFCN_H 1
| #define LT_OBJDIR ".libs/"
| #define USE_ASM 1
| #define HAVE_PTHREAD_PRIO_INHERIT 1
| #define HAVE_PTHREAD 1
| #define HAVE_DECL_STRERROR_R 1
| #define HAVE_STRERROR_R 1
| #define STRERROR_R_CHAR_P 1
| #define HAVE_FUNC_ATTRIBUTE_VISIBILITY 1
| #define HAVE_ENDIAN_H 1
| #define HAVE_BYTESWAP_H 1
| #define HAVE_STDIO_H 1
| #define HAVE_STDLIB_H 1
| #define HAVE_UNISTD_H 1
| #define HAVE_STRINGS_H 1
| #define HAVE_SYS_TYPES_H 1
| #define HAVE_SYS_STAT_H 1
| #define HAVE_SYS_SELECT_H 1
| #define HAVE_SYS_PRCTL_H 1
| #define HAVE_DECL_STRNLEN 1
| #define HAVE_DECL_DAEMON 1
| #define HAVE_DECL_LE16TOH 1
| #define HAVE_DECL_LE32TOH 1
| #define HAVE_DECL_LE64TOH 1
| #define HAVE_DECL_HTOLE16 1
| #define HAVE_DECL_HTOLE32 1
| #define HAVE_DECL_HTOLE64 1
| #define HAVE_DECL_BE16TOH 1
| #define HAVE_DECL_BE32TOH 1
| #define HAVE_DECL_BE64TOH 1
| #define HAVE_DECL_HTOBE16 1
| #define HAVE_DECL_HTOBE32 1
| #define HAVE_DECL_HTOBE64 1
| #define HAVE_DECL_BSWAP_16 1
| #define HAVE_DECL_BSWAP_32 1
| #define HAVE_DECL_BSWAP_64 1
| #define HAVE_MSG_NOSIGNAL 1
| #define HAVE_VISIBILITY_ATTRIBUTE 1
| #define HAVE_THREAD_LOCAL 1
| /* end confdefs.h.  */
| 
|         #include <bdb4/db_cxx.h>
| 
| int
| main ()
| {
| 
|         #if !((DB_VERSION_MAJOR == 4 && DB_VERSION_MINOR >= 8) || DB_VERSION_MAJOR > 4)
|           #error "failed to find bdb 4.8+"
|         #endif
| 
|   ;
|   return 0;
| }
configure:23359: g++ -std=c++11 -c -Wno-unknown-pragmas -Wno-deprecated-declarations -Wno-cpp -g -O2 -Wall -Wextra -Wformat -Wformat-security -Wno-unused-parameter  -Wstack-protector -fstack-protector-all -fPIC -Wno-unknown-pragmas -Wno-deprecated -Wno-deprecated-declarations -Wno-cpp -Wno-implicit-fallthrough  -DBOOST_SPIRIT_THREADSAFE -DHAVE_BUILD_INFO -D__STDC_FORMAT_MACROS -DRWTA_BUILD  -U_FORTIFY_SOURCE -D_FORTIFY_SOURCE=2 conftest.cpp >&5
conftest.cpp:60:35: fatal error: libdb4/db_cxx.h: No such file or directory
compilation terminated.
configure:23359: $? = 1
configure: failed program was:
| /* confdefs.h */
| #define PACKAGE_NAME "RWTalercore"
| #define PACKAGE_TARNAME "rwtaler"
| #define PACKAGE_VERSION "1.2.0"
| #define PACKAGE_STRING "RWTalercore 1.2.0"
| #define PACKAGE_BUGREPORT "https://github.com/rwtaler-core/rwtaler/issues"
| #define PACKAGE_URL "https://spidervps.net/"
| #define HAVE_CXX11 1
| #define STDC_HEADERS 1
| #define HAVE_SYS_TYPES_H 1
| #define HAVE_SYS_STAT_H 1
| #define HAVE_STDLIB_H 1
| #define HAVE_STRING_H 1
| #define HAVE_MEMORY_H 1
| #define HAVE_STRINGS_H 1
| #define HAVE_INTTYPES_H 1
| #define HAVE_STDINT_H 1
| #define HAVE_UNISTD_H 1
| #define HAVE_DLFCN_H 1
| #define LT_OBJDIR ".libs/"
| #define USE_ASM 1
| #define HAVE_PTHREAD_PRIO_INHERIT 1
| #define HAVE_PTHREAD 1
| #define HAVE_DECL_STRERROR_R 1
| #define HAVE_STRERROR_R 1
| #define STRERROR_R_CHAR_P 1
| #define HAVE_FUNC_ATTRIBUTE_VISIBILITY 1
| #define HAVE_ENDIAN_H 1
| #define HAVE_BYTESWAP_H 1
| #define HAVE_STDIO_H 1
| #define HAVE_STDLIB_H 1
| #define HAVE_UNISTD_H 1
| #define HAVE_STRINGS_H 1
| #define HAVE_SYS_TYPES_H 1
| #define HAVE_SYS_STAT_H 1
| #define HAVE_SYS_SELECT_H 1
| #define HAVE_SYS_PRCTL_H 1
| #define HAVE_DECL_STRNLEN 1
| #define HAVE_DECL_DAEMON 1
| #define HAVE_DECL_LE16TOH 1
| #define HAVE_DECL_LE32TOH 1
| #define HAVE_DECL_LE64TOH 1
| #define HAVE_DECL_HTOLE16 1
| #define HAVE_DECL_HTOLE32 1
| #define HAVE_DECL_HTOLE64 1
| #define HAVE_DECL_BE16TOH 1
| #define HAVE_DECL_BE32TOH 1
| #define HAVE_DECL_BE64TOH 1
| #define HAVE_DECL_HTOBE16 1
| #define HAVE_DECL_HTOBE32 1
| #define HAVE_DECL_HTOBE64 1
| #define HAVE_DECL_BSWAP_16 1
| #define HAVE_DECL_BSWAP_32 1
| #define HAVE_DECL_BSWAP_64 1
| #define HAVE_MSG_NOSIGNAL 1
| #define HAVE_VISIBILITY_ATTRIBUTE 1
| #define HAVE_THREAD_LOCAL 1
| /* end confdefs.h.  */
| 
|         #include <libdb4/db_cxx.h>
| 
| int
| main ()
| {
| 
|         #if !((DB_VERSION_MAJOR == 4 && DB_VERSION_MINOR >= 8) || DB_VERSION_MAJOR > 4)
|           #error "failed to find bdb 4.8+"
|         #endif
| 
|   ;
|   return 0;
| }
configure:23359: g++ -std=c++11 -c -Wno-unknown-pragmas -Wno-deprecated-declarations -Wno-cpp -g -O2 -Wall -Wextra -Wformat -Wformat-security -Wno-unused-parameter  -Wstack-protector -fstack-protector-all -fPIC -Wno-unknown-pragmas -Wno-deprecated -Wno-deprecated-declarations -Wno-cpp -Wno-implicit-fallthrough  -DBOOST_SPIRIT_THREADSAFE -DHAVE_BUILD_INFO -D__STDC_FORMAT_MACROS -DRWTA_BUILD  -U_FORTIFY_SOURCE -D_FORTIFY_SOURCE=2 conftest.cpp >&5
conftest.cpp:60:32: fatal error: db4/db_cxx.h: No such file or directory
compilation terminated.
configure:23359: $? = 1
configure: failed program was:
| /* confdefs.h */
| #define PACKAGE_NAME "RWTalercore"
| #define PACKAGE_TARNAME "rwtaler"
| #define PACKAGE_VERSION "1.2.0"
| #define PACKAGE_STRING "RWTalercore 1.2.0"
| #define PACKAGE_BUGREPORT "https://github.com/rwtaler-core/rwtaler/issues"
| #define PACKAGE_URL "https://spidervps.net/"
| #define HAVE_CXX11 1
| #define STDC_HEADERS 1
| #define HAVE_SYS_TYPES_H 1
| #define HAVE_SYS_STAT_H 1
| #define HAVE_STDLIB_H 1
| #define HAVE_STRING_H 1
| #define HAVE_MEMORY_H 1
| #define HAVE_STRINGS_H 1
| #define HAVE_INTTYPES_H 1
| #define HAVE_STDINT_H 1
| #define HAVE_UNISTD_H 1
| #define HAVE_DLFCN_H 1
| #define LT_OBJDIR ".libs/"
| #define USE_ASM 1
| #define HAVE_PTHREAD_PRIO_INHERIT 1
| #define HAVE_PTHREAD 1
| #define HAVE_DECL_STRERROR_R 1
| #define HAVE_STRERROR_R 1
| #define STRERROR_R_CHAR_P 1
| #define HAVE_FUNC_ATTRIBUTE_VISIBILITY 1
| #define HAVE_ENDIAN_H 1
| #define HAVE_BYTESWAP_H 1
| #define HAVE_STDIO_H 1
| #define HAVE_STDLIB_H 1
| #define HAVE_UNISTD_H 1
| #define HAVE_STRINGS_H 1
| #define HAVE_SYS_TYPES_H 1
| #define HAVE_SYS_STAT_H 1
| #define HAVE_SYS_SELECT_H 1
| #define HAVE_SYS_PRCTL_H 1
| #define HAVE_DECL_STRNLEN 1
| #define HAVE_DECL_DAEMON 1
| #define HAVE_DECL_LE16TOH 1
| #define HAVE_DECL_LE32TOH 1
| #define HAVE_DECL_LE64TOH 1
| #define HAVE_DECL_HTOLE16 1
| #define HAVE_DECL_HTOLE32 1
| #define HAVE_DECL_HTOLE64 1
| #define HAVE_DECL_BE16TOH 1
| #define HAVE_DECL_BE32TOH 1
| #define HAVE_DECL_BE64TOH 1
| #define HAVE_DECL_HTOBE16 1
| #define HAVE_DECL_HTOBE32 1
| #define HAVE_DECL_HTOBE64 1
| #define HAVE_DECL_BSWAP_16 1
| #define HAVE_DECL_BSWAP_32 1
| #define HAVE_DECL_BSWAP_64 1
| #define HAVE_MSG_NOSIGNAL 1
| #define HAVE_VISIBILITY_ATTRIBUTE 1
| #define HAVE_THREAD_LOCAL 1
| /* end confdefs.h.  */
| 
|         #include <db4/db_cxx.h>
| 
| int
| main ()
| {
| 
|         #if !((DB_VERSION_MAJOR == 4 && DB_VERSION_MINOR >= 8) || DB_VERSION_MAJOR > 4)
|           #error "failed to find bdb 4.8+"
|         #endif
| 
|   ;
|   return 0;
| }
configure:23359: g++ -std=c++11 -c -Wno-unknown-pragmas -Wno-deprecated-declarations -Wno-cpp -g -O2 -Wall -Wextra -Wformat -Wformat-security -Wno-unused-parameter  -Wstack-protector -fstack-protector-all -fPIC -Wno-unknown-pragmas -Wno-deprecated -Wno-deprecated-declarations -Wno-cpp -Wno-implicit-fallthrough  -DBOOST_SPIRIT_THREADSAFE -DHAVE_BUILD_INFO -D__STDC_FORMAT_MACROS -DRWTA_BUILD  -U_FORTIFY_SOURCE -D_FORTIFY_SOURCE=2 conftest.cpp >&5
conftest.cpp:60:33: fatal error: bdb5/db_cxx.h: No such file or directory
compilation terminated.
configure:23359: $? = 1
configure: failed program was:
| /* confdefs.h */
| #define PACKAGE_NAME "RWTalercore"
| #define PACKAGE_TARNAME "rwtaler"
| #define PACKAGE_VERSION "1.2.0"
| #define PACKAGE_STRING "RWTalercore 1.2.0"
| #define PACKAGE_BUGREPORT "https://github.com/rwtaler-core/rwtaler/issues"
| #define PACKAGE_URL "https://spidervps.net/"
| #define HAVE_CXX11 1
| #define STDC_HEADERS 1
| #define HAVE_SYS_TYPES_H 1
| #define HAVE_SYS_STAT_H 1
| #define HAVE_STDLIB_H 1
| #define HAVE_STRING_H 1
| #define HAVE_MEMORY_H 1
| #define HAVE_STRINGS_H 1
| #define HAVE_INTTYPES_H 1
| #define HAVE_STDINT_H 1
| #define HAVE_UNISTD_H 1
| #define HAVE_DLFCN_H 1
| #define LT_OBJDIR ".libs/"
| #define USE_ASM 1
| #define HAVE_PTHREAD_PRIO_INHERIT 1
| #define HAVE_PTHREAD 1
| #define HAVE_DECL_STRERROR_R 1
| #define HAVE_STRERROR_R 1
| #define STRERROR_R_CHAR_P 1
| #define HAVE_FUNC_ATTRIBUTE_VISIBILITY 1
| #define HAVE_ENDIAN_H 1
| #define HAVE_BYTESWAP_H 1
| #define HAVE_STDIO_H 1
| #define HAVE_STDLIB_H 1
| #define HAVE_UNISTD_H 1
| #define HAVE_STRINGS_H 1
| #define HAVE_SYS_TYPES_H 1
| #define HAVE_SYS_STAT_H 1
| #define HAVE_SYS_SELECT_H 1
| #define HAVE_SYS_PRCTL_H 1
| #define HAVE_DECL_STRNLEN 1
| #define HAVE_DECL_DAEMON 1
| #define HAVE_DECL_LE16TOH 1
| #define HAVE_DECL_LE32TOH 1
| #define HAVE_DECL_LE64TOH 1
| #define HAVE_DECL_HTOLE16 1
| #define HAVE_DECL_HTOLE32 1
| #define HAVE_DECL_HTOLE64 1
| #define HAVE_DECL_BE16TOH 1
| #define HAVE_DECL_BE32TOH 1
| #define HAVE_DECL_BE64TOH 1
| #define HAVE_DECL_HTOBE16 1
| #define HAVE_DECL_HTOBE32 1
| #define HAVE_DECL_HTOBE64 1
| #define HAVE_DECL_BSWAP_16 1
| #define HAVE_DECL_BSWAP_32 1
| #define HAVE_DECL_BSWAP_64 1
| #define HAVE_MSG_NOSIGNAL 1
| #define HAVE_VISIBILITY_ATTRIBUTE 1
| #define HAVE_THREAD_LOCAL 1
| /* end confdefs.h.  */
| 
|         #include <bdb5/db_cxx.h>
| 
| int
| main ()
| {
| 
|         #if !((DB_VERSION_MAJOR == 4 && DB_VERSION_MINOR >= 8) || DB_VERSION_MAJOR > 4)
|           #error "failed to find bdb 4.8+"
|         #endif
| 
|   ;
|   return 0;
| }
configure:23359: g++ -std=c++11 -c -Wno-unknown-pragmas -Wno-deprecated-declarations -Wno-cpp -g -O2 -Wall -Wextra -Wformat -Wformat-security -Wno-unused-parameter  -Wstack-protector -fstack-protector-all -fPIC -Wno-unknown-pragmas -Wno-deprecated -Wno-deprecated-declarations -Wno-cpp -Wno-implicit-fallthrough  -DBOOST_SPIRIT_THREADSAFE -DHAVE_BUILD_INFO -D__STDC_FORMAT_MACROS -DRWTA_BUILD  -U_FORTIFY_SOURCE -D_FORTIFY_SOURCE=2 conftest.cpp >&5
conftest.cpp:60:35: fatal error: libdb5/db_cxx.h: No such file or directory
compilation terminated.
configure:23359: $? = 1
configure: failed program was:
| /* confdefs.h */
| #define PACKAGE_NAME "RWTalercore"
| #define PACKAGE_TARNAME "rwtaler"
| #define PACKAGE_VERSION "1.2.0"
| #define PACKAGE_STRING "RWTalercore 1.2.0"
| #define PACKAGE_BUGREPORT "https://github.com/rwtaler-core/rwtaler/issues"
| #define PACKAGE_URL "https://spidervps.net/"
| #define HAVE_CXX11 1
| #define STDC_HEADERS 1
| #define HAVE_SYS_TYPES_H 1
| #define HAVE_SYS_STAT_H 1
| #define HAVE_STDLIB_H 1
| #define HAVE_STRING_H 1
| #define HAVE_MEMORY_H 1
| #define HAVE_STRINGS_H 1
| #define HAVE_INTTYPES_H 1
| #define HAVE_STDINT_H 1
| #define HAVE_UNISTD_H 1
| #define HAVE_DLFCN_H 1
| #define LT_OBJDIR ".libs/"
| #define USE_ASM 1
| #define HAVE_PTHREAD_PRIO_INHERIT 1
| #define HAVE_PTHREAD 1
| #define HAVE_DECL_STRERROR_R 1
| #define HAVE_STRERROR_R 1
| #define STRERROR_R_CHAR_P 1
| #define HAVE_FUNC_ATTRIBUTE_VISIBILITY 1
| #define HAVE_ENDIAN_H 1
| #define HAVE_BYTESWAP_H 1
| #define HAVE_STDIO_H 1
| #define HAVE_STDLIB_H 1
| #define HAVE_UNISTD_H 1
| #define HAVE_STRINGS_H 1
| #define HAVE_SYS_TYPES_H 1
| #define HAVE_SYS_STAT_H 1
| #define HAVE_SYS_SELECT_H 1
| #define HAVE_SYS_PRCTL_H 1
| #define HAVE_DECL_STRNLEN 1
| #define HAVE_DECL_DAEMON 1
| #define HAVE_DECL_LE16TOH 1
| #define HAVE_DECL_LE32TOH 1
| #define HAVE_DECL_LE64TOH 1
| #define HAVE_DECL_HTOLE16 1
| #define HAVE_DECL_HTOLE32 1
| #define HAVE_DECL_HTOLE64 1
| #define HAVE_DECL_BE16TOH 1
| #define HAVE_DECL_BE32TOH 1
| #define HAVE_DECL_BE64TOH 1
| #define HAVE_DECL_HTOBE16 1
| #define HAVE_DECL_HTOBE32 1
| #define HAVE_DECL_HTOBE64 1
| #define HAVE_DECL_BSWAP_16 1
| #define HAVE_DECL_BSWAP_32 1
| #define HAVE_DECL_BSWAP_64 1
| #define HAVE_MSG_NOSIGNAL 1
| #define HAVE_VISIBILITY_ATTRIBUTE 1
| #define HAVE_THREAD_LOCAL 1
| /* end confdefs.h.  */
| 
|         #include <libdb5/db_cxx.h>
| 
| int
| main ()
| {
| 
|         #if !((DB_VERSION_MAJOR == 4 && DB_VERSION_MINOR >= 8) || DB_VERSION_MAJOR > 4)
|           #error "failed to find bdb 4.8+"
|         #endif
| 
|   ;
|   return 0;
| }
configure:23359: g++ -std=c++11 -c -Wno-unknown-pragmas -Wno-deprecated-declarations -Wno-cpp -g -O2 -Wall -Wextra -Wformat -Wformat-security -Wno-unused-parameter  -Wstack-protector -fstack-protector-all -fPIC -Wno-unknown-pragmas -Wno-deprecated -Wno-deprecated-declarations -Wno-cpp -Wno-implicit-fallthrough  -DBOOST_SPIRIT_THREADSAFE -DHAVE_BUILD_INFO -D__STDC_FORMAT_MACROS -DRWTA_BUILD  -U_FORTIFY_SOURCE -D_FORTIFY_SOURCE=2 conftest.cpp >&5
conftest.cpp:60:32: fatal error: db5/db_cxx.h: No such file or directory
compilation terminated.
configure:23359: $? = 1
configure: failed program was:
| /* confdefs.h */
| #define PACKAGE_NAME "RWTalercore"
| #define PACKAGE_TARNAME "rwtaler"
| #define PACKAGE_VERSION "1.2.0"
| #define PACKAGE_STRING "RWTalercore 1.2.0"
| #define PACKAGE_BUGREPORT "https://github.com/rwtaler-core/rwtaler/issues"
| #define PACKAGE_URL "https://spidervps.net/"
| #define HAVE_CXX11 1
| #define STDC_HEADERS 1
| #define HAVE_SYS_TYPES_H 1
| #define HAVE_SYS_STAT_H 1
| #define HAVE_STDLIB_H 1
| #define HAVE_STRING_H 1
| #define HAVE_MEMORY_H 1
| #define HAVE_STRINGS_H 1
| #define HAVE_INTTYPES_H 1
| #define HAVE_STDINT_H 1
| #define HAVE_UNISTD_H 1
| #define HAVE_DLFCN_H 1
| #define LT_OBJDIR ".libs/"
| #define USE_ASM 1
| #define HAVE_PTHREAD_PRIO_INHERIT 1
| #define HAVE_PTHREAD 1
| #define HAVE_DECL_STRERROR_R 1
| #define HAVE_STRERROR_R 1
| #define STRERROR_R_CHAR_P 1
| #define HAVE_FUNC_ATTRIBUTE_VISIBILITY 1
| #define HAVE_ENDIAN_H 1
| #define HAVE_BYTESWAP_H 1
| #define HAVE_STDIO_H 1
| #define HAVE_STDLIB_H 1
| #define HAVE_UNISTD_H 1
| #define HAVE_STRINGS_H 1
| #define HAVE_SYS_TYPES_H 1
| #define HAVE_SYS_STAT_H 1
| #define HAVE_SYS_SELECT_H 1
| #define HAVE_SYS_PRCTL_H 1
| #define HAVE_DECL_STRNLEN 1
| #define HAVE_DECL_DAEMON 1
| #define HAVE_DECL_LE16TOH 1
| #define HAVE_DECL_LE32TOH 1
| #define HAVE_DECL_LE64TOH 1
| #define HAVE_DECL_HTOLE16 1
| #define HAVE_DECL_HTOLE32 1
| #define HAVE_DECL_HTOLE64 1
| #define HAVE_DECL_BE16TOH 1
| #define HAVE_DECL_BE32TOH 1
| #define HAVE_DECL_BE64TOH 1
| #define HAVE_DECL_HTOBE16 1
| #define HAVE_DECL_HTOBE32 1
| #define HAVE_DECL_HTOBE64 1
| #define HAVE_DECL_BSWAP_16 1
| #define HAVE_DECL_BSWAP_32 1
| #define HAVE_DECL_BSWAP_64 1
| #define HAVE_MSG_NOSIGNAL 1
| #define HAVE_VISIBILITY_ATTRIBUTE 1
| #define HAVE_THREAD_LOCAL 1
| /* end confdefs.h.  */
| 
|         #include <db5/db_cxx.h>
| 
| int
| main ()
| {
| 
|         #if !((DB_VERSION_MAJOR == 4 && DB_VERSION_MINOR >= 8) || DB_VERSION_MAJOR > 4)
|           #error "failed to find bdb 4.8+"
|         #endif
| 
|   ;
|   return 0;
| }
configure:23359: g++ -std=c++11 -c -Wno-unknown-pragmas -Wno-deprecated-declarations -Wno-cpp -g -O2 -Wall -Wextra -Wformat -Wformat-security -Wno-unused-parameter  -Wstack-protector -fstack-protector-all -fPIC -Wno-unknown-pragmas -Wno-deprecated -Wno-deprecated-declarations -Wno-cpp -Wno-implicit-fallthrough  -DBOOST_SPIRIT_THREADSAFE -DHAVE_BUILD_INFO -D__STDC_FORMAT_MACROS -DRWTA_BUILD  -U_FORTIFY_SOURCE -D_FORTIFY_SOURCE=2 conftest.cpp >&5
conftest.cpp:60:35: fatal error: bdb5.3/db_cxx.h: No such file or directory
compilation terminated.
configure:23359: $? = 1
configure: failed program was:
| /* confdefs.h */
| #define PACKAGE_NAME "RWTalercore"
| #define PACKAGE_TARNAME "rwtaler"
| #define PACKAGE_VERSION "1.2.0"
| #define PACKAGE_STRING "RWTalercore 1.2.0"
| #define PACKAGE_BUGREPORT "https://github.com/rwtaler-core/rwtaler/issues"
| #define PACKAGE_URL "https://spidervps.net/"
| #define HAVE_CXX11 1
| #define STDC_HEADERS 1
| #define HAVE_SYS_TYPES_H 1
| #define HAVE_SYS_STAT_H 1
| #define HAVE_STDLIB_H 1
| #define HAVE_STRING_H 1
| #define HAVE_MEMORY_H 1
| #define HAVE_STRINGS_H 1
| #define HAVE_INTTYPES_H 1
| #define HAVE_STDINT_H 1
| #define HAVE_UNISTD_H 1
| #define HAVE_DLFCN_H 1
| #define LT_OBJDIR ".libs/"
| #define USE_ASM 1
| #define HAVE_PTHREAD_PRIO_INHERIT 1
| #define HAVE_PTHREAD 1
| #define HAVE_DECL_STRERROR_R 1
| #define HAVE_STRERROR_R 1
| #define STRERROR_R_CHAR_P 1
| #define HAVE_FUNC_ATTRIBUTE_VISIBILITY 1
| #define HAVE_ENDIAN_H 1
| #define HAVE_BYTESWAP_H 1
| #define HAVE_STDIO_H 1
| #define HAVE_STDLIB_H 1
| #define HAVE_UNISTD_H 1
| #define HAVE_STRINGS_H 1
| #define HAVE_SYS_TYPES_H 1
| #define HAVE_SYS_STAT_H 1
| #define HAVE_SYS_SELECT_H 1
| #define HAVE_SYS_PRCTL_H 1
| #define HAVE_DECL_STRNLEN 1
| #define HAVE_DECL_DAEMON 1
| #define HAVE_DECL_LE16TOH 1
| #define HAVE_DECL_LE32TOH 1
| #define HAVE_DECL_LE64TOH 1
| #define HAVE_DECL_HTOLE16 1
| #define HAVE_DECL_HTOLE32 1
| #define HAVE_DECL_HTOLE64 1
| #define HAVE_DECL_BE16TOH 1
| #define HAVE_DECL_BE32TOH 1
| #define HAVE_DECL_BE64TOH 1
| #define HAVE_DECL_HTOBE16 1
| #define HAVE_DECL_HTOBE32 1
| #define HAVE_DECL_HTOBE64 1
| #define HAVE_DECL_BSWAP_16 1
| #define HAVE_DECL_BSWAP_32 1
| #define HAVE_DECL_BSWAP_64 1
| #define HAVE_MSG_NOSIGNAL 1
| #define HAVE_VISIBILITY_ATTRIBUTE 1
| #define HAVE_THREAD_LOCAL 1
| /* end confdefs.h.  */
| 
|         #include <bdb5.3/db_cxx.h>
| 
| int
| main ()
| {
| 
|         #if !((DB_VERSION_MAJOR == 4 && DB_VERSION_MINOR >= 8) || DB_VERSION_MAJOR > 4)
|           #error "failed to find bdb 4.8+"
|         #endif
| 
|   ;
|   return 0;
| }
configure:23359: g++ -std=c++11 -c -Wno-unknown-pragmas -Wno-deprecated-declarations -Wno-cpp -g -O2 -Wall -Wextra -Wformat -Wformat-security -Wno-unused-parameter  -Wstack-protector -fstack-protector-all -fPIC -Wno-unknown-pragmas -Wno-deprecated -Wno-deprecated-declarations -Wno-cpp -Wno-implicit-fallthrough  -DBOOST_SPIRIT_THREADSAFE -DHAVE_BUILD_INFO -D__STDC_FORMAT_MACROS -DRWTA_BUILD  -U_FORTIFY_SOURCE -D_FORTIFY_SOURCE=2 conftest.cpp >&5
conftest.cpp:60:37: fatal error: libdb5.3/db_cxx.h: No such file or directory
compilation terminated.
configure:23359: $? = 1
configure: failed program was:
| /* confdefs.h */
| #define PACKAGE_NAME "RWTalercore"
| #define PACKAGE_TARNAME "rwtaler"
| #define PACKAGE_VERSION "1.2.0"
| #define PACKAGE_STRING "RWTalercore 1.2.0"
| #define PACKAGE_BUGREPORT "https://github.com/rwtaler-core/rwtaler/issues"
| #define PACKAGE_URL "https://spidervps.net/"
| #define HAVE_CXX11 1
| #define STDC_HEADERS 1
| #define HAVE_SYS_TYPES_H 1
| #define HAVE_SYS_STAT_H 1
| #define HAVE_STDLIB_H 1
| #define HAVE_STRING_H 1
| #define HAVE_MEMORY_H 1
| #define HAVE_STRINGS_H 1
| #define HAVE_INTTYPES_H 1
| #define HAVE_STDINT_H 1
| #define HAVE_UNISTD_H 1
| #define HAVE_DLFCN_H 1
| #define LT_OBJDIR ".libs/"
| #define USE_ASM 1
| #define HAVE_PTHREAD_PRIO_INHERIT 1
| #define HAVE_PTHREAD 1
| #define HAVE_DECL_STRERROR_R 1
| #define HAVE_STRERROR_R 1
| #define STRERROR_R_CHAR_P 1
| #define HAVE_FUNC_ATTRIBUTE_VISIBILITY 1
| #define HAVE_ENDIAN_H 1
| #define HAVE_BYTESWAP_H 1
| #define HAVE_STDIO_H 1
| #define HAVE_STDLIB_H 1
| #define HAVE_UNISTD_H 1
| #define HAVE_STRINGS_H 1
| #define HAVE_SYS_TYPES_H 1
| #define HAVE_SYS_STAT_H 1
| #define HAVE_SYS_SELECT_H 1
| #define HAVE_SYS_PRCTL_H 1
| #define HAVE_DECL_STRNLEN 1
| #define HAVE_DECL_DAEMON 1
| #define HAVE_DECL_LE16TOH 1
| #define HAVE_DECL_LE32TOH 1
| #define HAVE_DECL_LE64TOH 1
| #define HAVE_DECL_HTOLE16 1
| #define HAVE_DECL_HTOLE32 1
| #define HAVE_DECL_HTOLE64 1
| #define HAVE_DECL_BE16TOH 1
| #define HAVE_DECL_BE32TOH 1
| #define HAVE_DECL_BE64TOH 1
| #define HAVE_DECL_HTOBE16 1
| #define HAVE_DECL_HTOBE32 1
| #define HAVE_DECL_HTOBE64 1
| #define HAVE_DECL_BSWAP_16 1
| #define HAVE_DECL_BSWAP_32 1
| #define HAVE_DECL_BSWAP_64 1
| #define HAVE_MSG_NOSIGNAL 1
| #define HAVE_VISIBILITY_ATTRIBUTE 1
| #define HAVE_THREAD_LOCAL 1
| /* end confdefs.h.  */
| 
|         #include <libdb5.3/db_cxx.h>
| 
| int
| main ()
| {
| 
|         #if !((DB_VERSION_MAJOR == 4 && DB_VERSION_MINOR >= 8) || DB_VERSION_MAJOR > 4)
|           #error "failed to find bdb 4.8+"
|         #endif
| 
|   ;
|   return 0;
| }
configure:23359: g++ -std=c++11 -c -Wno-unknown-pragmas -Wno-deprecated-declarations -Wno-cpp -g -O2 -Wall -Wextra -Wformat -Wformat-security -Wno-unused-parameter  -Wstack-protector -fstack-protector-all -fPIC -Wno-unknown-pragmas -Wno-deprecated -Wno-deprecated-declarations -Wno-cpp -Wno-implicit-fallthrough  -DBOOST_SPIRIT_THREADSAFE -DHAVE_BUILD_INFO -D__STDC_FORMAT_MACROS -DRWTA_BUILD  -U_FORTIFY_SOURCE -D_FORTIFY_SOURCE=2 conftest.cpp >&5
conftest.cpp:60:34: fatal error: db5.3/db_cxx.h: No such file or directory
compilation terminated.
configure:23359: $? = 1
configure: failed program was:
| /* confdefs.h */
| #define PACKAGE_NAME "RWTalercore"
| #define PACKAGE_TARNAME "rwtaler"
| #define PACKAGE_VERSION "1.2.0"
| #define PACKAGE_STRING "RWTalercore 1.2.0"
| #define PACKAGE_BUGREPORT "https://github.com/rwtaler-core/rwtaler/issues"
| #define PACKAGE_URL "https://spidervps.net/"
| #define HAVE_CXX11 1
| #define STDC_HEADERS 1
| #define HAVE_SYS_TYPES_H 1
| #define HAVE_SYS_STAT_H 1
| #define HAVE_STDLIB_H 1
| #define HAVE_STRING_H 1
| #define HAVE_MEMORY_H 1
| #define HAVE_STRINGS_H 1
| #define HAVE_INTTYPES_H 1
| #define HAVE_STDINT_H 1
| #define HAVE_UNISTD_H 1
| #define HAVE_DLFCN_H 1
| #define LT_OBJDIR ".libs/"
| #define USE_ASM 1
| #define HAVE_PTHREAD_PRIO_INHERIT 1
| #define HAVE_PTHREAD 1
| #define HAVE_DECL_STRERROR_R 1
| #define HAVE_STRERROR_R 1
| #define STRERROR_R_CHAR_P 1
| #define HAVE_FUNC_ATTRIBUTE_VISIBILITY 1
| #define HAVE_ENDIAN_H 1
| #define HAVE_BYTESWAP_H 1
| #define HAVE_STDIO_H 1
| #define HAVE_STDLIB_H 1
| #define HAVE_UNISTD_H 1
| #define HAVE_STRINGS_H 1
| #define HAVE_SYS_TYPES_H 1
| #define HAVE_SYS_STAT_H 1
| #define HAVE_SYS_SELECT_H 1
| #define HAVE_SYS_PRCTL_H 1
| #define HAVE_DECL_STRNLEN 1
| #define HAVE_DECL_DAEMON 1
| #define HAVE_DECL_LE16TOH 1
| #define HAVE_DECL_LE32TOH 1
| #define HAVE_DECL_LE64TOH 1
| #define HAVE_DECL_HTOLE16 1
| #define HAVE_DECL_HTOLE32 1
| #define HAVE_DECL_HTOLE64 1
| #define HAVE_DECL_BE16TOH 1
| #define HAVE_DECL_BE32TOH 1
| #define HAVE_DECL_BE64TOH 1
| #define HAVE_DECL_HTOBE16 1
| #define HAVE_DECL_HTOBE32 1
| #define HAVE_DECL_HTOBE64 1
| #define HAVE_DECL_BSWAP_16 1
| #define HAVE_DECL_BSWAP_32 1
| #define HAVE_DECL_BSWAP_64 1
| #define HAVE_MSG_NOSIGNAL 1
| #define HAVE_VISIBILITY_ATTRIBUTE 1
| #define HAVE_THREAD_LOCAL 1
| /* end confdefs.h.  */
| 
|         #include <db5.3/db_cxx.h>
| 
| int
| main ()
| {
| 
|         #if !((DB_VERSION_MAJOR == 4 && DB_VERSION_MINOR >= 8) || DB_VERSION_MAJOR > 4)
|           #error "failed to find bdb 4.8+"
|         #endif
| 
|   ;
|   return 0;
| }
configure:23359: g++ -std=c++11 -c -Wno-unknown-pragmas -Wno-deprecated-declarations -Wno-cpp -g -O2 -Wall -Wextra -Wformat -Wformat-security -Wno-unused-parameter  -Wstack-protector -fstack-protector-all -fPIC -Wno-unknown-pragmas -Wno-deprecated -Wno-deprecated-declarations -Wno-cpp -Wno-implicit-fallthrough  -DBOOST_SPIRIT_THREADSAFE -DHAVE_BUILD_INFO -D__STDC_FORMAT_MACROS -DRWTA_BUILD  -U_FORTIFY_SOURCE -D_FORTIFY_SOURCE=2 conftest.cpp >&5
conftest.cpp:60:32: fatal error: bdb/db_cxx.h: No such file or directory
compilation terminated.
configure:23359: $? = 1
configure: failed program was:
| /* confdefs.h */
| #define PACKAGE_NAME "RWTalercore"
| #define PACKAGE_TARNAME "rwtaler"
| #define PACKAGE_VERSION "1.2.0"
| #define PACKAGE_STRING "RWTalercore 1.2.0"
| #define PACKAGE_BUGREPORT "https://github.com/rwtaler-core/rwtaler/issues"
| #define PACKAGE_URL "https://spidervps.net/"
| #define HAVE_CXX11 1
| #define STDC_HEADERS 1
| #define HAVE_SYS_TYPES_H 1
| #define HAVE_SYS_STAT_H 1
| #define HAVE_STDLIB_H 1
| #define HAVE_STRING_H 1
| #define HAVE_MEMORY_H 1
| #define HAVE_STRINGS_H 1
| #define HAVE_INTTYPES_H 1
| #define HAVE_STDINT_H 1
| #define HAVE_UNISTD_H 1
| #define HAVE_DLFCN_H 1
| #define LT_OBJDIR ".libs/"
| #define USE_ASM 1
| #define HAVE_PTHREAD_PRIO_INHERIT 1
| #define HAVE_PTHREAD 1
| #define HAVE_DECL_STRERROR_R 1
| #define HAVE_STRERROR_R 1
| #define STRERROR_R_CHAR_P 1
| #define HAVE_FUNC_ATTRIBUTE_VISIBILITY 1
| #define HAVE_ENDIAN_H 1
| #define HAVE_BYTESWAP_H 1
| #define HAVE_STDIO_H 1
| #define HAVE_STDLIB_H 1
| #define HAVE_UNISTD_H 1
| #define HAVE_STRINGS_H 1
| #define HAVE_SYS_TYPES_H 1
| #define HAVE_SYS_STAT_H 1
| #define HAVE_SYS_SELECT_H 1
| #define HAVE_SYS_PRCTL_H 1
| #define HAVE_DECL_STRNLEN 1
| #define HAVE_DECL_DAEMON 1
| #define HAVE_DECL_LE16TOH 1
| #define HAVE_DECL_LE32TOH 1
| #define HAVE_DECL_LE64TOH 1
| #define HAVE_DECL_HTOLE16 1
| #define HAVE_DECL_HTOLE32 1
| #define HAVE_DECL_HTOLE64 1
| #define HAVE_DECL_BE16TOH 1
| #define HAVE_DECL_BE32TOH 1
| #define HAVE_DECL_BE64TOH 1
| #define HAVE_DECL_HTOBE16 1
| #define HAVE_DECL_HTOBE32 1
| #define HAVE_DECL_HTOBE64 1
| #define HAVE_DECL_BSWAP_16 1
| #define HAVE_DECL_BSWAP_32 1
| #define HAVE_DECL_BSWAP_64 1
| #define HAVE_MSG_NOSIGNAL 1
| #define HAVE_VISIBILITY_ATTRIBUTE 1
| #define HAVE_THREAD_LOCAL 1
| /* end confdefs.h.  */
| 
|         #include <bdb/db_cxx.h>
| 
| int
| main ()
| {
| 
|         #if !((DB_VERSION_MAJOR == 4 && DB_VERSION_MINOR >= 8) || DB_VERSION_MAJOR > 4)
|           #error "failed to find bdb 4.8+"
|         #endif
| 
|   ;
|   return 0;
| }
configure:23359: g++ -std=c++11 -c -Wno-unknown-pragmas -Wno-deprecated-declarations -Wno-cpp -g -O2 -Wall -Wextra -Wformat -Wformat-security -Wno-unused-parameter  -Wstack-protector -fstack-protector-all -fPIC -Wno-unknown-pragmas -Wno-deprecated -Wno-deprecated-declarations -Wno-cpp -Wno-implicit-fallthrough  -DBOOST_SPIRIT_THREADSAFE -DHAVE_BUILD_INFO -D__STDC_FORMAT_MACROS -DRWTA_BUILD  -U_FORTIFY_SOURCE -D_FORTIFY_SOURCE=2 conftest.cpp >&5
conftest.cpp:60:34: fatal error: libdb/db_cxx.h: No such file or directory
compilation terminated.
configure:23359: $? = 1
configure: failed program was:
| /* confdefs.h */
| #define PACKAGE_NAME "RWTalercore"
| #define PACKAGE_TARNAME "rwtaler"
| #define PACKAGE_VERSION "1.2.0"
| #define PACKAGE_STRING "RWTalercore 1.2.0"
| #define PACKAGE_BUGREPORT "https://github.com/rwtaler-core/rwtaler/issues"
| #define PACKAGE_URL "https://spidervps.net/"
| #define HAVE_CXX11 1
| #define STDC_HEADERS 1
| #define HAVE_SYS_TYPES_H 1
| #define HAVE_SYS_STAT_H 1
| #define HAVE_STDLIB_H 1
| #define HAVE_STRING_H 1
| #define HAVE_MEMORY_H 1
| #define HAVE_STRINGS_H 1
| #define HAVE_INTTYPES_H 1
| #define HAVE_STDINT_H 1
| #define HAVE_UNISTD_H 1
| #define HAVE_DLFCN_H 1
| #define LT_OBJDIR ".libs/"
| #define USE_ASM 1
| #define HAVE_PTHREAD_PRIO_INHERIT 1
| #define HAVE_PTHREAD 1
| #define HAVE_DECL_STRERROR_R 1
| #define HAVE_STRERROR_R 1
| #define STRERROR_R_CHAR_P 1
| #define HAVE_FUNC_ATTRIBUTE_VISIBILITY 1
| #define HAVE_ENDIAN_H 1
| #define HAVE_BYTESWAP_H 1
| #define HAVE_STDIO_H 1
| #define HAVE_STDLIB_H 1
| #define HAVE_UNISTD_H 1
| #define HAVE_STRINGS_H 1
| #define HAVE_SYS_TYPES_H 1
| #define HAVE_SYS_STAT_H 1
| #define HAVE_SYS_SELECT_H 1
| #define HAVE_SYS_PRCTL_H 1
| #define HAVE_DECL_STRNLEN 1
| #define HAVE_DECL_DAEMON 1
| #define HAVE_DECL_LE16TOH 1
| #define HAVE_DECL_LE32TOH 1
| #define HAVE_DECL_LE64TOH 1
| #define HAVE_DECL_HTOLE16 1
| #define HAVE_DECL_HTOLE32 1
| #define HAVE_DECL_HTOLE64 1
| #define HAVE_DECL_BE16TOH 1
| #define HAVE_DECL_BE32TOH 1
| #define HAVE_DECL_BE64TOH 1
| #define HAVE_DECL_HTOBE16 1
| #define HAVE_DECL_HTOBE32 1
| #define HAVE_DECL_HTOBE64 1
| #define HAVE_DECL_BSWAP_16 1
| #define HAVE_DECL_BSWAP_32 1
| #define HAVE_DECL_BSWAP_64 1
| #define HAVE_MSG_NOSIGNAL 1
| #define HAVE_VISIBILITY_ATTRIBUTE 1
| #define HAVE_THREAD_LOCAL 1
| /* end confdefs.h.  */
| 
|         #include <libdb/db_cxx.h>
| 
| int
| main ()
| {
| 
|         #if !((DB_VERSION_MAJOR == 4 && DB_VERSION_MINOR >= 8) || DB_VERSION_MAJOR > 4)
|           #error "failed to find bdb 4.8+"
|         #endif
| 
|   ;
|   return 0;
| }
configure:23359: g++ -std=c++11 -c -Wno-unknown-pragmas -Wno-deprecated-declarations -Wno-cpp -g -O2 -Wall -Wextra -Wformat -Wformat-security -Wno-unused-parameter  -Wstack-protector -fstack-protector-all -fPIC -Wno-unknown-pragmas -Wno-deprecated -Wno-deprecated-declarations -Wno-cpp -Wno-implicit-fallthrough  -DBOOST_SPIRIT_THREADSAFE -DHAVE_BUILD_INFO -D__STDC_FORMAT_MACROS -DRWTA_BUILD  -U_FORTIFY_SOURCE -D_FORTIFY_SOURCE=2 conftest.cpp >&5
conftest.cpp:60:31: fatal error: db/db_cxx.h: No such file or directory
compilation terminated.
configure:23359: $? = 1
configure: failed program was:
| /* confdefs.h */
| #define PACKAGE_NAME "RWTalercore"
| #define PACKAGE_TARNAME "rwtaler"
| #define PACKAGE_VERSION "1.2.0"
| #define PACKAGE_STRING "RWTalercore 1.2.0"
| #define PACKAGE_BUGREPORT "https://github.com/rwtaler-core/rwtaler/issues"
| #define PACKAGE_URL "https://spidervps.net/"
| #define HAVE_CXX11 1
| #define STDC_HEADERS 1
| #define HAVE_SYS_TYPES_H 1
| #define HAVE_SYS_STAT_H 1
| #define HAVE_STDLIB_H 1
| #define HAVE_STRING_H 1
| #define HAVE_MEMORY_H 1
| #define HAVE_STRINGS_H 1
| #define HAVE_INTTYPES_H 1
| #define HAVE_STDINT_H 1
| #define HAVE_UNISTD_H 1
| #define HAVE_DLFCN_H 1
| #define LT_OBJDIR ".libs/"
| #define USE_ASM 1
| #define HAVE_PTHREAD_PRIO_INHERIT 1
| #define HAVE_PTHREAD 1
| #define HAVE_DECL_STRERROR_R 1
| #define HAVE_STRERROR_R 1
| #define STRERROR_R_CHAR_P 1
| #define HAVE_FUNC_ATTRIBUTE_VISIBILITY 1
| #define HAVE_ENDIAN_H 1
| #define HAVE_BYTESWAP_H 1
| #define HAVE_STDIO_H 1
| #define HAVE_STDLIB_H 1
| #define HAVE_UNISTD_H 1
| #define HAVE_STRINGS_H 1
| #define HAVE_SYS_TYPES_H 1
| #define HAVE_SYS_STAT_H 1
| #define HAVE_SYS_SELECT_H 1
| #define HAVE_SYS_PRCTL_H 1
| #define HAVE_DECL_STRNLEN 1
| #define HAVE_DECL_DAEMON 1
| #define HAVE_DECL_LE16TOH 1
| #define HAVE_DECL_LE32TOH 1
| #define HAVE_DECL_LE64TOH 1
| #define HAVE_DECL_HTOLE16 1
| #define HAVE_DECL_HTOLE32 1
| #define HAVE_DECL_HTOLE64 1
| #define HAVE_DECL_BE16TOH 1
| #define HAVE_DECL_BE32TOH 1
| #define HAVE_DECL_BE64TOH 1
| #define HAVE_DECL_HTOBE16 1
| #define HAVE_DECL_HTOBE32 1
| #define HAVE_DECL_HTOBE64 1
| #define HAVE_DECL_BSWAP_16 1
| #define HAVE_DECL_BSWAP_32 1
| #define HAVE_DECL_BSWAP_64 1
| #define HAVE_MSG_NOSIGNAL 1
| #define HAVE_VISIBILITY_ATTRIBUTE 1
| #define HAVE_THREAD_LOCAL 1
| /* end confdefs.h.  */
| 
|         #include <db/db_cxx.h>
| 
| int
| main ()
| {
| 
|         #if !((DB_VERSION_MAJOR == 4 && DB_VERSION_MINOR >= 8) || DB_VERSION_MAJOR > 4)
|           #error "failed to find bdb 4.8+"
|         #endif
| 
|   ;
|   return 0;
| }
configure:23359: g++ -std=c++11 -c -Wno-unknown-pragmas -Wno-deprecated-declarations -Wno-cpp -g -O2 -Wall -Wextra -Wformat -Wformat-security -Wno-unused-parameter  -Wstack-protector -fstack-protector-all -fPIC -Wno-unknown-pragmas -Wno-deprecated -Wno-deprecated-declarations -Wno-cpp -Wno-implicit-fallthrough  -DBOOST_SPIRIT_THREADSAFE -DHAVE_BUILD_INFO -D__STDC_FORMAT_MACROS -DRWTA_BUILD  -U_FORTIFY_SOURCE -D_FORTIFY_SOURCE=2 conftest.cpp >&5
configure:23359: $? = 0
configure:23388: g++ -std=c++11 -c -Wno-unknown-pragmas -Wno-deprecated-declarations -Wno-cpp -g -O2 -Wall -Wextra -Wformat -Wformat-security -Wno-unused-parameter  -Wstack-protector -fstack-protector-all -fPIC -Wno-unknown-pragmas -Wno-deprecated -Wno-deprecated-declarations -Wno-cpp -Wno-implicit-fallthrough  -DBOOST_SPIRIT_THREADSAFE -DHAVE_BUILD_INFO -D__STDC_FORMAT_MACROS -DRWTA_BUILD  -U_FORTIFY_SOURCE -D_FORTIFY_SOURCE=2 conftest.cpp >&5
configure:23388: $? = 0
configure:23431: result: default
configure:23454: checking for main in -ldb_cxx-4.8
configure:23473: g++ -std=c++11 -o conftest -Wno-unknown-pragmas -Wno-deprecated-declarations -Wno-cpp -g -O2 -Wall -Wextra -Wformat -Wformat-security -Wno-unused-parameter  -Wstack-protector -fstack-protector-all -fPIC -Wno-unknown-pragmas -Wno-deprecated -Wno-deprecated-declarations -Wno-cpp -Wno-implicit-fallthrough  -DBOOST_SPIRIT_THREADSAFE -DHAVE_BUILD_INFO -D__STDC_FORMAT_MACROS -DRWTA_BUILD  -U_FORTIFY_SOURCE -D_FORTIFY_SOURCE=2   -Wl,-z,relro -Wl,-z,now conftest.cpp -ldb_cxx-4.8   >&5
configure:23473: $? = 0
configure:23483: result: yes
configure:23505: checking miniupnpc/miniwget.h usability
configure:23505: g++ -std=c++11 -c -Wno-unknown-pragmas -Wno-deprecated-declarations -Wno-cpp -g -O2 -Wall -Wextra -Wformat -Wformat-security -Wno-unused-parameter  -Wstack-protector -fstack-protector-all -fPIC -Wno-unknown-pragmas -Wno-deprecated -Wno-deprecated-declarations -Wno-cpp -Wno-implicit-fallthrough  -DBOOST_SPIRIT_THREADSAFE -DHAVE_BUILD_INFO -D__STDC_FORMAT_MACROS -DRWTA_BUILD  -U_FORTIFY_SOURCE -D_FORTIFY_SOURCE=2 conftest.cpp >&5
configure:23505: $? = 0
configure:23505: result: yes
configure:23505: checking miniupnpc/miniwget.h presence
configure:23505: g++ -std=c++11 -E -Wno-unknown-pragmas -Wno-deprecated -Wno-deprecated-declarations -Wno-cpp -Wno-implicit-fallthrough  -DBOOST_SPIRIT_THREADSAFE -DHAVE_BUILD_INFO -D__STDC_FORMAT_MACROS -DRWTA_BUILD  -U_FORTIFY_SOURCE -D_FORTIFY_SOURCE=2 conftest.cpp
configure:23505: $? = 0
configure:23505: result: yes
configure:23505: checking for miniupnpc/miniwget.h
configure:23505: result: yes
configure:23510: checking for main in -lminiupnpc
configure:23529: g++ -std=c++11 -o conftest -Wno-unknown-pragmas -Wno-deprecated-declarations -Wno-cpp -g -O2 -Wall -Wextra -Wformat -Wformat-security -Wno-unused-parameter  -Wstack-protector -fstack-protector-all -fPIC -Wno-unknown-pragmas -Wno-deprecated -Wno-deprecated-declarations -Wno-cpp -Wno-implicit-fallthrough  -DBOOST_SPIRIT_THREADSAFE -DHAVE_BUILD_INFO -D__STDC_FORMAT_MACROS -DRWTA_BUILD  -U_FORTIFY_SOURCE -D_FORTIFY_SOURCE=2   -Wl,-z,relro -Wl,-z,now conftest.cpp -lminiupnpc   >&5
configure:23529: $? = 0
configure:23538: result: yes
configure:23505: checking miniupnpc/miniupnpc.h usability
configure:23505: g++ -std=c++11 -c -Wno-unknown-pragmas -Wno-deprecated-declarations -Wno-cpp -g -O2 -Wall -Wextra -Wformat -Wformat-security -Wno-unused-parameter  -Wstack-protector -fstack-protector-all -fPIC -Wno-unknown-pragmas -Wno-deprecated -Wno-deprecated-declarations -Wno-cpp -Wno-implicit-fallthrough  -DBOOST_SPIRIT_THREADSAFE -DHAVE_BUILD_INFO -D__STDC_FORMAT_MACROS -DRWTA_BUILD  -U_FORTIFY_SOURCE -D_FORTIFY_SOURCE=2 conftest.cpp >&5
configure:23505: $? = 0
configure:23505: result: yes
configure:23505: checking miniupnpc/miniupnpc.h presence
configure:23505: g++ -std=c++11 -E -Wno-unknown-pragmas -Wno-deprecated -Wno-deprecated-declarations -Wno-cpp -Wno-implicit-fallthrough  -DBOOST_SPIRIT_THREADSAFE -DHAVE_BUILD_INFO -D__STDC_FORMAT_MACROS -DRWTA_BUILD  -U_FORTIFY_SOURCE -D_FORTIFY_SOURCE=2 conftest.cpp
configure:23505: $? = 0
configure:23505: result: yes
configure:23505: checking for miniupnpc/miniupnpc.h
configure:23505: result: yes
configure:23510: checking for main in -lminiupnpc
configure:23538: result: yes
configure:23505: checking miniupnpc/upnpcommands.h usability
configure:23505: g++ -std=c++11 -c -Wno-unknown-pragmas -Wno-deprecated-declarations -Wno-cpp -g -O2 -Wall -Wextra -Wformat -Wformat-security -Wno-unused-parameter  -Wstack-protector -fstack-protector-all -fPIC -Wno-unknown-pragmas -Wno-deprecated -Wno-deprecated-declarations -Wno-cpp -Wno-implicit-fallthrough  -DBOOST_SPIRIT_THREADSAFE -DHAVE_BUILD_INFO -D__STDC_FORMAT_MACROS -DRWTA_BUILD  -U_FORTIFY_SOURCE -D_FORTIFY_SOURCE=2 conftest.cpp >&5
configure:23505: $? = 0
configure:23505: result: yes
configure:23505: checking miniupnpc/upnpcommands.h presence
configure:23505: g++ -std=c++11 -E -Wno-unknown-pragmas -Wno-deprecated -Wno-deprecated-declarations -Wno-cpp -Wno-implicit-fallthrough  -DBOOST_SPIRIT_THREADSAFE -DHAVE_BUILD_INFO -D__STDC_FORMAT_MACROS -DRWTA_BUILD  -U_FORTIFY_SOURCE -D_FORTIFY_SOURCE=2 conftest.cpp
configure:23505: $? = 0
configure:23505: result: yes
configure:23505: checking for miniupnpc/upnpcommands.h
configure:23505: result: yes
configure:23510: checking for main in -lminiupnpc
configure:23538: result: yes
configure:23505: checking miniupnpc/upnperrors.h usability
configure:23505: g++ -std=c++11 -c -Wno-unknown-pragmas -Wno-deprecated-declarations -Wno-cpp -g -O2 -Wall -Wextra -Wformat -Wformat-security -Wno-unused-parameter  -Wstack-protector -fstack-protector-all -fPIC -Wno-unknown-pragmas -Wno-deprecated -Wno-deprecated-declarations -Wno-cpp -Wno-implicit-fallthrough  -DBOOST_SPIRIT_THREADSAFE -DHAVE_BUILD_INFO -D__STDC_FORMAT_MACROS -DRWTA_BUILD  -U_FORTIFY_SOURCE -D_FORTIFY_SOURCE=2 conftest.cpp >&5
configure:23505: $? = 0
configure:23505: result: yes
configure:23505: checking miniupnpc/upnperrors.h presence
configure:23505: g++ -std=c++11 -E -Wno-unknown-pragmas -Wno-deprecated -Wno-deprecated-declarations -Wno-cpp -Wno-implicit-fallthrough  -DBOOST_SPIRIT_THREADSAFE -DHAVE_BUILD_INFO -D__STDC_FORMAT_MACROS -DRWTA_BUILD  -U_FORTIFY_SOURCE -D_FORTIFY_SOURCE=2 conftest.cpp
configure:23505: $? = 0
configure:23505: result: yes
configure:23505: checking for miniupnpc/upnperrors.h
configure:23505: result: yes
configure:23510: checking for main in -lminiupnpc
configure:23538: result: yes
configure:23648: checking for QT
configure:23655: $PKG_CONFIG --exists --print-errors "$qt5_modules"
Package Qt5Core was not found in the pkg-config search path.
Perhaps you should add the directory containing `Qt5Core.pc'
to the PKG_CONFIG_PATH environment variable
No package 'Qt5Core' found
Package Qt5Gui was not found in the pkg-config search path.
Perhaps you should add the directory containing `Qt5Gui.pc'
to the PKG_CONFIG_PATH environment variable
No package 'Qt5Gui' found
Package Qt5Network was not found in the pkg-config search path.
Perhaps you should add the directory containing `Qt5Network.pc'
to the PKG_CONFIG_PATH environment variable
No package 'Qt5Network' found
Package Qt5Widgets was not found in the pkg-config search path.
Perhaps you should add the directory containing `Qt5Widgets.pc'
to the PKG_CONFIG_PATH environment variable
No package 'Qt5Widgets' found
Package Qt5PrintSupport was not found in the pkg-config search path.
Perhaps you should add the directory containing `Qt5PrintSupport.pc'
to the PKG_CONFIG_PATH environment variable
No package 'Qt5PrintSupport' found
configure:23658: $? = 1
configure:23672: $PKG_CONFIG --exists --print-errors "$qt5_modules"
Package Qt5Core was not found in the pkg-config search path.
Perhaps you should add the directory containing `Qt5Core.pc'
to the PKG_CONFIG_PATH environment variable
No package 'Qt5Core' found
Package Qt5Gui was not found in the pkg-config search path.
Perhaps you should add the directory containing `Qt5Gui.pc'
to the PKG_CONFIG_PATH environment variable
No package 'Qt5Gui' found
Package Qt5Network was not found in the pkg-config search path.
Perhaps you should add the directory containing `Qt5Network.pc'
to the PKG_CONFIG_PATH environment variable
No package 'Qt5Network' found
Package Qt5Widgets was not found in the pkg-config search path.
Perhaps you should add the directory containing `Qt5Widgets.pc'
to the PKG_CONFIG_PATH environment variable
No package 'Qt5Widgets' found
Package Qt5PrintSupport was not found in the pkg-config search path.
Perhaps you should add the directory containing `Qt5PrintSupport.pc'
to the PKG_CONFIG_PATH environment variable
No package 'Qt5PrintSupport' found
configure:23675: $? = 1
configure:23689: result: no
No package 'Qt5Core' found
No package 'Qt5Gui' found
No package 'Qt5Network' found
No package 'Qt5Widgets' found
No package 'Qt5PrintSupport' found
configure:23795: checking for QT4
configure:23802: $PKG_CONFIG --exists --print-errors "$qt4_modules"
Package QtCore was not found in the pkg-config search path.
Perhaps you should add the directory containing `QtCore.pc'
to the PKG_CONFIG_PATH environment variable
No package 'QtCore' found
Package QtGui was not found in the pkg-config search path.
Perhaps you should add the directory containing `QtGui.pc'
to the PKG_CONFIG_PATH environment variable
No package 'QtGui' found
Package QtNetwork was not found in the pkg-config search path.
Perhaps you should add the directory containing `QtNetwork.pc'
to the PKG_CONFIG_PATH environment variable
No package 'QtNetwork' found
configure:23805: $? = 1
configure:23819: $PKG_CONFIG --exists --print-errors "$qt4_modules"
Package QtCore was not found in the pkg-config search path.
Perhaps you should add the directory containing `QtCore.pc'
to the PKG_CONFIG_PATH environment variable
No package 'QtCore' found
Package QtGui was not found in the pkg-config search path.
Perhaps you should add the directory containing `QtGui.pc'
to the PKG_CONFIG_PATH environment variable
No package 'QtGui' found
Package QtNetwork was not found in the pkg-config search path.
Perhaps you should add the directory containing `QtNetwork.pc'
to the PKG_CONFIG_PATH environment variable
No package 'QtNetwork' found
configure:23822: $? = 1
configure:23836: result: no
No package 'QtCore' found
No package 'QtGui' found
No package 'QtNetwork' found
configure:23943: WARNING: Qt dependencies not found; bitcoin-qt frontend will not be built
configure:27982: checking whether to build RWTalercore GUI
configure:28012: result: no (Qt5)
configure:28104: checking for boostlib >= 1.58.0
configure:28189: g++ -std=c++11 -c -Wno-unknown-pragmas -Wno-deprecated-declarations -Wno-cpp -g -O2 -Wall -Wextra -Wformat -Wformat-security -Wno-unused-parameter  -Wstack-protector -fstack-protector-all -fPIC -Wno-unknown-pragmas -Wno-deprecated -Wno-deprecated-declarations -Wno-cpp -Wno-implicit-fallthrough  -DBOOST_SPIRIT_THREADSAFE -DHAVE_BUILD_INFO -D__STDC_FORMAT_MACROS -DRWTA_BUILD  -U_FORTIFY_SOURCE -D_FORTIFY_SOURCE=2 -I/usr/include conftest.cpp >&5
configure:28189: $? = 0
configure:28191: result: yes
configure:28378: checking whether the Boost::System library is available
configure:28403: g++ -std=c++11 -c  -Wno-unknown-pragmas -Wno-deprecated -Wno-deprecated-declarations -Wno-cpp -Wno-implicit-fallthrough  -DBOOST_SPIRIT_THREADSAFE -DHAVE_BUILD_INFO -D__STDC_FORMAT_MACROS -DRWTA_BUILD  -U_FORTIFY_SOURCE -D_FORTIFY_SOURCE=2 -I/usr/include conftest.cpp >&5
configure:28403: $? = 0
configure:28418: result: yes
configure:28434: checking for exit in -lboost_system
configure:28459: g++ -std=c++11 -o conftest -Wno-unknown-pragmas -Wno-deprecated-declarations -Wno-cpp -g -O2 -Wall -Wextra -Wformat -Wformat-security -Wno-unused-parameter  -Wstack-protector -fstack-protector-all -fPIC -Wno-unknown-pragmas -Wno-deprecated -Wno-deprecated-declarations -Wno-cpp -Wno-implicit-fallthrough  -DBOOST_SPIRIT_THREADSAFE -DHAVE_BUILD_INFO -D__STDC_FORMAT_MACROS -DRWTA_BUILD  -U_FORTIFY_SOURCE -D_FORTIFY_SOURCE=2 -I/usr/include   -Wl,-z,relro -Wl,-z,now -L/usr/lib/x86_64-linux-gnu conftest.cpp -lboost_system   >&5
configure:28459: $? = 0
configure:28469: result: yes
configure:28624: checking whether the Boost::Filesystem library is available
configure:28648: g++ -std=c++11 -c -Wno-unknown-pragmas -Wno-deprecated-declarations -Wno-cpp -g -O2 -Wall -Wextra -Wformat -Wformat-security -Wno-unused-parameter  -Wstack-protector -fstack-protector-all -fPIC -Wno-unknown-pragmas -Wno-deprecated -Wno-deprecated-declarations -Wno-cpp -Wno-implicit-fallthrough  -DBOOST_SPIRIT_THREADSAFE -DHAVE_BUILD_INFO -D__STDC_FORMAT_MACROS -DRWTA_BUILD  -U_FORTIFY_SOURCE -D_FORTIFY_SOURCE=2 -I/usr/include conftest.cpp >&5
configure:28648: $? = 0
configure:28662: result: yes
configure:28674: checking for exit in -lboost_filesystem
configure:28699: g++ -std=c++11 -o conftest -Wno-unknown-pragmas -Wno-deprecated-declarations -Wno-cpp -g -O2 -Wall -Wextra -Wformat -Wformat-security -Wno-unused-parameter  -Wstack-protector -fstack-protector-all -fPIC -Wno-unknown-pragmas -Wno-deprecated -Wno-deprecated-declarations -Wno-cpp -Wno-implicit-fallthrough  -DBOOST_SPIRIT_THREADSAFE -DHAVE_BUILD_INFO -D__STDC_FORMAT_MACROS -DRWTA_BUILD  -U_FORTIFY_SOURCE -D_FORTIFY_SOURCE=2 -I/usr/include   -Wl,-z,relro -Wl,-z,now -L/usr/lib/x86_64-linux-gnu conftest.cpp -lboost_filesystem   -lboost_system >&5
configure:28699: $? = 0
configure:28709: result: yes
configure:28859: checking whether the Boost::Program_Options library is available
configure:28883: g++ -std=c++11 -c -Wno-unknown-pragmas -Wno-deprecated-declarations -Wno-cpp -g -O2 -Wall -Wextra -Wformat -Wformat-security -Wno-unused-parameter  -Wstack-protector -fstack-protector-all -fPIC -Wno-unknown-pragmas -Wno-deprecated -Wno-deprecated-declarations -Wno-cpp -Wno-implicit-fallthrough  -DBOOST_SPIRIT_THREADSAFE -DHAVE_BUILD_INFO -D__STDC_FORMAT_MACROS -DRWTA_BUILD  -U_FORTIFY_SOURCE -D_FORTIFY_SOURCE=2 -I/usr/include conftest.cpp >&5
configure:28883: $? = 0
configure:28897: result: yes
configure:28908: checking for exit in -lboost_program_options
configure:28933: g++ -std=c++11 -o conftest -Wno-unknown-pragmas -Wno-deprecated-declarations -Wno-cpp -g -O2 -Wall -Wextra -Wformat -Wformat-security -Wno-unused-parameter  -Wstack-protector -fstack-protector-all -fPIC -Wno-unknown-pragmas -Wno-deprecated -Wno-deprecated-declarations -Wno-cpp -Wno-implicit-fallthrough  -DBOOST_SPIRIT_THREADSAFE -DHAVE_BUILD_INFO -D__STDC_FORMAT_MACROS -DRWTA_BUILD  -U_FORTIFY_SOURCE -D_FORTIFY_SOURCE=2 -I/usr/include   -Wl,-z,relro -Wl,-z,now -L/usr/lib/x86_64-linux-gnu conftest.cpp -lboost_program_options   >&5
configure:28933: $? = 0
configure:28943: result: yes
configure:29086: checking whether the Boost::Thread library is available
configure:29118: g++ -std=c++11 -c -pthread -Wno-unknown-pragmas -Wno-deprecated-declarations -Wno-cpp -g -O2 -Wall -Wextra -Wformat -Wformat-security -Wno-unused-parameter  -Wstack-protector -fstack-protector-all -fPIC -Wno-unknown-pragmas -Wno-deprecated -Wno-deprecated-declarations -Wno-cpp -Wno-implicit-fallthrough  -DBOOST_SPIRIT_THREADSAFE -DHAVE_BUILD_INFO -D__STDC_FORMAT_MACROS -DRWTA_BUILD  -U_FORTIFY_SOURCE -D_FORTIFY_SOURCE=2 -I/usr/include conftest.cpp >&5
configure:29118: $? = 0
configure:29133: result: yes
configure:29163: checking for exit in -lboost_thread
configure:29188: g++ -std=c++11 -o conftest -Wno-unknown-pragmas -Wno-deprecated-declarations -Wno-cpp -g -O2 -Wall -Wextra -Wformat -Wformat-security -Wno-unused-parameter  -Wstack-protector -fstack-protector-all -fPIC -Wno-unknown-pragmas -Wno-deprecated -Wno-deprecated-declarations -Wno-cpp -Wno-implicit-fallthrough  -DBOOST_SPIRIT_THREADSAFE -DHAVE_BUILD_INFO -D__STDC_FORMAT_MACROS -DRWTA_BUILD  -U_FORTIFY_SOURCE -D_FORTIFY_SOURCE=2 -I/usr/include   -Wl,-z,relro -Wl,-z,now -L/usr/lib/x86_64-linux-gnu conftest.cpp -lboost_thread   >&5
configure:29188: $? = 0
configure:29198: result: yes
configure:29359: checking whether the Boost::Random library is available
configure:29383: g++ -std=c++11 -c -Wno-unknown-pragmas -Wno-deprecated-declarations -Wno-cpp -g -O2 -Wall -Wextra -Wformat -Wformat-security -Wno-unused-parameter  -Wstack-protector -fstack-protector-all -fPIC -Wno-unknown-pragmas -Wno-deprecated -Wno-deprecated-declarations -Wno-cpp -Wno-implicit-fallthrough  -DBOOST_SPIRIT_THREADSAFE -DHAVE_BUILD_INFO -D__STDC_FORMAT_MACROS -DRWTA_BUILD  -U_FORTIFY_SOURCE -D_FORTIFY_SOURCE=2 -pthread -I/usr/include conftest.cpp >&5
configure:29383: $? = 0
configure:29398: result: yes
configure:29413: checking for exit in -lboost_random
configure:29438: g++ -std=c++11 -o conftest -Wno-unknown-pragmas -Wno-deprecated-declarations -Wno-cpp -g -O2 -Wall -Wextra -Wformat -Wformat-security -Wno-unused-parameter  -Wstack-protector -fstack-protector-all -fPIC -Wno-unknown-pragmas -Wno-deprecated -Wno-deprecated-declarations -Wno-cpp -Wno-implicit-fallthrough  -DBOOST_SPIRIT_THREADSAFE -DHAVE_BUILD_INFO -D__STDC_FORMAT_MACROS -DRWTA_BUILD  -U_FORTIFY_SOURCE -D_FORTIFY_SOURCE=2 -pthread -I/usr/include   -Wl,-z,relro -Wl,-z,now -L/usr/lib/x86_64-linux-gnu conftest.cpp -lboost_random   >&5
configure:29438: $? = 0
configure:29448: result: yes
configure:29602: checking whether the Boost::Chrono library is available
configure:29626: g++ -std=c++11 -c -Wno-unknown-pragmas -Wno-deprecated-declarations -Wno-cpp -g -O2 -Wall -Wextra -Wformat -Wformat-security -Wno-unused-parameter  -Wstack-protector -fstack-protector-all -fPIC -Wno-unknown-pragmas -Wno-deprecated -Wno-deprecated-declarations -Wno-cpp -Wno-implicit-fallthrough  -DBOOST_SPIRIT_THREADSAFE -DHAVE_BUILD_INFO -D__STDC_FORMAT_MACROS -DRWTA_BUILD  -U_FORTIFY_SOURCE -D_FORTIFY_SOURCE=2 -pthread -I/usr/include conftest.cpp >&5
configure:29626: $? = 0
configure:29641: result: yes
configure:29657: checking for exit in -lboost_chrono
configure:29682: g++ -std=c++11 -o conftest -Wno-unknown-pragmas -Wno-deprecated-declarations -Wno-cpp -g -O2 -Wall -Wextra -Wformat -Wformat-security -Wno-unused-parameter  -Wstack-protector -fstack-protector-all -fPIC -Wno-unknown-pragmas -Wno-deprecated -Wno-deprecated-declarations -Wno-cpp -Wno-implicit-fallthrough  -DBOOST_SPIRIT_THREADSAFE -DHAVE_BUILD_INFO -D__STDC_FORMAT_MACROS -DRWTA_BUILD  -U_FORTIFY_SOURCE -D_FORTIFY_SOURCE=2 -pthread -I/usr/include   -Wl,-z,relro -Wl,-z,now -L/usr/lib/x86_64-linux-gnu conftest.cpp -lboost_chrono   >&5
configure:29682: $? = 0
configure:29692: result: yes
configure:29816: checking for working boost reduced exports
configure:29839: g++ -std=c++11 -E -DBOOST_SP_USE_STD_ATOMIC -DBOOST_AC_USE_STD_ATOMIC -pthread -I/usr/include -Wno-unknown-pragmas -Wno-deprecated -Wno-deprecated-declarations -Wno-cpp -Wno-implicit-fallthrough  -DBOOST_SPIRIT_THREADSAFE -DHAVE_BUILD_INFO -D__STDC_FORMAT_MACROS -DRWTA_BUILD  -U_FORTIFY_SOURCE -D_FORTIFY_SOURCE=2 conftest.cpp
configure:29839: $? = 0
configure:29841: result: yes
configure:29869: checking whether the linker accepts -Wl,--exclude-libs,ALL
configure:29888: g++ -std=c++11 -o conftest -Wno-unknown-pragmas -Wno-deprecated-declarations -Wno-cpp -g -O2 -Wall -Wextra -Wformat -Wformat-security -Wno-unused-parameter  -Wstack-protector -fstack-protector-all -fPIC  -Wno-unknown-pragmas -Wno-deprecated -Wno-deprecated-declarations -Wno-cpp -Wno-implicit-fallthrough  -DBOOST_SPIRIT_THREADSAFE -DHAVE_BUILD_INFO -D__STDC_FORMAT_MACROS -DRWTA_BUILD  -U_FORTIFY_SOURCE -D_FORTIFY_SOURCE=2   -Wl,-z,relro -Wl,-z,now  -Wl,--exclude-libs,ALL conftest.cpp  >&5
configure:29888: $? = 0
configure:29897: result: yes
configure:30156: g++ -std=c++11 -o conftest -Wno-unknown-pragmas -Wno-deprecated-declarations -Wno-cpp -g -O2 -Wall -Wextra -Wformat -Wformat-security -Wno-unused-parameter  -Wstack-protector -fstack-protector-all -fPIC  -Wno-unknown-pragmas -Wno-deprecated -Wno-deprecated-declarations -Wno-cpp -Wno-implicit-fallthrough  -DBOOST_SPIRIT_THREADSAFE -DHAVE_BUILD_INFO -D__STDC_FORMAT_MACROS -DRWTA_BUILD  -U_FORTIFY_SOURCE -D_FORTIFY_SOURCE=2 -DBOOST_SP_USE_STD_ATOMIC -DBOOST_AC_USE_STD_ATOMIC -pthread -I/usr/include   -Wl,-z,relro -Wl,-z,now conftest.cpp -L/usr/lib/x86_64-linux-gnu -lboost_system -lboost_filesystem -lboost_program_options -lboost_thread -lboost_chrono -lboost_random -lboost_chrono  >&5
configure:30156: $? = 0
configure:30219: checking for SSL
configure:30226: $PKG_CONFIG --exists --print-errors "libssl"
configure:30229: $? = 0
configure:30243: $PKG_CONFIG --exists --print-errors "libssl"
configure:30246: $? = 0
configure:30284: result: yes
configure:30290: checking for CRYPTO
configure:30297: $PKG_CONFIG --exists --print-errors "libcrypto"
configure:30300: $? = 0
configure:30314: $PKG_CONFIG --exists --print-errors "libcrypto"
configure:30317: $? = 0
configure:30355: result: yes
configure:30544: checking for EVENT
configure:30551: $PKG_CONFIG --exists --print-errors "libevent"
configure:30554: $? = 0
configure:30568: $PKG_CONFIG --exists --print-errors "libevent"
configure:30571: $? = 0
configure:30609: result: yes
configure:30616: checking for EVENT_PTHREADS
configure:30623: $PKG_CONFIG --exists --print-errors "libevent_pthreads"
configure:30626: $? = 0
configure:30640: $PKG_CONFIG --exists --print-errors "libevent_pthreads"
configure:30643: $? = 0
configure:30681: result: yes
configure:30691: checking for ZMQ
configure:30698: $PKG_CONFIG --exists --print-errors "libzmq >= 4"
Package libzmq was not found in the pkg-config search path.
Perhaps you should add the directory containing `libzmq.pc'
to the PKG_CONFIG_PATH environment variable
No package 'libzmq' found
configure:30701: $? = 1
configure:30715: $PKG_CONFIG --exists --print-errors "libzmq >= 4"
Package libzmq was not found in the pkg-config search path.
Perhaps you should add the directory containing `libzmq.pc'
to the PKG_CONFIG_PATH environment variable
No package 'libzmq' found
configure:30718: $? = 1
configure:30732: result: no
No package 'libzmq' found
configure:30751: WARNING: libzmq version 4.x or greater not found, disabling
configure:31158: checking for EVP_DecryptFinal_ex in -lcrypto
configure:31183: g++ -std=c++11 -o conftest -Wno-unknown-pragmas -Wno-deprecated-declarations -Wno-cpp -g -O2 -Wall -Wextra -Wformat -Wformat-security -Wno-unused-parameter  -Wstack-protector -fstack-protector-all -fPIC  -Wno-unknown-pragmas -Wno-deprecated -Wno-deprecated-declarations -Wno-cpp -Wno-implicit-fallthrough  -DBOOST_SPIRIT_THREADSAFE -DHAVE_BUILD_INFO -D__STDC_FORMAT_MACROS -DRWTA_BUILD  -U_FORTIFY_SOURCE -D_FORTIFY_SOURCE=2   -Wl,-z,relro -Wl,-z,now conftest.cpp -lcrypto   >&5
configure:31183: $? = 0
configure:31192: result: yes
configure:31221: checking openssl/ec.h usability
configure:31221: g++ -std=c++11 -c -Wno-unknown-pragmas -Wno-deprecated-declarations -Wno-cpp -g -O2 -Wall -Wextra -Wformat -Wformat-security -Wno-unused-parameter  -Wstack-protector -fstack-protector-all -fPIC  -Wno-unknown-pragmas -Wno-deprecated -Wno-deprecated-declarations -Wno-cpp -Wno-implicit-fallthrough  -DBOOST_SPIRIT_THREADSAFE -DHAVE_BUILD_INFO -D__STDC_FORMAT_MACROS -DRWTA_BUILD  -U_FORTIFY_SOURCE -D_FORTIFY_SOURCE=2 conftest.cpp >&5
configure:31221: $? = 0
configure:31221: result: yes
configure:31221: checking openssl/ec.h presence
configure:31221: g++ -std=c++11 -E -Wno-unknown-pragmas -Wno-deprecated -Wno-deprecated-declarations -Wno-cpp -Wno-implicit-fallthrough  -DBOOST_SPIRIT_THREADSAFE -DHAVE_BUILD_INFO -D__STDC_FORMAT_MACROS -DRWTA_BUILD  -U_FORTIFY_SOURCE -D_FORTIFY_SOURCE=2 conftest.cpp
configure:31221: $? = 0
configure:31221: result: yes
configure:31221: checking for openssl/ec.h
configure:31221: result: yes
configure:31246: checking for UNIVALUE
configure:31253: $PKG_CONFIG --exists --print-errors "libunivalue"
Package libunivalue was not found in the pkg-config search path.
Perhaps you should add the directory containing `libunivalue.pc'
to the PKG_CONFIG_PATH environment variable
No package 'libunivalue' found
configure:31256: $? = 1
configure:31270: $PKG_CONFIG --exists --print-errors "libunivalue"
Package libunivalue was not found in the pkg-config search path.
Perhaps you should add the directory containing `libunivalue.pc'
to the PKG_CONFIG_PATH environment variable
No package 'libunivalue' found
configure:31273: $? = 1
configure:31287: result: no
No package 'libunivalue' found
configure:31516: checking whether to build rwtalerd
configure:31526: result: yes
configure:31529: checking whether to build utils (rwtaler-cli rwtaler-tx)
configure:31539: result: yes
configure:31542: checking whether to build libraries
configure:31557: result: no
configure:31568: checking if ccache should be used
configure:31581: result: no
configure:31622: checking if wallet should be enabled
configure:31625: result: yes
configure:31638: checking if updater should be enabled
configure:31650: result: no
configure:31655: checking whether to build with support for UPnP
configure:31665: result: yes
configure:31667: checking whether to build with UPnP enabled by default
configure:31675: result: no
configure:31751: checking whether to build test_rwtaler
configure:31758: result: no
configure:31762: checking whether to reduce exports
configure:31765: result: yes
configure:32128: checking that generated files are newer than configure
configure:32134: result: done
configure:32266: creating ./config.status
configure:34833: result: Fixing libtool for -rpath problems.

## ---------------- ##
## Cache variables. ##
## ---------------- ##

ac_cv_build=x86_64-pc-linux-gnu
ac_cv_c_bigendian=no
ac_cv_c_compiler_gnu=yes
ac_cv_cxx_compiler_gnu=yes
ac_cv_env_ARFLAGS_set=
ac_cv_env_ARFLAGS_value=
ac_cv_env_BDB_CFLAGS_set=
ac_cv_env_BDB_CFLAGS_value=
ac_cv_env_BDB_LIBS_set=
ac_cv_env_BDB_LIBS_value=
ac_cv_env_CCC_set=
ac_cv_env_CCC_value=
ac_cv_env_CC_set=
ac_cv_env_CC_value=
ac_cv_env_CFLAGS_set=
ac_cv_env_CFLAGS_value=
ac_cv_env_CPPFLAGS_set=
ac_cv_env_CPPFLAGS_value=
ac_cv_env_CPP_set=
ac_cv_env_CPP_value=
ac_cv_env_CRYPTO_CFLAGS_set=
ac_cv_env_CRYPTO_CFLAGS_value=
ac_cv_env_CRYPTO_LIBS_set=
ac_cv_env_CRYPTO_LIBS_value=
ac_cv_env_CXXCPP_set=
ac_cv_env_CXXCPP_value=
ac_cv_env_CXXFLAGS_set=
ac_cv_env_CXXFLAGS_value=
ac_cv_env_CXX_set=
ac_cv_env_CXX_value=
ac_cv_env_EVENT_CFLAGS_set=
ac_cv_env_EVENT_CFLAGS_value=
ac_cv_env_EVENT_LIBS_set=
ac_cv_env_EVENT_LIBS_value=
ac_cv_env_EVENT_PTHREADS_CFLAGS_set=
ac_cv_env_EVENT_PTHREADS_CFLAGS_value=
ac_cv_env_EVENT_PTHREADS_LIBS_set=
ac_cv_env_EVENT_PTHREADS_LIBS_value=
ac_cv_env_LDFLAGS_set=
ac_cv_env_LDFLAGS_value=
ac_cv_env_LIBS_set=
ac_cv_env_LIBS_value=
ac_cv_env_LT_SYS_LIBRARY_PATH_set=
ac_cv_env_LT_SYS_LIBRARY_PATH_value=
ac_cv_env_OBJCXXFLAGS_set=
ac_cv_env_OBJCXXFLAGS_value=
ac_cv_env_OBJCXX_set=
ac_cv_env_OBJCXX_value=
ac_cv_env_PKG_CONFIG_LIBDIR_set=
ac_cv_env_PKG_CONFIG_LIBDIR_value=
ac_cv_env_PKG_CONFIG_PATH_set=
ac_cv_env_PKG_CONFIG_PATH_value=
ac_cv_env_PKG_CONFIG_set=
ac_cv_env_PKG_CONFIG_value=
ac_cv_env_PROTOBUF_CFLAGS_set=
ac_cv_env_PROTOBUF_CFLAGS_value=
ac_cv_env_PROTOBUF_LIBS_set=
ac_cv_env_PROTOBUF_LIBS_value=
ac_cv_env_PYTHONPATH_set=set
ac_cv_env_PYTHONPATH_value=
ac_cv_env_QR_CFLAGS_set=
ac_cv_env_QR_CFLAGS_value=
ac_cv_env_QR_LIBS_set=
ac_cv_env_QR_LIBS_value=
ac_cv_env_QT4_CFLAGS_set=
ac_cv_env_QT4_CFLAGS_value=
ac_cv_env_QT4_LIBS_set=
ac_cv_env_QT4_LIBS_value=
ac_cv_env_QTACCESSIBILITY_CFLAGS_set=
ac_cv_env_QTACCESSIBILITY_CFLAGS_value=
ac_cv_env_QTACCESSIBILITY_LIBS_set=
ac_cv_env_QTACCESSIBILITY_LIBS_value=
ac_cv_env_QTCGL_CFLAGS_set=
ac_cv_env_QTCGL_CFLAGS_value=
ac_cv_env_QTCGL_LIBS_set=
ac_cv_env_QTCGL_LIBS_value=
ac_cv_env_QTCLIPBOARD_CFLAGS_set=
ac_cv_env_QTCLIPBOARD_CFLAGS_value=
ac_cv_env_QTCLIPBOARD_LIBS_set=
ac_cv_env_QTCLIPBOARD_LIBS_value=
ac_cv_env_QTDEVICEDISCOVERY_CFLAGS_set=
ac_cv_env_QTDEVICEDISCOVERY_CFLAGS_value=
ac_cv_env_QTDEVICEDISCOVERY_LIBS_set=
ac_cv_env_QTDEVICEDISCOVERY_LIBS_value=
ac_cv_env_QTEVENTDISPATCHER_CFLAGS_set=
ac_cv_env_QTEVENTDISPATCHER_CFLAGS_value=
ac_cv_env_QTEVENTDISPATCHER_LIBS_set=
ac_cv_env_QTEVENTDISPATCHER_LIBS_value=
ac_cv_env_QTFB_CFLAGS_set=
ac_cv_env_QTFB_CFLAGS_value=
ac_cv_env_QTFB_LIBS_set=
ac_cv_env_QTFB_LIBS_value=
ac_cv_env_QTFONTDATABASE_CFLAGS_set=
ac_cv_env_QTFONTDATABASE_CFLAGS_value=
ac_cv_env_QTFONTDATABASE_LIBS_set=
ac_cv_env_QTFONTDATABASE_LIBS_value=
ac_cv_env_QTGRAPHICS_CFLAGS_set=
ac_cv_env_QTGRAPHICS_CFLAGS_value=
ac_cv_env_QTGRAPHICS_LIBS_set=
ac_cv_env_QTGRAPHICS_LIBS_value=
ac_cv_env_QTPLATFORM_CFLAGS_set=
ac_cv_env_QTPLATFORM_CFLAGS_value=
ac_cv_env_QTPLATFORM_LIBS_set=
ac_cv_env_QTPLATFORM_LIBS_value=
ac_cv_env_QTTHEME_CFLAGS_set=
ac_cv_env_QTTHEME_CFLAGS_value=
ac_cv_env_QTTHEME_LIBS_set=
ac_cv_env_QTTHEME_LIBS_value=
ac_cv_env_QTXCBQPA_CFLAGS_set=
ac_cv_env_QTXCBQPA_CFLAGS_value=
ac_cv_env_QTXCBQPA_LIBS_set=
ac_cv_env_QTXCBQPA_LIBS_value=
ac_cv_env_QT_CFLAGS_set=
ac_cv_env_QT_CFLAGS_value=
ac_cv_env_QT_DBUS_CFLAGS_set=
ac_cv_env_QT_DBUS_CFLAGS_value=
ac_cv_env_QT_DBUS_LIBS_set=
ac_cv_env_QT_DBUS_LIBS_value=
ac_cv_env_QT_LIBS_set=
ac_cv_env_QT_LIBS_value=
ac_cv_env_QT_TEST_CFLAGS_set=
ac_cv_env_QT_TEST_CFLAGS_value=
ac_cv_env_QT_TEST_LIBS_set=
ac_cv_env_QT_TEST_LIBS_value=
ac_cv_env_SSL_CFLAGS_set=
ac_cv_env_SSL_CFLAGS_value=
ac_cv_env_SSL_LIBS_set=
ac_cv_env_SSL_LIBS_value=
ac_cv_env_UNIVALUE_CFLAGS_set=
ac_cv_env_UNIVALUE_CFLAGS_value=
ac_cv_env_UNIVALUE_LIBS_set=
ac_cv_env_UNIVALUE_LIBS_value=
ac_cv_env_X11XCB_CFLAGS_set=
ac_cv_env_X11XCB_CFLAGS_value=
ac_cv_env_X11XCB_LIBS_set=
ac_cv_env_X11XCB_LIBS_value=
ac_cv_env_ZMQ_CFLAGS_set=
ac_cv_env_ZMQ_CFLAGS_value=
ac_cv_env_ZMQ_LIBS_set=
ac_cv_env_ZMQ_LIBS_value=
ac_cv_env_build_alias_set=
ac_cv_env_build_alias_value=
ac_cv_env_host_alias_set=
ac_cv_env_host_alias_value=
ac_cv_env_target_alias_set=
ac_cv_env_target_alias_value=
ac_cv_func_strerror_r=yes
ac_cv_func_strerror_r_char_p=yes
ac_cv_have_decl_be16toh=yes
ac_cv_have_decl_be32toh=yes
ac_cv_have_decl_be64toh=yes
ac_cv_have_decl_bswap_16=yes
ac_cv_have_decl_bswap_32=yes
ac_cv_have_decl_bswap_64=yes
ac_cv_have_decl_daemon=yes
ac_cv_have_decl_htobe16=yes
ac_cv_have_decl_htobe32=yes
ac_cv_have_decl_htobe64=yes
ac_cv_have_decl_htole16=yes
ac_cv_have_decl_htole32=yes
ac_cv_have_decl_htole64=yes
ac_cv_have_decl_le16toh=yes
ac_cv_have_decl_le32toh=yes
ac_cv_have_decl_le64toh=yes
ac_cv_have_decl_strerror_r=yes
ac_cv_have_decl_strnlen=yes
ac_cv_header_byteswap_h=yes
ac_cv_header_dlfcn_h=yes
ac_cv_header_endian_h=yes
ac_cv_header_inttypes_h=yes
ac_cv_header_memory_h=yes
ac_cv_header_miniupnpc_miniupnpc_h=yes
ac_cv_header_miniupnpc_miniwget_h=yes
ac_cv_header_miniupnpc_upnpcommands_h=yes
ac_cv_header_miniupnpc_upnperrors_h=yes
ac_cv_header_openssl_ec_h=yes
ac_cv_header_stdc=yes
ac_cv_header_stdint_h=yes
ac_cv_header_stdio_h=yes
ac_cv_header_stdlib_h=yes
ac_cv_header_string_h=yes
ac_cv_header_strings_h=yes
ac_cv_header_sys_endian_h=no
ac_cv_header_sys_prctl_h=yes
ac_cv_header_sys_select_h=yes
ac_cv_header_sys_stat_h=yes
ac_cv_header_sys_types_h=yes
ac_cv_header_unistd_h=yes
ac_cv_host=x86_64-pc-linux-gnu
ac_cv_lib_boost_chrono___exit=yes
ac_cv_lib_boost_filesystem___exit=yes
ac_cv_lib_boost_program_options___exit=yes
ac_cv_lib_boost_random___exit=yes
ac_cv_lib_boost_system___exit=yes
ac_cv_lib_boost_thread___exit=yes
ac_cv_lib_crypto_EVP_DecryptFinal_ex=yes
ac_cv_lib_db_cxx_4_8___main=yes
ac_cv_lib_miniupnpc_main=yes
ac_cv_objcxx_compiler_gnu=no
ac_cv_objext=o
ac_cv_path_EGREP='/bin/grep -E'
ac_cv_path_FGREP='/bin/grep -F'
ac_cv_path_GIT=/usr/bin/git
ac_cv_path_GREP=/bin/grep
ac_cv_path_HEXDUMP=/usr/bin/hexdump
ac_cv_path_PYTHON=/usr/bin/python3.5
ac_cv_path_SED=/bin/sed
ac_cv_path_ac_pt_AR=/usr/bin/ar
ac_cv_path_ac_pt_CPPFILT=/usr/bin/c++filt
ac_cv_path_ac_pt_GCOV=/usr/bin/gcov
ac_cv_path_ac_pt_OBJCOPY=/usr/bin/objcopy
ac_cv_path_ac_pt_PKG_CONFIG=/usr/bin/pkg-config
ac_cv_path_ac_pt_RANLIB=/usr/bin/ranlib
ac_cv_path_ac_pt_READELF=/usr/bin/readelf
ac_cv_path_ac_pt_STRIP=/usr/bin/strip
ac_cv_path_install='/usr/bin/install -c'
ac_cv_path_lt_DD=/bin/dd
ac_cv_path_mkdir=/bin/mkdir
ac_cv_prog_AWK=gawk
ac_cv_prog_CPP='gcc -E'
ac_cv_prog_CXXCPP='g++ -std=c++11 -E'
ac_cv_prog_ac_ct_AR=ar
ac_cv_prog_ac_ct_CC=gcc
ac_cv_prog_ac_ct_CXX=g++
ac_cv_prog_ac_ct_MANIFEST_TOOL=mt
ac_cv_prog_ac_ct_OBJDUMP=objdump
ac_cv_prog_ac_ct_RANLIB=ranlib
ac_cv_prog_ac_ct_STRIP=strip
ac_cv_prog_cc_c89=
ac_cv_prog_cc_g=yes
ac_cv_prog_cxx_g=yes
ac_cv_prog_make_make_set=yes
ac_cv_prog_objcxx_g=no
ac_cv_search_clock_gettime='none required'
ac_cv_sys_file_offset_bits=no
ac_cv_sys_largefile_CC=no
am_cv_CC_dependencies_compiler_type=gcc3
am_cv_CXX_dependencies_compiler_type=gcc3
am_cv_OBJCXX_dependencies_compiler_type=gcc3
am_cv_make_support_nested_variables=yes
am_cv_prog_cc_c_o=yes
ax_cv_PTHREAD_CLANG=no
ax_cv_PTHREAD_JOINABLE_ATTR=PTHREAD_CREATE_JOINABLE
ax_cv_PTHREAD_PRIO_INHERIT=yes
ax_cv_PTHREAD_SPECIAL_FLAGS=no
ax_cv_boost_chrono=yes
ax_cv_boost_filesystem=yes
ax_cv_boost_program_options=yes
ax_cv_boost_random=yes
ax_cv_boost_system=yes
ax_cv_boost_thread=yes
ax_cv_check_cflags__msse4_2=yes
ax_cv_check_cxxcppflags___D_FORTIFY_SOURCE_2=yes
ax_cv_check_cxxcppflags___U_FORTIFY_SOURCE=yes
ax_cv_check_cxxflags___Wstack_protector=yes
ax_cv_check_cxxflags___fPIC=yes
ax_cv_check_cxxflags___fstack_protector_all=yes
ax_cv_check_ldflags___Wl___dynamicbase=no
ax_cv_check_ldflags___Wl___exclude_libs_ALL=yes
ax_cv_check_ldflags___Wl___high_entropy_va=no
ax_cv_check_ldflags___Wl___large_address_aware=no
ax_cv_check_ldflags___Wl___nxcompat=no
ax_cv_check_ldflags___Wl__z_now=yes
ax_cv_check_ldflags___Wl__z_relro=yes
ax_cv_check_ldflags___pic=no
ax_cv_cxx_compile_cxx11__std_cpp11=yes
ax_cv_have_func_attribute_dllexport=no
ax_cv_have_func_attribute_dllimport=no
ax_cv_have_func_attribute_visibility=yes
lt_cv_ar_at_file=@
lt_cv_deplibs_check_method=pass_all
lt_cv_file_magic_cmd='$MAGIC_CMD'
lt_cv_file_magic_test_file=
lt_cv_ld_reload_flag=-r
lt_cv_nm_interface='BSD nm'
lt_cv_objdir=.libs
lt_cv_path_LD=/usr/bin/ld
lt_cv_path_LDCXX='/usr/bin/ld -m elf_x86_64'
lt_cv_path_NM='/usr/bin/nm -B'
lt_cv_path_mainfest_tool=no
lt_cv_prog_compiler_c_o=yes
lt_cv_prog_compiler_c_o_CXX=yes
lt_cv_prog_compiler_pic='-fPIC -DPIC'
lt_cv_prog_compiler_pic_CXX='-fPIC -DPIC'
lt_cv_prog_compiler_pic_works=yes
lt_cv_prog_compiler_pic_works_CXX=yes
lt_cv_prog_compiler_rtti_exceptions=no
lt_cv_prog_compiler_static_works=yes
lt_cv_prog_compiler_static_works_CXX=yes
lt_cv_prog_gnu_ld=yes
lt_cv_prog_gnu_ldcxx=yes
lt_cv_sharedlib_from_linklib_cmd='printf %s\n'
lt_cv_shlibpath_overrides_runpath=no
lt_cv_sys_global_symbol_pipe='sed -n -e '\''s/^.*[	 ]\([ABCDGIRSTW][ABCDGIRSTW]*\)[	 ][	 ]*\([_A-Za-z][_A-Za-z0-9]*\)$/\1 \2 \2/p'\'' | sed '\''/ __gnu_lto/d'\'''
lt_cv_sys_global_symbol_to_c_name_address='sed -n -e '\''s/^: \(.*\) .*$/  {"\1", (void *) 0},/p'\'' -e '\''s/^[ABCDGIRSTW][ABCDGIRSTW]* .* \(.*\)$/  {"\1", (void *) \&\1},/p'\'''
lt_cv_sys_global_symbol_to_c_name_address_lib_prefix='sed -n -e '\''s/^: \(.*\) .*$/  {"\1", (void *) 0},/p'\'' -e '\''s/^[ABCDGIRSTW][ABCDGIRSTW]* .* \(lib.*\)$/  {"\1", (void *) \&\1},/p'\'' -e '\''s/^[ABCDGIRSTW][ABCDGIRSTW]* .* \(.*\)$/  {"lib\1", (void *) \&\1},/p'\'''
lt_cv_sys_global_symbol_to_cdecl='sed -n -e '\''s/^T .* \(.*\)$/extern int \1();/p'\'' -e '\''s/^[ABCDGIRSTW][ABCDGIRSTW]* .* \(.*\)$/extern char \1;/p'\'''
lt_cv_sys_global_symbol_to_import=
lt_cv_sys_max_cmd_len=1572864
lt_cv_to_host_file_cmd=func_convert_file_noop
lt_cv_to_tool_file_cmd=func_convert_file_noop
lt_cv_truncate_bin='/bin/dd bs=4096 count=1'
pkg_cv_CRYPTO_CFLAGS=
pkg_cv_CRYPTO_LIBS=-lcrypto
pkg_cv_EVENT_CFLAGS=
pkg_cv_EVENT_LIBS=-levent
pkg_cv_EVENT_PTHREADS_CFLAGS=-pthread
pkg_cv_EVENT_PTHREADS_LIBS='-levent_pthreads -levent'
pkg_cv_SSL_CFLAGS=
pkg_cv_SSL_LIBS=-lssl

## ----------------- ##
## Output variables. ##
## ----------------- ##

ACLOCAL='${SHELL} /home/miner/RWTaler_RWTA/build-aux/missing aclocal-1.15'
AMDEPBACKSLASH='\'
AMDEP_FALSE='#'
AMDEP_TRUE=''
AMTAR='$${TAR-tar}'
AM_BACKSLASH='\'
AM_DEFAULT_V='$(AM_DEFAULT_VERBOSITY)'
AM_DEFAULT_VERBOSITY='0'
AM_V='$(V)'
AR='/usr/bin/ar'
ARFLAGS='cr'
AUTOCONF='${SHELL} /home/miner/RWTaler_RWTA/build-aux/missing autoconf'
AUTOHEADER='${SHELL} /home/miner/RWTaler_RWTA/build-aux/missing autoheader'
AUTOMAKE='${SHELL} /home/miner/RWTaler_RWTA/build-aux/missing automake-1.15'
AWK='gawk'
BDB_CFLAGS=''
BDB_CPPFLAGS=''
BDB_LIBS='-ldb_cxx-4.8'
BITCOIN_CLI_NAME='rwtaler-cli'
BITCOIN_DAEMON_NAME='rwtalerd'
BITCOIN_GUI_NAME='rwtaler-qt'
BITCOIN_TX_NAME='rwtaler-tx'
BOOST_CHRONO_LIB='-lboost_chrono'
BOOST_CPPFLAGS='-DBOOST_SP_USE_STD_ATOMIC -DBOOST_AC_USE_STD_ATOMIC -pthread -I/usr/include'
BOOST_FILESYSTEM_LIB='-lboost_filesystem'
BOOST_LDFLAGS='-L/usr/lib/x86_64-linux-gnu'
BOOST_LIBS='-L/usr/lib/x86_64-linux-gnu -lboost_system -lboost_filesystem -lboost_program_options -lboost_thread -lboost_chrono -lboost_random -lboost_chrono'
BOOST_PROGRAM_OPTIONS_LIB='-lboost_program_options'
BOOST_RANDOM_LIB='-lboost_random'
BOOST_SYSTEM_LIB='-lboost_system'
BOOST_THREAD_LIB='-lboost_thread'
BOOST_UNIT_TEST_FRAMEWORK_LIB=''
BREW=''
BUILD_BITCOIND_FALSE='#'
BUILD_BITCOIND_TRUE=''
BUILD_BITCOIN_LIBS_FALSE=''
BUILD_BITCOIN_LIBS_TRUE='#'
BUILD_BITCOIN_UTILS_FALSE='#'
BUILD_BITCOIN_UTILS_TRUE=''
BUILD_DARWIN_FALSE=''
BUILD_DARWIN_TRUE='#'
BUILD_QT=''
BUILD_TEST=''
BUILD_TEST_QT=''
CC='gcc'
CCACHE=''
CCDEPMODE='depmode=gcc3'
CFLAGS='-g -O2'
CLIENT_VERSION_BUILD='0'
CLIENT_VERSION_IS_RELEASE='true'
CLIENT_VERSION_MAJOR='1'
CLIENT_VERSION_MINOR='2'
CLIENT_VERSION_REVISION='0'
COMPARISON_TOOL_REORG_TESTS='0'
COPYRIGHT_HOLDERS='The %s developers'
COPYRIGHT_HOLDERS_FINAL='The RWTalercore developers'
COPYRIGHT_HOLDERS_SUBSTITUTION='RWTalercore'
COPYRIGHT_YEAR='2019'
CPP='gcc -E'
CPPFILT='/usr/bin/c++filt'
CPPFLAGS='-Wno-unknown-pragmas -Wno-deprecated -Wno-deprecated-declarations -Wno-cpp -Wno-implicit-fallthrough  -DBOOST_SPIRIT_THREADSAFE -DHAVE_BUILD_INFO -D__STDC_FORMAT_MACROS -DRWTA_BUILD  -U_FORTIFY_SOURCE -D_FORTIFY_SOURCE=2'
CRYPTOPP_CPPFLAGS=''
CRYPTO_CFLAGS=''
CRYPTO_LIBS='-lcrypto'
CXX='g++ -std=c++11'
CXXCPP='g++ -std=c++11 -E'
CXXDEPMODE='depmode=gcc3'
CXXFLAGS='-Wno-unknown-pragmas -Wno-deprecated-declarations -Wno-cpp -g -O2 -Wall -Wextra -Wformat -Wformat-security -Wno-unused-parameter  -Wstack-protector -fstack-protector-all -fPIC '
CYGPATH_W='echo'
DEFS='-DHAVE_CONFIG_H'
DEPDIR='.deps'
DLLTOOL='false'
DSYMUTIL=''
DUMPBIN=''
ECHO_C=''
ECHO_N='-n'
ECHO_T=''
EGREP='/bin/grep -E'
EMBEDDED_CRYPTOPP_FALSE='#'
EMBEDDED_CRYPTOPP_TRUE=''
EMBEDDED_LEVELDB_FALSE='#'
EMBEDDED_LEVELDB_TRUE=''
EMBEDDED_UNIVALUE_FALSE='#'
EMBEDDED_UNIVALUE_TRUE=''
ENABLE_HWCRC32_FALSE='#'
ENABLE_HWCRC32_TRUE=''
ENABLE_QT_FALSE=''
ENABLE_QT_TESTS_FALSE=''
ENABLE_QT_TESTS_TRUE='#'
ENABLE_QT_TRUE='#'
ENABLE_TESTS_FALSE=''
ENABLE_TESTS_TRUE='#'
ENABLE_UPDATER_FALSE=''
ENABLE_UPDATER_TRUE='#'
ENABLE_WALLET_FALSE='#'
ENABLE_WALLET_TRUE=''
ENABLE_ZMQ_FALSE=''
ENABLE_ZMQ_TRUE='#'
EVENT_CFLAGS=''
EVENT_LIBS='-levent'
EVENT_PTHREADS_CFLAGS='-pthread'
EVENT_PTHREADS_LIBS='-levent_pthreads -levent'
EXEEXT=''
FGREP='/bin/grep -F'
GCOV='/usr/bin/gcov'
GENHTML=''
GENISOIMAGE=''
GIT='/usr/bin/git'
GLIBC_BACK_COMPAT_FALSE=''
GLIBC_BACK_COMPAT_TRUE='#'
GREP='/bin/grep'
HAVE_CXX11='1'
HAVE_QT5_FALSE='#'
HAVE_QT5_TRUE=''
HEXDUMP='/usr/bin/hexdump'
IMAGEMAGICK_CONVERT=''
INSTALLNAMETOOL=''
INSTALL_DATA='${INSTALL} -m 644'
INSTALL_PROGRAM='${INSTALL}'
INSTALL_SCRIPT='${INSTALL}'
INSTALL_STRIP_PROGRAM='$(install_sh) -c -s'
JAVA=''
JAVA_COMPARISON_TOOL=''
LCOV=''
LD='/usr/bin/ld -m elf_x86_64'
LDFLAGS='  -Wl,-z,relro -Wl,-z,now'
LEVELDB_ATOMIC_CPPFLAGS='-DLEVELDB_ATOMIC_PRESENT'
LEVELDB_ATOMIC_CXXFLAGS='-std=c++0x'
LEVELDB_CPPFLAGS=''
LEVELDB_TARGET_FLAGS='-DOS_LINUX'
LIBCRYPTOPP=''
LIBLEVELDB=''
LIBMEMENV=''
LIBOBJS=''
LIBS='-lcrypto '
LIBTOOL='$(SHELL) $(top_builddir)/libtool'
LIBTOOL_APP_LDFLAGS=''
LIPO=''
LN_S='ln -s'
LRELEASE=''
LTLIBOBJS=''
LT_SYS_LIBRARY_PATH=''
LUPDATE=''
MAINT=''
MAINTAINER_MODE_FALSE='#'
MAINTAINER_MODE_TRUE=''
MAKEINFO='${SHELL} /home/miner/RWTaler_RWTA/build-aux/missing makeinfo'
MAKENSIS=''
MANIFEST_TOOL=':'
MINIUPNPC_CPPFLAGS=''
MINIUPNPC_LIBS='-lminiupnpc'
MKDIR_P='/bin/mkdir -p'
MOC=''
MOC_DEFS='-DHAVE_CONFIG_H -I$(srcdir)'
NM='/usr/bin/nm -B'
NMEDIT=''
OBJCOPY='/usr/bin/objcopy'
OBJCXX='g++ -std=c++11'
OBJCXXDEPMODE='depmode=gcc3'
OBJCXXFLAGS='-Wno-unknown-pragmas -Wno-deprecated-declarations -Wno-cpp -g -O2 -Wall -Wextra -Wformat -Wformat-security -Wno-unused-parameter  -Wstack-protector -fstack-protector-all -fPIC'
OBJDUMP='objdump'
OBJEXT='o'
OTOOL64=''
OTOOL=''
PACKAGE='rwtaler'
PACKAGE_BUGREPORT='https://github.com/rwtaler-core/rwtaler/issues'
PACKAGE_NAME='RWTalercore'
PACKAGE_STRING='RWTalercore 1.2.0'
PACKAGE_TARNAME='rwtaler'
PACKAGE_URL='https://spidervps.net/'
PACKAGE_VERSION='1.2.0'
PATH_SEPARATOR=':'
PKG_CONFIG='/usr/bin/pkg-config'
PKG_CONFIG_LIBDIR=''
PKG_CONFIG_PATH=''
PORT=''
PROTOBUF_CFLAGS=''
PROTOBUF_LIBS=''
PROTOC=''
PTHREAD_CC='gcc'
PTHREAD_CFLAGS='-pthread'
PTHREAD_LIBS=''
PYTHON='/usr/bin/python3.5'
PYTHONPATH=''
QR_CFLAGS=''
QR_LIBS=''
QT4_CFLAGS=''
QT4_LIBS=''
QTACCESSIBILITY_CFLAGS=''
QTACCESSIBILITY_LIBS=''
QTCGL_CFLAGS=''
QTCGL_LIBS=''
QTCLIPBOARD_CFLAGS=''
QTCLIPBOARD_LIBS=''
QTDEVICEDISCOVERY_CFLAGS=''
QTDEVICEDISCOVERY_LIBS=''
QTEVENTDISPATCHER_CFLAGS=''
QTEVENTDISPATCHER_LIBS=''
QTFB_CFLAGS=''
QTFB_LIBS=''
QTFONTDATABASE_CFLAGS=''
QTFONTDATABASE_LIBS=''
QTGRAPHICS_CFLAGS=''
QTGRAPHICS_LIBS=''
QTPLATFORM_CFLAGS=''
QTPLATFORM_LIBS=''
QTTHEME_CFLAGS=''
QTTHEME_LIBS=''
QTXCBQPA_CFLAGS=''
QTXCBQPA_LIBS=''
QT_CFLAGS=''
QT_DBUS_CFLAGS=''
QT_DBUS_INCLUDES=''
QT_DBUS_LIBS=''
QT_INCLUDES=''
QT_LDFLAGS=''
QT_LIBS=''
QT_PIE_FLAGS=''
QT_SELECT='qt5'
QT_TEST_CFLAGS=''
QT_TEST_INCLUDES=''
QT_TEST_LIBS=''
QT_TRANSLATION_DIR=''
RANLIB='/usr/bin/ranlib'
RCC=''
READELF='/usr/bin/readelf'
RELDFLAGS='-Wl,--exclude-libs,ALL'
RSVG_CONVERT=''
SED='/bin/sed'
SET_MAKE=''
SHELL='/bin/bash'
SSE42_CXXFLAGS='-msse -msse2 -msse4.1 -msse4.2'
SSL_CFLAGS=''
SSL_LIBS='-lssl'
STRIP='/usr/bin/strip'
TARGET_DARWIN_FALSE=''
TARGET_DARWIN_TRUE='#'
TARGET_WINDOWS_FALSE=''
TARGET_WINDOWS_TRUE='#'
TESTDEFS=''
TIFFCP=''
UIC=''
UNIVALUE_CFLAGS='-I$(srcdir)/univalue/include'
UNIVALUE_LIBS='univalue/libunivalue.la'
USE_ASM_FALSE='#'
USE_ASM_TRUE=''
USE_COMPARISON_TOOL_FALSE=''
USE_COMPARISON_TOOL_REORG_TESTS_FALSE='#'
USE_COMPARISON_TOOL_REORG_TESTS_TRUE=''
USE_COMPARISON_TOOL_TRUE='#'
USE_LCOV_FALSE=''
USE_LCOV_TRUE='#'
USE_LIBSECP256K1_FALSE=''
USE_LIBSECP256K1_TRUE='#'
USE_QRCODE=''
USE_QRCODE_FALSE=''
USE_QRCODE_TRUE='#'
USE_UPNP=''
VERSION='1.2.0'
WINDOWS_BITS=''
WINDRES=''
X11XCB_CFLAGS=''
X11XCB_LIBS=''
XGETTEXT=''
ZMQ_CFLAGS=''
ZMQ_LIBS=''
ac_ct_AR='ar'
ac_ct_CC='gcc'
ac_ct_CXX='g++'
ac_ct_DUMPBIN=''
ac_ct_OBJCXX=''
am__EXEEXT_FALSE=''
am__EXEEXT_TRUE='#'
am__fastdepCC_FALSE='#'
am__fastdepCC_TRUE=''
am__fastdepCXX_FALSE='#'
am__fastdepCXX_TRUE=''
am__fastdepOBJCXX_FALSE='#'
am__fastdepOBJCXX_TRUE=''
am__include='include'
am__isrc=''
am__leading_dot='.'
am__nodep='_no'
am__quote=''
am__tar='$${TAR-tar} chof - "$$tardir"'
am__untar='$${TAR-tar} xf -'
ax_pthread_config=''
bindir='${exec_prefix}/bin'
build='x86_64-pc-linux-gnu'
build_alias=''
build_cpu='x86_64'
build_os='linux-gnu'
build_vendor='pc'
datadir='${datarootdir}'
datarootdir='${prefix}/share'
docdir='${datarootdir}/doc/${PACKAGE_TARNAME}'
dvidir='${docdir}'
exec_prefix='${prefix}'
host='x86_64-pc-linux-gnu'
host_alias=''
host_cpu='x86_64'
host_os='linux-gnu'
host_vendor='pc'
htmldir='${docdir}'
includedir='${prefix}/include'
infodir='${datarootdir}/info'
install_sh='${SHELL} /home/miner/RWTaler_RWTA/build-aux/install-sh'
libdir='${exec_prefix}/lib'
libexecdir='${exec_prefix}/libexec'
localedir='${datarootdir}/locale'
localstatedir='${prefix}/var'
mandir='${datarootdir}/man'
mkdir_p='$(MKDIR_P)'
oldincludedir='/usr/include'
pdfdir='${docdir}'
prefix='/usr/local'
program_transform_name='s,x,x,'
psdir='${docdir}'
runstatedir='${localstatedir}/run'
sbindir='${exec_prefix}/sbin'
sharedstatedir='${prefix}/com'
subdirs=' src/secp256k1'
sysconfdir='${prefix}/etc'
target_alias=''

## ----------- ##
## confdefs.h. ##
## ----------- ##

/* confdefs.h */
#define PACKAGE_NAME "RWTalercore"
#define PACKAGE_TARNAME "rwtaler"
#define PACKAGE_VERSION "1.2.0"
#define PACKAGE_STRING "RWTalercore 1.2.0"
#define PACKAGE_BUGREPORT "https://github.com/rwtaler-core/rwtaler/issues"
#define PACKAGE_URL "https://spidervps.net/"
#define HAVE_CXX11 1
#define STDC_HEADERS 1
#define HAVE_SYS_TYPES_H 1
#define HAVE_SYS_STAT_H 1
#define HAVE_STDLIB_H 1
#define HAVE_STRING_H 1
#define HAVE_MEMORY_H 1
#define HAVE_STRINGS_H 1
#define HAVE_INTTYPES_H 1
#define HAVE_STDINT_H 1
#define HAVE_UNISTD_H 1
#define HAVE_DLFCN_H 1
#define LT_OBJDIR ".libs/"
#define USE_ASM 1
#define HAVE_PTHREAD_PRIO_INHERIT 1
#define HAVE_PTHREAD 1
#define HAVE_DECL_STRERROR_R 1
#define HAVE_STRERROR_R 1
#define STRERROR_R_CHAR_P 1
#define HAVE_FUNC_ATTRIBUTE_VISIBILITY 1
#define HAVE_ENDIAN_H 1
#define HAVE_BYTESWAP_H 1
#define HAVE_STDIO_H 1
#define HAVE_STDLIB_H 1
#define HAVE_UNISTD_H 1
#define HAVE_STRINGS_H 1
#define HAVE_SYS_TYPES_H 1
#define HAVE_SYS_STAT_H 1
#define HAVE_SYS_SELECT_H 1
#define HAVE_SYS_PRCTL_H 1
#define HAVE_DECL_STRNLEN 1
#define HAVE_DECL_DAEMON 1
#define HAVE_DECL_LE16TOH 1
#define HAVE_DECL_LE32TOH 1
#define HAVE_DECL_LE64TOH 1
#define HAVE_DECL_HTOLE16 1
#define HAVE_DECL_HTOLE32 1
#define HAVE_DECL_HTOLE64 1
#define HAVE_DECL_BE16TOH 1
#define HAVE_DECL_BE32TOH 1
#define HAVE_DECL_BE64TOH 1
#define HAVE_DECL_HTOBE16 1
#define HAVE_DECL_HTOBE32 1
#define HAVE_DECL_HTOBE64 1
#define HAVE_DECL_BSWAP_16 1
#define HAVE_DECL_BSWAP_32 1
#define HAVE_DECL_BSWAP_64 1
#define HAVE_MSG_NOSIGNAL 1
#define HAVE_VISIBILITY_ATTRIBUTE 1
#define HAVE_THREAD_LOCAL 1
#define HAVE_MINIUPNPC_MINIWGET_H 1
#define HAVE_MINIUPNPC_MINIUPNPC_H 1
#define HAVE_MINIUPNPC_UPNPCOMMANDS_H 1
#define HAVE_MINIUPNPC_UPNPERRORS_H 1
#define HAVE_BOOST /**/
#define HAVE_BOOST_SYSTEM /**/
#define HAVE_BOOST_FILESYSTEM /**/
#define HAVE_BOOST_PROGRAM_OPTIONS /**/
#define HAVE_BOOST_THREAD /**/
#define HAVE_BOOST_RANDOM /**/
#define HAVE_BOOST_CHRONO /**/
#define HAVE_WORKING_BOOST_SLEEP_FOR 1
#define ENABLE_ZMQ 0
#define HAVE_LIBCRYPTO 1
#define ENABLE_WALLET 1
#define USE_UPNP 0
#define CLIENT_VERSION_MAJOR 1
#define CLIENT_VERSION_MINOR 2
#define CLIENT_VERSION_REVISION 0
#define CLIENT_VERSION_BUILD 0
#define CLIENT_VERSION_IS_RELEASE true
#define COPYRIGHT_YEAR 2019
#define COPYRIGHT_HOLDERS "The %s developers"
#define COPYRIGHT_HOLDERS_SUBSTITUTION "RWTalercore"
#define COPYRIGHT_HOLDERS_FINAL "The RWTalercore developers"

configure: exit 0

## ---------------------- ##
## Running config.status. ##
## ---------------------- ##

This file was extended by RWTalercore config.status 1.2.0, which was
generated by GNU Autoconf 2.69.  Invocation command line was

  CONFIG_FILES    = 
  CONFIG_HEADERS  = 
  CONFIG_LINKS    = 
  CONFIG_COMMANDS = 
  $ ./config.status 

on vmd39776.contaboserver.net

config.status:1418: creating Makefile
config.status:1418: creating src/Makefile
config.status:1418: creating share/setup.nsi
config.status:1418: creating share/qt/Info.plist
config.status:1418: creating src/test/buildenv.py
config.status:1418: creating qa/pull-tester/run-bitcoind-for-test.sh
config.status:1418: creating qa/pull-tester/tests-config.sh
config.status:1418: creating contrib/devtools/split-debug.sh
config.status:1418: creating src/config/rwtaler-config.h
config.status:1599: src/config/rwtaler-config.h is unchanged
config.status:1647: executing depfiles commands
config.status:1647: executing libtool commands
